***  Installation Started 03/20/2013 17:27  ***
Title: FluidSIM 4.2 Pneumatics
Source: C:\Documents and Settings\Owner\My Documents\Downloads\demo001p4.exe
Made Dir: C:\Program Files\Didactic\fsp4_demo.en
Made Dir: C:\Program Files\Didactic\fsp4_demo.en\bin
File Copy: C:\Program Files\Didactic\fsp4_demo.en\bin\UNWISE.EXE
RegDB Key: Software\Microsoft\Windows\CurrentVersion\Uninstall\FluidSIM 4.2n Pneumatics Demo Version
RegDB Val: FluidSIM 4.2n Pneumatics Demo Version
RegDB Name: DisplayName
RegDB Root: 2
RegDB Key: Software\Microsoft\Windows\CurrentVersion\Uninstall\FluidSIM 4.2n Pneumatics Demo Version
RegDB Val: C:\PROGRA~1\Didactic\FSP4_D~1.EN\bin\UNWISE.EXE C:\PROGRA~1\Didactic\FSP4_D~1.EN\bin\INSTALL.LOG
RegDB Name: UninstallString
RegDB Root: 2
File Copy: C:\Program Files\Didactic\fsp4_demo.en\bin\ad_anm.dll
File Copy: C:\Program Files\Didactic\fsp4_demo.en\bin\lang001.bin
File Copy: C:\Program Files\Didactic\fsp4_demo.en\bin\unwise.ini
Made Dir: C:\Program Files\Didactic\fsp4_demo.en\bmp16c
File Copy: C:\Program Files\Didactic\fsp4_demo.en\bmp16c\11e001.bmp
File Copy: C:\Program Files\Didactic\fsp4_demo.en\bmp16c\11e039.bmp
File Copy: C:\Program Files\Didactic\fsp4_demo.en\bmp16c\11EE01A.BMP
File Copy: C:\Program Files\Didactic\fsp4_demo.en\bmp16c\11EE01B.BMP
File Copy: C:\Program Files\Didactic\fsp4_demo.en\bmp16c\11EE01C.BMP
Made Dir: C:\Program Files\Didactic\fsp4_demo.en\ct
File Copy: C:\Program Files\Didactic\fsp4_demo.en\ct\demo_09.ct
File Copy: C:\Program Files\Didactic\fsp4_demo.en\ct\d_23.ct
File Copy: C:\Program Files\Didactic\fsp4_demo.en\ct\Grafcet18.ct
File Copy: C:\Program Files\Didactic\fsp4_demo.en\ct\TP102_07.ct
File Copy: C:\Program Files\Didactic\fsp4_demo.en\ct\TP202_04.ct
File Copy: C:\Program Files\Didactic\fsp4_demo.en\bin\fl_sim_p.chm
Made Dir: C:\Program Files\Didactic\fsp4_demo.en\doc
File Copy: C:\Program Files\Didactic\fsp4_demo.en\doc\fl_sim_p.pdf
Made Dir: C:\Program Files\Didactic\fsp4_demo.en\aq
File Copy: C:\Program Files\Didactic\fsp4_demo.en\aq\acp.kb
File Copy: C:\Program Files\Didactic\fsp4_demo.en\aq\mop.kb
File Copy: C:\Program Files\Didactic\fsp4_demo.en\bin\AdMoSim.dll
File Copy: C:\Program Files\Didactic\fsp4_demo.en\bin\ad_aerc.dll
File Copy: C:\Program Files\Didactic\fsp4_demo.en\bin\ad_dde.dll
File Copy: C:\Program Files\Didactic\fsp4_demo.en\bin\ad_io.dll
File Copy: C:\Program Files\Didactic\fsp4_demo.en\bin\ad_kb.dll
File Copy: C:\Program Files\Didactic\fsp4_demo.en\bin\ad_sym.dll
File Copy: C:\Program Files\Didactic\fsp4_demo.en\bin\fdezopc.dll
File Copy: C:\Program Files\Didactic\fsp4_demo.en\bin\frames.bin
File Copy: C:\Program Files\Didactic\fsp4_demo.en\bin\HELP.ICO
File Copy: C:\Program Files\Didactic\fsp4_demo.en\bin\lang_map.bin
File Copy: C:\Program Files\Didactic\fsp4_demo.en\bin\PIC.BIN
Made Dir: C:\Program Files\Didactic\fsp4_demo.en\misc
File Copy: C:\Program Files\Didactic\fsp4_demo.en\misc\DXFASCII.TXT
File Copy: C:\Program Files\Didactic\fsp4_demo.en\misc\DXFCOLOR.TXT
File Copy: C:\Program Files\Didactic\fsp4_demo.en\misc\DXFLINE.TXT
File Copy: C:\Program Files\Didactic\fsp4_demo.en\misc\FLUIDSIM.CFG
File Copy: C:\Program Files\Didactic\fsp4_demo.en\misc\FLUIDSIM.INI
Made Dir: C:\Program Files\Didactic\fsp4_demo.en\tmp
File Copy: C:\Program Files\Didactic\fsp4_demo.en\aq\ep.kb
Made Dir: C:\Program Files\Didactic\fsp4_demo.en\sym
File Copy: C:\Program Files\Didactic\fsp4_demo.en\sym\Pos.txt
File Copy: C:\Program Files\Didactic\fsp4_demo.en\sym\version.txt
Made Dir: C:\Program Files\Didactic\fsp4_demo.en\sym\dde
File Copy: C:\Program Files\Didactic\fsp4_demo.en\sym\dde\fs_in.ct
File Copy: C:\Program Files\Didactic\fsp4_demo.en\sym\dde\fs_out.ct
File Copy: C:\Program Files\Didactic\fsp4_demo.en\sym\dde\multip.ct
File Copy: C:\Program Files\Didactic\fsp4_demo.en\sym\dde\multi_io.ct
File Copy: C:\Program Files\Didactic\fsp4_demo.en\sym\dde\pos.txt
Made Dir: C:\Program Files\Didactic\fsp4_demo.en\sym\Digital
File Copy: C:\Program Files\Didactic\fsp4_demo.en\sym\Digital\digi001.ct
File Copy: C:\Program Files\Didactic\fsp4_demo.en\sym\Digital\digi0013.ct
File Copy: C:\Program Files\Didactic\fsp4_demo.en\sym\Digital\digi002.ct
File Copy: C:\Program Files\Didactic\fsp4_demo.en\sym\Digital\digi003.ct
File Copy: C:\Program Files\Didactic\fsp4_demo.en\sym\Digital\digi004.ct
File Copy: C:\Program Files\Didactic\fsp4_demo.en\sym\Digital\digi005.ct
File Copy: C:\Program Files\Didactic\fsp4_demo.en\sym\Digital\digi006.ct
File Copy: C:\Program Files\Didactic\fsp4_demo.en\sym\Digital\digi007.ct
File Copy: C:\Program Files\Didactic\fsp4_demo.en\sym\Digital\digi008.ct
File Copy: C:\Program Files\Didactic\fsp4_demo.en\sym\Digital\digi009.ct
File Copy: C:\Program Files\Didactic\fsp4_demo.en\sym\Digital\digi010.ct
File Copy: C:\Program Files\Didactic\fsp4_demo.en\sym\Digital\digi011.ct
File Copy: C:\Program Files\Didactic\fsp4_demo.en\sym\Digital\digi012.ct
File Copy: C:\Program Files\Didactic\fsp4_demo.en\sym\Digital\digi014.ct
File Copy: C:\Program Files\Didactic\fsp4_demo.en\sym\Digital\digi015.ct
File Copy: C:\Program Files\Didactic\fsp4_demo.en\sym\Digital\digi016.ct
File Copy: C:\Program Files\Didactic\fsp4_demo.en\sym\Digital\digi018.ct
File Copy: C:\Program Files\Didactic\fsp4_demo.en\sym\Digital\digi019.ct
File Copy: C:\Program Files\Didactic\fsp4_demo.en\sym\Digital\digi020.ct
File Copy: C:\Program Files\Didactic\fsp4_demo.en\sym\Digital\digi021.ct
File Copy: C:\Program Files\Didactic\fsp4_demo.en\sym\Digital\digi022.ct
File Copy: C:\Program Files\Didactic\fsp4_demo.en\sym\Digital\digi023.ct
File Copy: C:\Program Files\Didactic\fsp4_demo.en\sym\Digital\digi025.ct
File Copy: C:\Program Files\Didactic\fsp4_demo.en\sym\Digital\digi24.ct
File Copy: C:\Program Files\Didactic\fsp4_demo.en\sym\Digital\digi25.ct
File Copy: C:\Program Files\Didactic\fsp4_demo.en\sym\Digital\d_mod.ct
File Copy: C:\Program Files\Didactic\fsp4_demo.en\sym\Digital\d_mod2.ct
File Copy: C:\Program Files\Didactic\fsp4_demo.en\sym\Digital\pos.txt
File Copy: C:\Program Files\Didactic\fsp4_demo.en\sym\Digital\switch_d.ct
Made Dir: C:\Program Files\Didactic\fsp4_demo.en\sym\electr
File Copy: C:\Program Files\Didactic\fsp4_demo.en\sym\electr\pos.txt
Made Dir: C:\Program Files\Didactic\fsp4_demo.en\sym\electr\actuator
File Copy: C:\Program Files\Didactic\fsp4_demo.en\sym\electr\actuator\lsol.ct
File Copy: C:\Program Files\Didactic\fsp4_demo.en\sym\electr\actuator\mot.ct
File Copy: C:\Program Files\Didactic\fsp4_demo.en\sym\electr\actuator\pos.txt
Made Dir: C:\Program Files\Didactic\fsp4_demo.en\sym\electr\control
File Copy: C:\Program Files\Didactic\fsp4_demo.en\sym\electr\control\compare.ct
File Copy: C:\Program Files\Didactic\fsp4_demo.en\sym\electr\control\control.ct
File Copy: C:\Program Files\Didactic\fsp4_demo.en\sym\electr\control\contrpid.ct
File Copy: C:\Program Files\Didactic\fsp4_demo.en\sym\electr\control\pos.txt
Made Dir: C:\Program Files\Didactic\fsp4_demo.en\sym\electr\ladder
File Copy: C:\Program Files\Didactic\fsp4_demo.en\sym\electr\ladder\l1.ct
File Copy: C:\Program Files\Didactic\fsp4_demo.en\sym\electr\ladder\l10.ct
File Copy: C:\Program Files\Didactic\fsp4_demo.en\sym\electr\ladder\l11.ct
File Copy: C:\Program Files\Didactic\fsp4_demo.en\sym\electr\ladder\l12.ct
File Copy: C:\Program Files\Didactic\fsp4_demo.en\sym\electr\ladder\l13.ct
File Copy: C:\Program Files\Didactic\fsp4_demo.en\sym\electr\ladder\l2.ct
File Copy: C:\Program Files\Didactic\fsp4_demo.en\sym\electr\ladder\l4.ct
File Copy: C:\Program Files\Didactic\fsp4_demo.en\sym\electr\ladder\l5.ct
File Copy: C:\Program Files\Didactic\fsp4_demo.en\sym\electr\ladder\l6.ct
File Copy: C:\Program Files\Didactic\fsp4_demo.en\sym\electr\ladder\l7.ct
File Copy: C:\Program Files\Didactic\fsp4_demo.en\sym\electr\ladder\l8.ct
File Copy: C:\Program Files\Didactic\fsp4_demo.en\sym\electr\ladder\l9.ct
File Copy: C:\Program Files\Didactic\fsp4_demo.en\sym\electr\ladder\pos.txt
Made Dir: C:\Program Files\Didactic\fsp4_demo.en\sym\electr\relay
File Copy: C:\Program Files\Didactic\fsp4_demo.en\sym\electr\relay\cur_lim.ct
File Copy: C:\Program Files\Didactic\fsp4_demo.en\sym\electr\relay\mi1.ct
File Copy: C:\Program Files\Didactic\fsp4_demo.en\sym\electr\relay\pos.txt
File Copy: C:\Program Files\Didactic\fsp4_demo.en\sym\electr\relay\pvalsol.ct
File Copy: C:\Program Files\Didactic\fsp4_demo.en\sym\electr\relay\re1.ct
File Copy: C:\Program Files\Didactic\fsp4_demo.en\sym\electr\relay\re2.ct
File Copy: C:\Program Files\Didactic\fsp4_demo.en\sym\electr\relay\re3.ct
File Copy: C:\Program Files\Didactic\fsp4_demo.en\sym\electr\relay\re4.ct
Made Dir: C:\Program Files\Didactic\fsp4_demo.en\sym\electr\sensor
File Copy: C:\Program Files\Didactic\fsp4_demo.en\sym\electr\sensor\amtr.ct
File Copy: C:\Program Files\Didactic\fsp4_demo.en\sym\electr\sensor\dispenc.ct
File Copy: C:\Program Files\Didactic\fsp4_demo.en\sym\electr\sensor\easensp.ct
File Copy: C:\Program Files\Didactic\fsp4_demo.en\sym\electr\sensor\easensq.ct
File Copy: C:\Program Files\Didactic\fsp4_demo.en\sym\electr\sensor\eprsw.ct
File Copy: C:\Program Files\Didactic\fsp4_demo.en\sym\electr\sensor\pe1.ct
File Copy: C:\Program Files\Didactic\fsp4_demo.en\sym\electr\sensor\pos.txt
File Copy: C:\Program Files\Didactic\fsp4_demo.en\sym\electr\sensor\si1.ct
File Copy: C:\Program Files\Didactic\fsp4_demo.en\sym\electr\sensor\si2.ct
File Copy: C:\Program Files\Didactic\fsp4_demo.en\sym\electr\sensor\vmtr.ct
Made Dir: C:\Program Files\Didactic\fsp4_demo.en\sym\electr\supply
File Copy: C:\Program Files\Didactic\fsp4_demo.en\sym\electr\supply\es1.ct
File Copy: C:\Program Files\Didactic\fsp4_demo.en\sym\electr\supply\es2.ct
File Copy: C:\Program Files\Didactic\fsp4_demo.en\sym\electr\supply\generat.ct
File Copy: C:\Program Files\Didactic\fsp4_demo.en\sym\electr\supply\pos.txt
File Copy: C:\Program Files\Didactic\fsp4_demo.en\sym\electr\supply\spc.ct
Made Dir: C:\Program Files\Didactic\fsp4_demo.en\sym\electr\switch
File Copy: C:\Program Files\Didactic\fsp4_demo.en\sym\electr\switch\pos.txt
Made Dir: C:\Program Files\Didactic\fsp4_demo.en\sym\electr\switch\General
File Copy: C:\Program Files\Didactic\fsp4_demo.en\sym\electr\switch\General\gs1.ct
File Copy: C:\Program Files\Didactic\fsp4_demo.en\sym\electr\switch\General\gs2.ct
File Copy: C:\Program Files\Didactic\fsp4_demo.en\sym\electr\switch\General\gs3.ct
File Copy: C:\Program Files\Didactic\fsp4_demo.en\sym\electr\switch\General\pos.txt
Made Dir: C:\Program Files\Didactic\fsp4_demo.en\sym\electr\switch\Manually
File Copy: C:\Program Files\Didactic\fsp4_demo.en\sym\electr\switch\Manually\ms1.ct
File Copy: C:\Program Files\Didactic\fsp4_demo.en\sym\electr\switch\Manually\ms2.ct
File Copy: C:\Program Files\Didactic\fsp4_demo.en\sym\electr\switch\Manually\ms3.ct
File Copy: C:\Program Files\Didactic\fsp4_demo.en\sym\electr\switch\Manually\ms4.ct
File Copy: C:\Program Files\Didactic\fsp4_demo.en\sym\electr\switch\Manually\ms5.ct
File Copy: C:\Program Files\Didactic\fsp4_demo.en\sym\electr\switch\Manually\ms6.ct
File Copy: C:\Program Files\Didactic\fsp4_demo.en\sym\electr\switch\Manually\pos.txt
Made Dir: C:\Program Files\Didactic\fsp4_demo.en\sym\electr\switch\Proximit
File Copy: C:\Program Files\Didactic\fsp4_demo.en\sym\electr\switch\Proximit\pos.txt
File Copy: C:\Program Files\Didactic\fsp4_demo.en\sym\electr\switch\Proximit\px1.ct
File Copy: C:\Program Files\Didactic\fsp4_demo.en\sym\electr\switch\Proximit\px2.ct
File Copy: C:\Program Files\Didactic\fsp4_demo.en\sym\electr\switch\Proximit\px3.ct
File Copy: C:\Program Files\Didactic\fsp4_demo.en\sym\electr\switch\Proximit\px4.ct
Made Dir: C:\Program Files\Didactic\fsp4_demo.en\sym\grafcet
File Copy: C:\Program Files\Didactic\fsp4_demo.en\sym\grafcet\action.ct
File Copy: C:\Program Files\Didactic\fsp4_demo.en\sym\grafcet\grfctio.ct
File Copy: C:\Program Files\Didactic\fsp4_demo.en\sym\grafcet\pos.txt
File Copy: C:\Program Files\Didactic\fsp4_demo.en\sym\grafcet\step.ct
File Copy: C:\Program Files\Didactic\fsp4_demo.en\sym\grafcet\sub.ct
File Copy: C:\Program Files\Didactic\fsp4_demo.en\sym\grafcet\sync.ct
File Copy: C:\Program Files\Didactic\fsp4_demo.en\sym\grafcet\trans.ct
Made Dir: C:\Program Files\Didactic\fsp4_demo.en\sym\misc
File Copy: C:\Program Files\Didactic\fsp4_demo.en\sym\misc\bitmap.ct
File Copy: C:\Program Files\Didactic\fsp4_demo.en\sym\misc\Diag.ct
File Copy: C:\Program Files\Didactic\fsp4_demo.en\sym\misc\mi3.ct
File Copy: C:\Program Files\Didactic\fsp4_demo.en\sym\misc\mi4.ct
File Copy: C:\Program Files\Didactic\fsp4_demo.en\sym\misc\partlist.ct
File Copy: C:\Program Files\Didactic\fsp4_demo.en\sym\misc\Pos.txt
File Copy: C:\Program Files\Didactic\fsp4_demo.en\sym\misc\sym000.ct
File Copy: C:\Program Files\Didactic\fsp4_demo.en\sym\misc\sym001.ct
File Copy: C:\Program Files\Didactic\fsp4_demo.en\sym\misc\sym002.ct
File Copy: C:\Program Files\Didactic\fsp4_demo.en\sym\misc\sym003.ct
File Copy: C:\Program Files\Didactic\fsp4_demo.en\sym\misc\termdg.ct
Made Dir: C:\Program Files\Didactic\fsp4_demo.en\sym\pneu
File Copy: C:\Program Files\Didactic\fsp4_demo.en\sym\pneu\pos.txt
Made Dir: C:\Program Files\Didactic\fsp4_demo.en\sym\pneu\actuator
File Copy: C:\Program Files\Didactic\fsp4_demo.en\sym\pneu\actuator\a001.ct
File Copy: C:\Program Files\Didactic\fsp4_demo.en\sym\pneu\actuator\a002.ct
File Copy: C:\Program Files\Didactic\fsp4_demo.en\sym\pneu\actuator\a003.ct
File Copy: C:\Program Files\Didactic\fsp4_demo.en\sym\pneu\actuator\a004.ct
File Copy: C:\Program Files\Didactic\fsp4_demo.en\sym\pneu\actuator\a005.ct
File Copy: C:\Program Files\Didactic\fsp4_demo.en\sym\pneu\actuator\a4.ct
File Copy: C:\Program Files\Didactic\fsp4_demo.en\sym\pneu\actuator\a5.ct
File Copy: C:\Program Files\Didactic\fsp4_demo.en\sym\pneu\actuator\a6.ct
File Copy: C:\Program Files\Didactic\fsp4_demo.en\sym\pneu\actuator\a7.ct
File Copy: C:\Program Files\Didactic\fsp4_demo.en\sym\pneu\actuator\a8.ct
File Copy: C:\Program Files\Didactic\fsp4_demo.en\sym\pneu\actuator\mi2.ct
File Copy: C:\Program Files\Didactic\fsp4_demo.en\sym\pneu\actuator\pos.txt
Made Dir: C:\Program Files\Didactic\fsp4_demo.en\sym\pneu\actuator\fuact
File Copy: C:\Program Files\Didactic\fsp4_demo.en\sym\pneu\actuator\fuact\a1.ct
File Copy: C:\Program Files\Didactic\fsp4_demo.en\sym\pneu\actuator\fuact\a10.ct
File Copy: C:\Program Files\Didactic\fsp4_demo.en\sym\pneu\actuator\fuact\a11.ct
File Copy: C:\Program Files\Didactic\fsp4_demo.en\sym\pneu\actuator\fuact\a12.ct
File Copy: C:\Program Files\Didactic\fsp4_demo.en\sym\pneu\actuator\fuact\a13.ct
File Copy: C:\Program Files\Didactic\fsp4_demo.en\sym\pneu\actuator\fuact\a14.ct
File Copy: C:\Program Files\Didactic\fsp4_demo.en\sym\pneu\actuator\fuact\a2.ct
File Copy: C:\Program Files\Didactic\fsp4_demo.en\sym\pneu\actuator\fuact\a3.ct
File Copy: C:\Program Files\Didactic\fsp4_demo.en\sym\pneu\actuator\fuact\a9.ct
File Copy: C:\Program Files\Didactic\fsp4_demo.en\sym\pneu\actuator\fuact\pos.txt
Made Dir: C:\Program Files\Didactic\fsp4_demo.en\sym\pneu\sensor
File Copy: C:\Program Files\Didactic\fsp4_demo.en\sym\pneu\sensor\mea.ct
File Copy: C:\Program Files\Didactic\fsp4_demo.en\sym\pneu\sensor\mea1b.ct
File Copy: C:\Program Files\Didactic\fsp4_demo.en\sym\pneu\sensor\mea3.ct
File Copy: C:\Program Files\Didactic\fsp4_demo.en\sym\pneu\sensor\mea3b.ct
File Copy: C:\Program Files\Didactic\fsp4_demo.en\sym\pneu\sensor\pasens.ct
File Copy: C:\Program Files\Didactic\fsp4_demo.en\sym\pneu\sensor\pmea4.ct
File Copy: C:\Program Files\Didactic\fsp4_demo.en\sym\pneu\sensor\pmea5.ct
File Copy: C:\Program Files\Didactic\fsp4_demo.en\sym\pneu\sensor\pos.txt
File Copy: C:\Program Files\Didactic\fsp4_demo.en\sym\pneu\sensor\ps1.ct
File Copy: C:\Program Files\Didactic\fsp4_demo.en\sym\pneu\sensor\ps2.ct
File Copy: C:\Program Files\Didactic\fsp4_demo.en\sym\pneu\sensor\sf6.ct
Made Dir: C:\Program Files\Didactic\fsp4_demo.en\sym\pneu\supply
File Copy: C:\Program Files\Didactic\fsp4_demo.en\sym\pneu\supply\pacc1.ct
File Copy: C:\Program Files\Didactic\fsp4_demo.en\sym\pneu\supply\pacc2.ct
File Copy: C:\Program Files\Didactic\fsp4_demo.en\sym\pneu\supply\pos.txt
File Copy: C:\Program Files\Didactic\fsp4_demo.en\sym\pneu\supply\psup1.ct
File Copy: C:\Program Files\Didactic\fsp4_demo.en\sym\pneu\supply\psup10.ct
File Copy: C:\Program Files\Didactic\fsp4_demo.en\sym\pneu\supply\psup2.ct
File Copy: C:\Program Files\Didactic\fsp4_demo.en\sym\pneu\supply\psup3.ct
File Copy: C:\Program Files\Didactic\fsp4_demo.en\sym\pneu\supply\psup4.ct
File Copy: C:\Program Files\Didactic\fsp4_demo.en\sym\pneu\supply\psup5.ct
File Copy: C:\Program Files\Didactic\fsp4_demo.en\sym\pneu\supply\psup6.ct
File Copy: C:\Program Files\Didactic\fsp4_demo.en\sym\pneu\supply\psup7.ct
File Copy: C:\Program Files\Didactic\fsp4_demo.en\sym\pneu\supply\psup8.ct
File Copy: C:\Program Files\Didactic\fsp4_demo.en\sym\pneu\supply\psup9.ct
File Copy: C:\Program Files\Didactic\fsp4_demo.en\sym\pneu\supply\s1.ct
File Copy: C:\Program Files\Didactic\fsp4_demo.en\sym\pneu\supply\s2.ct
File Copy: C:\Program Files\Didactic\fsp4_demo.en\sym\pneu\supply\s3.ct
Made Dir: C:\Program Files\Didactic\fsp4_demo.en\sym\pneu\valve
File Copy: C:\Program Files\Didactic\fsp4_demo.en\sym\pneu\valve\pos.txt
Made Dir: C:\Program Files\Didactic\fsp4_demo.en\sym\pneu\valve\cvalve
File Copy: C:\Program Files\Didactic\fsp4_demo.en\sym\pneu\valve\cvalve\cv2.ct
File Copy: C:\Program Files\Didactic\fsp4_demo.en\sym\pneu\valve\cvalve\cv3.ct
File Copy: C:\Program Files\Didactic\fsp4_demo.en\sym\pneu\valve\cvalve\cv4.ct
File Copy: C:\Program Files\Didactic\fsp4_demo.en\sym\pneu\valve\cvalve\cv5.ct
File Copy: C:\Program Files\Didactic\fsp4_demo.en\sym\pneu\valve\cvalve\cv6.ct
File Copy: C:\Program Files\Didactic\fsp4_demo.en\sym\pneu\valve\cvalve\cv8.ct
File Copy: C:\Program Files\Didactic\fsp4_demo.en\sym\pneu\valve\cvalve\pos.txt
Made Dir: C:\Program Files\Didactic\fsp4_demo.en\sym\pneu\valve\fuvalve
File Copy: C:\Program Files\Didactic\fsp4_demo.en\sym\pneu\valve\fuvalve\pos.txt
Made Dir: C:\Program Files\Didactic\fsp4_demo.en\sym\pneu\valve\fuvalve\evalve
File Copy: C:\Program Files\Didactic\fsp4_demo.en\sym\pneu\valve\fuvalve\evalve\el1.ct
File Copy: C:\Program Files\Didactic\fsp4_demo.en\sym\pneu\valve\fuvalve\evalve\el2.ct
File Copy: C:\Program Files\Didactic\fsp4_demo.en\sym\pneu\valve\fuvalve\evalve\el3.ct
File Copy: C:\Program Files\Didactic\fsp4_demo.en\sym\pneu\valve\fuvalve\evalve\el4.ct
File Copy: C:\Program Files\Didactic\fsp4_demo.en\sym\pneu\valve\fuvalve\evalve\el5.ct
File Copy: C:\Program Files\Didactic\fsp4_demo.en\sym\pneu\valve\fuvalve\evalve\el6.ct
File Copy: C:\Program Files\Didactic\fsp4_demo.en\sym\pneu\valve\fuvalve\evalve\el7.ct
File Copy: C:\Program Files\Didactic\fsp4_demo.en\sym\pneu\valve\fuvalve\evalve\mi1.ct
File Copy: C:\Program Files\Didactic\fsp4_demo.en\sym\pneu\valve\fuvalve\evalve\pos.txt
Made Dir: C:\Program Files\Didactic\fsp4_demo.en\sym\pneu\valve\fuvalve\mvalve
File Copy: C:\Program Files\Didactic\fsp4_demo.en\sym\pneu\valve\fuvalve\mvalve\me1.ct
File Copy: C:\Program Files\Didactic\fsp4_demo.en\sym\pneu\valve\fuvalve\mvalve\me2.ct
File Copy: C:\Program Files\Didactic\fsp4_demo.en\sym\pneu\valve\fuvalve\mvalve\me3.ct
File Copy: C:\Program Files\Didactic\fsp4_demo.en\sym\pneu\valve\fuvalve\mvalve\me4.ct
File Copy: C:\Program Files\Didactic\fsp4_demo.en\sym\pneu\valve\fuvalve\mvalve\me5.ct
File Copy: C:\Program Files\Didactic\fsp4_demo.en\sym\pneu\valve\fuvalve\mvalve\me6.ct
File Copy: C:\Program Files\Didactic\fsp4_demo.en\sym\pneu\valve\fuvalve\mvalve\me7.ct
File Copy: C:\Program Files\Didactic\fsp4_demo.en\sym\pneu\valve\fuvalve\mvalve\me8.ct
File Copy: C:\Program Files\Didactic\fsp4_demo.en\sym\pneu\valve\fuvalve\mvalve\pos.txt
File Copy: C:\Program Files\Didactic\fsp4_demo.en\sym\pneu\valve\fuvalve\mvalve\pvwm7.ct
Made Dir: C:\Program Files\Didactic\fsp4_demo.en\sym\pneu\valve\fuvalve\pvalve
File Copy: C:\Program Files\Didactic\fsp4_demo.en\sym\pneu\valve\fuvalve\pvalve\pn1.ct
File Copy: C:\Program Files\Didactic\fsp4_demo.en\sym\pneu\valve\fuvalve\pvalve\pn2.ct
File Copy: C:\Program Files\Didactic\fsp4_demo.en\sym\pneu\valve\fuvalve\pvalve\pn3.ct
File Copy: C:\Program Files\Didactic\fsp4_demo.en\sym\pneu\valve\fuvalve\pvalve\pn4.ct
File Copy: C:\Program Files\Didactic\fsp4_demo.en\sym\pneu\valve\fuvalve\pvalve\pn5.ct
File Copy: C:\Program Files\Didactic\fsp4_demo.en\sym\pneu\valve\fuvalve\pvalve\pneu_gv.ct
File Copy: C:\Program Files\Didactic\fsp4_demo.en\sym\pneu\valve\fuvalve\pvalve\pos.txt
Made Dir: C:\Program Files\Didactic\fsp4_demo.en\sym\pneu\valve\pcvalve
File Copy: C:\Program Files\Didactic\fsp4_demo.en\sym\pneu\valve\pcvalve\pco.ct
File Copy: C:\Program Files\Didactic\fsp4_demo.en\sym\pneu\valve\pcvalve\pos.txt
File Copy: C:\Program Files\Didactic\fsp4_demo.en\sym\pneu\valve\pcvalve\ppc.ct
File Copy: C:\Program Files\Didactic\fsp4_demo.en\sym\pneu\valve\pcvalve\ppc2.ct
File Copy: C:\Program Files\Didactic\fsp4_demo.en\sym\pneu\valve\pcvalve\ppo2.ct
File Copy: C:\Program Files\Didactic\fsp4_demo.en\sym\pneu\valve\pcvalve\prv1.ct
File Copy: C:\Program Files\Didactic\fsp4_demo.en\sym\pneu\valve\pcvalve\prv2.ct
File Copy: C:\Program Files\Didactic\fsp4_demo.en\sym\pneu\valve\pcvalve\psf8.ct
File Copy: C:\Program Files\Didactic\fsp4_demo.en\sym\pneu\valve\pcvalve\psf8b.ct
File Copy: C:\Program Files\Didactic\fsp4_demo.en\sym\pneu\valve\pcvalve\sf8.ct
Made Dir: C:\Program Files\Didactic\fsp4_demo.en\sym\pneu\valve\provalve
File Copy: C:\Program Files\Didactic\fsp4_demo.en\sym\pneu\valve\provalve\pos.txt
File Copy: C:\Program Files\Didactic\fsp4_demo.en\sym\pneu\valve\provalve\prop1.ct
File Copy: C:\Program Files\Didactic\fsp4_demo.en\sym\pneu\valve\provalve\pvalsol.ct
Made Dir: C:\Program Files\Didactic\fsp4_demo.en\sym\pneu\valve\sfcvalve
File Copy: C:\Program Files\Didactic\fsp4_demo.en\sym\pneu\valve\sfcvalve\pof1.ct
File Copy: C:\Program Files\Didactic\fsp4_demo.en\sym\pneu\valve\sfcvalve\pof2.ct
File Copy: C:\Program Files\Didactic\fsp4_demo.en\sym\pneu\valve\sfcvalve\pos.txt
File Copy: C:\Program Files\Didactic\fsp4_demo.en\sym\pneu\valve\sfcvalve\pth1.ct
File Copy: C:\Program Files\Didactic\fsp4_demo.en\sym\pneu\valve\sfcvalve\sf1.ct
File Copy: C:\Program Files\Didactic\fsp4_demo.en\sym\pneu\valve\sfcvalve\sf2.ct
File Copy: C:\Program Files\Didactic\fsp4_demo.en\sym\pneu\valve\sfcvalve\sf2a.ct
File Copy: C:\Program Files\Didactic\fsp4_demo.en\sym\pneu\valve\sfcvalve\sf2b.ct
File Copy: C:\Program Files\Didactic\fsp4_demo.en\sym\pneu\valve\sfcvalve\sf3.ct
File Copy: C:\Program Files\Didactic\fsp4_demo.en\sym\pneu\valve\sfcvalve\sf4.ct
File Copy: C:\Program Files\Didactic\fsp4_demo.en\sym\pneu\valve\sfcvalve\sf5a.ct
File Copy: C:\Program Files\Didactic\fsp4_demo.en\sym\pneu\valve\sfcvalve\sf5b.ct
File Copy: C:\Program Files\Didactic\fsp4_demo.en\sym\pneu\valve\sfcvalve\sf5c.ct
File Copy: C:\Program Files\Didactic\fsp4_demo.en\sym\pneu\valve\sfcvalve\sf5d.ct
File Copy: C:\Program Files\Didactic\fsp4_demo.en\sym\pneu\valve\sfcvalve\sf7.ct
File Copy: C:\Program Files\Didactic\fsp4_demo.en\sym\pneu\valve\sfcvalve\sf9.ct
File Copy: C:\Program Files\Didactic\fsp4_demo.en\sym\pneu\valve\sfcvalve\t1p.ct
File Copy: C:\Program Files\Didactic\fsp4_demo.en\sym\pneu\valve\sfcvalve\t2p.ct
Made Dir: C:\Program Files\Didactic\fsp4_demo.en\sym\pneu\vgroup
File Copy: C:\Program Files\Didactic\fsp4_demo.en\sym\pneu\vgroup\pg1.ct
File Copy: C:\Program Files\Didactic\fsp4_demo.en\sym\pneu\vgroup\pg2.ct
File Copy: C:\Program Files\Didactic\fsp4_demo.en\sym\pneu\vgroup\pg3.ct
File Copy: C:\Program Files\Didactic\fsp4_demo.en\sym\pneu\vgroup\pg4.ct
File Copy: C:\Program Files\Didactic\fsp4_demo.en\sym\pneu\vgroup\pg5.ct
File Copy: C:\Program Files\Didactic\fsp4_demo.en\sym\pneu\vgroup\pg6.ct
File Copy: C:\Program Files\Didactic\fsp4_demo.en\sym\pneu\vgroup\pos.txt
File Copy: C:\Program Files\Didactic\fsp4_demo.en\sym\pneu\vgroup\quickstp.ct
File Copy: C:\Program Files\Didactic\fsp4_demo.en\sym\pneu\vgroup\twohand.ct
File Copy: C:\Program Files\Didactic\fsp4_demo.en\misc\FluidSIM.opt
Made Dir: C:\Program Files\Didactic\fsp4_demo.en\snd
File Copy: C:\Program Files\Didactic\fsp4_demo.en\snd\CYLINDER.WAV
File Copy: C:\Program Files\Didactic\fsp4_demo.en\snd\HORN.WAV
File Copy: C:\Program Files\Didactic\fsp4_demo.en\snd\SWITCH.WAV
File Copy: C:\Program Files\Didactic\fsp4_demo.en\snd\VALVE.WAV
File Copy: C:\Program Files\Didactic\fsp4_demo.en\bin\ad_cmn.dll
File Overwrite: C:\Program Files\Didactic\fsp4_demo.en\aq\ep.kb
File Copy: C:\Program Files\Didactic\fsp4_demo.en\bin\Fsp_demo.exe
File Copy: C:\Program Files\Didactic\fsp4_demo.en\bin\Fsp_demo.exe.manifest
Made Dir: C:\Program Files\Didactic\fsp4_demo.en\bmp16
File Copy: C:\Program Files\Didactic\fsp4_demo.en\bmp16\152887.BMP
Made Dir: C:\Program Files\Didactic\fsp4_demo.en\bmp4
File Copy: C:\Program Files\Didactic\fsp4_demo.en\bmp4\152887.BMP
File Copy: C:\Program Files\Didactic\fsp4_demo.en\ct\A_6_11.CT
File Copy: C:\Program Files\Didactic\fsp4_demo.en\ct\demo_01.ct
File Overwrite: C:\Program Files\Didactic\fsp4_demo.en\ct\demo_09.ct
File Copy: C:\Program Files\Didactic\fsp4_demo.en\ct\dida_109.ct
File Overwrite: C:\Program Files\Didactic\fsp4_demo.en\ct\d_23.ct
File Overwrite: C:\Program Files\Didactic\fsp4_demo.en\ct\Grafcet18.ct
File Copy: C:\Program Files\Didactic\fsp4_demo.en\ct\pos.txt
File Copy: C:\Program Files\Didactic\fsp4_demo.en\ct\TP101_17.ct
File Overwrite: C:\Program Files\Didactic\fsp4_demo.en\ct\TP102_07.ct
File Copy: C:\Program Files\Didactic\fsp4_demo.en\ct\TP111_05.ct
File Copy: C:\Program Files\Didactic\fsp4_demo.en\ct\tp111_21.ct
File Copy: C:\Program Files\Didactic\fsp4_demo.en\ct\TP201_09.ct
File Copy: C:\Program Files\Didactic\fsp4_demo.en\ct\TP201_09l.ct
File Overwrite: C:\Program Files\Didactic\fsp4_demo.en\ct\TP202_04.ct
File Copy: C:\Program Files\Didactic\fsp4_demo.en\ct\TP202_04l.ct
File Copy: C:\Program Files\Didactic\fsp4_demo.en\misc\file.ind
File Copy: C:\Program Files\Didactic\fsp4_demo.en\misc\menu.ind
File Overwrite: C:\Program Files\Didactic\fsp4_demo.en\sym\Digital\d_mod.ct
File Overwrite: C:\Program Files\Didactic\fsp4_demo.en\sym\Digital\d_mod2.ct
File Overwrite: C:\Program Files\Didactic\fsp4_demo.en\sym\pneu\vgroup\quickstp.ct
File Overwrite: C:\Program Files\Didactic\fsp4_demo.en\sym\pneu\vgroup\twohand.ct
File Copy: C:\Program Files\Didactic\fsp4_demo.en\bin\ad_dsd.dll
Shell Link: C:\Documents and Settings\All Users\Start Menu\Programs\Festo Didactic\FluidSIM Pneumatics V 4.2 Demo Version English.lnk
Shell Link: C:\Documents and Settings\All Users\Start Menu\Programs\Festo Didactic\Deinstallation\Remove FluidSIM Pneumatics Demo Version.lnk
Shell Link: C:\Documents and Settings\All Users\Start Menu\Programs\Festo Didactic\FluidSIM Pneumatics Help.lnk
Shell Link: C:\Documents and Settings\All Users\Start Menu\Programs\Festo Didactic\FluidSIM Pneumatics User's Guide PDF Format.lnk
User Rights: Admin
***  Installation Started 03/20/2013 17:31  ***
Title: FluidSIM 4 Pneumatik
Source: C:\Documents and Settings\Owner\My Documents\Downloads\Festo Fluidsim Hydraulik Pneumatik 4.2\p42p_049.exe
Made Dir: C:\Program Files\Didactic\fl_sim_p4.en\Ct_bak
File Overwrite: C:\Program Files\Didactic\fl_sim_p4.en\ct\demo_01.ct
File Copy: C:\Program Files\Didactic\fl_sim_p4.en\ct\demo_02.ct
File Copy: C:\Program Files\Didactic\fl_sim_p4.en\ct\demo_03.ct
File Copy: C:\Program Files\Didactic\fl_sim_p4.en\ct\demo_04.ct
File Copy: C:\Program Files\Didactic\fl_sim_p4.en\ct\demo_05.ct
File Copy: C:\Program Files\Didactic\fl_sim_p4.en\ct\demo_06.ct
File Copy: C:\Program Files\Didactic\fl_sim_p4.en\ct\demo_07.ct
File Copy: C:\Program Files\Didactic\fl_sim_p4.en\ct\demo_08.ct
File Overwrite: C:\Program Files\Didactic\fl_sim_p4.en\ct\pos.txt
Made Dir: C:\Program Files\Didactic\fl_sim_p4.en\ct\digital
File Copy: C:\Program Files\Didactic\fl_sim_p4.en\ct\digital\easyport.ct
File Copy: C:\Program Files\Didactic\fl_sim_p4.en\ct\digital\logic-module.ct
File Copy: C:\Program Files\Didactic\fl_sim_p4.en\ct\digital\pos.txt
Made Dir: C:\Program Files\Didactic\fl_sim_p4.en\ct\Grafcet
File Copy: C:\Program Files\Didactic\fl_sim_p4.en\ct\Grafcet\grafcet-norm-p31.ct
File Copy: C:\Program Files\Didactic\fl_sim_p4.en\ct\Grafcet\grafcet-norm-p32.ct
File Copy: C:\Program Files\Didactic\fl_sim_p4.en\ct\Grafcet\grafcet-norm-p33a.ct
File Copy: C:\Program Files\Didactic\fl_sim_p4.en\ct\Grafcet\grafcet-norm-p33b.ct
File Copy: C:\Program Files\Didactic\fl_sim_p4.en\ct\Grafcet\Grafcet01.ct
File Copy: C:\Program Files\Didactic\fl_sim_p4.en\ct\Grafcet\Grafcet02.ct
File Copy: C:\Program Files\Didactic\fl_sim_p4.en\ct\Grafcet\Grafcet03.ct
File Copy: C:\Program Files\Didactic\fl_sim_p4.en\ct\Grafcet\Grafcet04.ct
File Copy: C:\Program Files\Didactic\fl_sim_p4.en\ct\Grafcet\Grafcet05.ct
File Copy: C:\Program Files\Didactic\fl_sim_p4.en\ct\Grafcet\Grafcet06.ct
File Copy: C:\Program Files\Didactic\fl_sim_p4.en\ct\Grafcet\Grafcet07.ct
File Copy: C:\Program Files\Didactic\fl_sim_p4.en\ct\Grafcet\Grafcet08.ct
File Copy: C:\Program Files\Didactic\fl_sim_p4.en\ct\Grafcet\Grafcet09.ct
File Copy: C:\Program Files\Didactic\fl_sim_p4.en\ct\Grafcet\Grafcet10.ct
File Copy: C:\Program Files\Didactic\fl_sim_p4.en\ct\Grafcet\Grafcet11.ct
File Copy: C:\Program Files\Didactic\fl_sim_p4.en\ct\Grafcet\Grafcet12.ct
File Copy: C:\Program Files\Didactic\fl_sim_p4.en\ct\Grafcet\Grafcet13.ct
File Copy: C:\Program Files\Didactic\fl_sim_p4.en\ct\Grafcet\Grafcet14.ct
File Copy: C:\Program Files\Didactic\fl_sim_p4.en\ct\Grafcet\Grafcet15.ct
File Copy: C:\Program Files\Didactic\fl_sim_p4.en\ct\Grafcet\Grafcet16.ct
File Copy: C:\Program Files\Didactic\fl_sim_p4.en\ct\Grafcet\Grafcet17.ct
File Copy: C:\Program Files\Didactic\fl_sim_p4.en\ct\Grafcet\pos.txt
File Copy: C:\Program Files\Didactic\fl_sim_p4.en\ct\Grafcet\TP201_09.ct
File Copy: C:\Program Files\Didactic\fl_sim_p4.en\ct\Grafcet\TP201_09gc.ct
File Copy: C:\Program Files\Didactic\fl_sim_p4.en\ct\Grafcet\TP201_09gc2.ct
File Copy: C:\Program Files\Didactic\fl_sim_p4.en\ct\Grafcet\TP201_09gc3.ct
File Copy: C:\Program Files\Didactic\fl_sim_p4.en\ct\Grafcet\TP201_09gc_EP.ct
File Copy: C:\Program Files\Didactic\fl_sim_p4.en\ct\Grafcet\TP201_09l.ct
Made Dir: C:\Program Files\Didactic\fl_sim_p4.en\ct\SHOWS
File Copy: C:\Program Files\Didactic\fl_sim_p4.en\ct\SHOWS\dida_002.ct
File Copy: C:\Program Files\Didactic\fl_sim_p4.en\ct\SHOWS\dida_006.ct
File Copy: C:\Program Files\Didactic\fl_sim_p4.en\ct\SHOWS\dida_056.ct
File Copy: C:\Program Files\Didactic\fl_sim_p4.en\ct\SHOWS\dida_061.ct
File Copy: C:\Program Files\Didactic\fl_sim_p4.en\ct\SHOWS\dida_062.ct
File Copy: C:\Program Files\Didactic\fl_sim_p4.en\ct\SHOWS\dida_065.ct
File Copy: C:\Program Files\Didactic\fl_sim_p4.en\ct\SHOWS\dida_068.ct
File Copy: C:\Program Files\Didactic\fl_sim_p4.en\ct\SHOWS\dida_072.ct
File Copy: C:\Program Files\Didactic\fl_sim_p4.en\ct\SHOWS\dida_077.ct
File Copy: C:\Program Files\Didactic\fl_sim_p4.en\ct\SHOWS\dida_079.ct
File Copy: C:\Program Files\Didactic\fl_sim_p4.en\ct\SHOWS\dida_081.ct
File Copy: C:\Program Files\Didactic\fl_sim_p4.en\ct\SHOWS\dida_085.ct
File Copy: C:\Program Files\Didactic\fl_sim_p4.en\ct\SHOWS\dida_088.ct
File Copy: C:\Program Files\Didactic\fl_sim_p4.en\ct\SHOWS\dida_091.ct
File Copy: C:\Program Files\Didactic\fl_sim_p4.en\ct\SHOWS\dida_096.ct
File Copy: C:\Program Files\Didactic\fl_sim_p4.en\ct\SHOWS\dida_100.ct
File Copy: C:\Program Files\Didactic\fl_sim_p4.en\ct\SHOWS\dida_103.ct
File Copy: C:\Program Files\Didactic\fl_sim_p4.en\ct\SHOWS\dida_106.ct
File Copy: C:\Program Files\Didactic\fl_sim_p4.en\ct\SHOWS\dida_109.ct
File Copy: C:\Program Files\Didactic\fl_sim_p4.en\ct\SHOWS\dida_112.ct
File Copy: C:\Program Files\Didactic\fl_sim_p4.en\ct\SHOWS\dida_114.ct
File Copy: C:\Program Files\Didactic\fl_sim_p4.en\ct\SHOWS\dida_115.ct
File Copy: C:\Program Files\Didactic\fl_sim_p4.en\ct\SHOWS\dida_119.ct
File Copy: C:\Program Files\Didactic\fl_sim_p4.en\ct\SHOWS\dida_120.ct
File Copy: C:\Program Files\Didactic\fl_sim_p4.en\ct\SHOWS\pos.txt
Made Dir: C:\Program Files\Didactic\fl_sim_p4.en\ct\TP101
File Copy: C:\Program Files\Didactic\fl_sim_p4.en\ct\TP101\pos.txt
File Copy: C:\Program Files\Didactic\fl_sim_p4.en\ct\TP101\TP101_01.ct
File Copy: C:\Program Files\Didactic\fl_sim_p4.en\ct\TP101\TP101_02.ct
File Copy: C:\Program Files\Didactic\fl_sim_p4.en\ct\TP101\TP101_03.ct
File Copy: C:\Program Files\Didactic\fl_sim_p4.en\ct\TP101\TP101_04.ct
File Copy: C:\Program Files\Didactic\fl_sim_p4.en\ct\TP101\TP101_05.ct
File Copy: C:\Program Files\Didactic\fl_sim_p4.en\ct\TP101\TP101_06.ct
File Copy: C:\Program Files\Didactic\fl_sim_p4.en\ct\TP101\TP101_07.ct
File Copy: C:\Program Files\Didactic\fl_sim_p4.en\ct\TP101\TP101_08.ct
File Copy: C:\Program Files\Didactic\fl_sim_p4.en\ct\TP101\TP101_09.ct
File Copy: C:\Program Files\Didactic\fl_sim_p4.en\ct\TP101\TP101_10.ct
File Copy: C:\Program Files\Didactic\fl_sim_p4.en\ct\TP101\TP101_11.ct
File Copy: C:\Program Files\Didactic\fl_sim_p4.en\ct\TP101\TP101_12.ct
File Copy: C:\Program Files\Didactic\fl_sim_p4.en\ct\TP101\TP101_13.ct
File Copy: C:\Program Files\Didactic\fl_sim_p4.en\ct\TP101\TP101_14.ct
File Copy: C:\Program Files\Didactic\fl_sim_p4.en\ct\TP101\TP101_15.ct
File Copy: C:\Program Files\Didactic\fl_sim_p4.en\ct\TP101\TP101_16.ct
File Copy: C:\Program Files\Didactic\fl_sim_p4.en\ct\TP101\TP101_17.ct
File Copy: C:\Program Files\Didactic\fl_sim_p4.en\ct\TP101\TP101_18.ct
Made Dir: C:\Program Files\Didactic\fl_sim_p4.en\ct\TP101_2009
File Copy: C:\Program Files\Didactic\fl_sim_p4.en\ct\TP101_2009\pos.txt
File Copy: C:\Program Files\Didactic\fl_sim_p4.en\ct\TP101_2009\TP101_01.ct
File Copy: C:\Program Files\Didactic\fl_sim_p4.en\ct\TP101_2009\TP101_02.ct
File Copy: C:\Program Files\Didactic\fl_sim_p4.en\ct\TP101_2009\TP101_03.ct
File Copy: C:\Program Files\Didactic\fl_sim_p4.en\ct\TP101_2009\TP101_04.ct
File Copy: C:\Program Files\Didactic\fl_sim_p4.en\ct\TP101_2009\TP101_05.ct
File Copy: C:\Program Files\Didactic\fl_sim_p4.en\ct\TP101_2009\TP101_06.ct
File Copy: C:\Program Files\Didactic\fl_sim_p4.en\ct\TP101_2009\TP101_07.ct
File Copy: C:\Program Files\Didactic\fl_sim_p4.en\ct\TP101_2009\TP101_08.ct
File Copy: C:\Program Files\Didactic\fl_sim_p4.en\ct\TP101_2009\TP101_09.ct
File Copy: C:\Program Files\Didactic\fl_sim_p4.en\ct\TP101_2009\TP101_10.ct
File Copy: C:\Program Files\Didactic\fl_sim_p4.en\ct\TP101_2009\TP101_11.ct
File Copy: C:\Program Files\Didactic\fl_sim_p4.en\ct\TP101_2009\TP101_12.ct
File Copy: C:\Program Files\Didactic\fl_sim_p4.en\ct\TP101_2009\TP101_13.ct
File Copy: C:\Program Files\Didactic\fl_sim_p4.en\ct\TP101_2009\TP101_14.ct
File Copy: C:\Program Files\Didactic\fl_sim_p4.en\ct\TP101_2009\TP101_15.ct
File Copy: C:\Program Files\Didactic\fl_sim_p4.en\ct\TP101_2009\TP101_16.ct
File Copy: C:\Program Files\Didactic\fl_sim_p4.en\ct\TP101_2009\TP101_17.ct
File Copy: C:\Program Files\Didactic\fl_sim_p4.en\ct\TP101_2009\TP101_18.ct
File Copy: C:\Program Files\Didactic\fl_sim_p4.en\ct\TP101_2009\TP101_19.ct
Made Dir: C:\Program Files\Didactic\fl_sim_p4.en\ct\TP101_TB
File Copy: C:\Program Files\Didactic\fl_sim_p4.en\ct\TP101_TB\A_1_06.CT
File Copy: C:\Program Files\Didactic\fl_sim_p4.en\ct\TP101_TB\A_4_03.CT
File Copy: C:\Program Files\Didactic\fl_sim_p4.en\ct\TP101_TB\A_4_05.CT
File Copy: C:\Program Files\Didactic\fl_sim_p4.en\ct\TP101_TB\A_5_02.CT
File Copy: C:\Program Files\Didactic\fl_sim_p4.en\ct\TP101_TB\A_5_06.CT
File Copy: C:\Program Files\Didactic\fl_sim_p4.en\ct\TP101_TB\A_5_09.CT
File Copy: C:\Program Files\Didactic\fl_sim_p4.en\ct\TP101_TB\A_5_10.CT
File Copy: C:\Program Files\Didactic\fl_sim_p4.en\ct\TP101_TB\A_5_13.CT
File Copy: C:\Program Files\Didactic\fl_sim_p4.en\ct\TP101_TB\A_5_14.CT
File Copy: C:\Program Files\Didactic\fl_sim_p4.en\ct\TP101_TB\A_5_15.CT
File Copy: C:\Program Files\Didactic\fl_sim_p4.en\ct\TP101_TB\A_5_18.CT
File Copy: C:\Program Files\Didactic\fl_sim_p4.en\ct\TP101_TB\A_5_19.CT
File Copy: C:\Program Files\Didactic\fl_sim_p4.en\ct\TP101_TB\A_5_25.CT
File Copy: C:\Program Files\Didactic\fl_sim_p4.en\ct\TP101_TB\A_5_29.CT
File Copy: C:\Program Files\Didactic\fl_sim_p4.en\ct\TP101_TB\A_6_03.CT
File Copy: C:\Program Files\Didactic\fl_sim_p4.en\ct\TP101_TB\A_6_06.CT
File Copy: C:\Program Files\Didactic\fl_sim_p4.en\ct\TP101_TB\A_6_07.CT
File Copy: C:\Program Files\Didactic\fl_sim_p4.en\ct\TP101_TB\A_6_08.CT
File Copy: C:\Program Files\Didactic\fl_sim_p4.en\ct\TP101_TB\A_6_11.CT
File Copy: C:\Program Files\Didactic\fl_sim_p4.en\ct\TP101_TB\B_4_02.CT
File Copy: C:\Program Files\Didactic\fl_sim_p4.en\ct\TP101_TB\B_4_07.CT
File Copy: C:\Program Files\Didactic\fl_sim_p4.en\ct\TP101_TB\B_4_11.CT
File Copy: C:\Program Files\Didactic\fl_sim_p4.en\ct\TP101_TB\B_4_13.CT
File Copy: C:\Program Files\Didactic\fl_sim_p4.en\ct\TP101_TB\B_4_20.ct
File Copy: C:\Program Files\Didactic\fl_sim_p4.en\ct\TP101_TB\B_4_24.ct
File Copy: C:\Program Files\Didactic\fl_sim_p4.en\ct\TP101_TB\B_4_26.ct
File Copy: C:\Program Files\Didactic\fl_sim_p4.en\ct\TP101_TB\B_5_03.CT
File Copy: C:\Program Files\Didactic\fl_sim_p4.en\ct\TP101_TB\B_5_04.CT
File Copy: C:\Program Files\Didactic\fl_sim_p4.en\ct\TP101_TB\B_5_06.CT
File Copy: C:\Program Files\Didactic\fl_sim_p4.en\ct\TP101_TB\B_5_07.CT
File Copy: C:\Program Files\Didactic\fl_sim_p4.en\ct\TP101_TB\B_5_10a.ct
File Copy: C:\Program Files\Didactic\fl_sim_p4.en\ct\TP101_TB\B_5_10b.ct
File Copy: C:\Program Files\Didactic\fl_sim_p4.en\ct\TP101_TB\B_5_14.CT
File Copy: C:\Program Files\Didactic\fl_sim_p4.en\ct\TP101_TB\B_5_15.CT
File Copy: C:\Program Files\Didactic\fl_sim_p4.en\ct\TP101_TB\B_5_19.CT
File Copy: C:\Program Files\Didactic\fl_sim_p4.en\ct\TP101_TB\B_5_22.CT
File Copy: C:\Program Files\Didactic\fl_sim_p4.en\ct\TP101_TB\B_6_13.CT
File Copy: C:\Program Files\Didactic\fl_sim_p4.en\ct\TP101_TB\C_01.CT
File Copy: C:\Program Files\Didactic\fl_sim_p4.en\ct\TP101_TB\C_02.CT
File Copy: C:\Program Files\Didactic\fl_sim_p4.en\ct\TP101_TB\C_03.CT
File Copy: C:\Program Files\Didactic\fl_sim_p4.en\ct\TP101_TB\C_04.CT
File Copy: C:\Program Files\Didactic\fl_sim_p4.en\ct\TP101_TB\C_05.CT
File Copy: C:\Program Files\Didactic\fl_sim_p4.en\ct\TP101_TB\C_06.CT
File Copy: C:\Program Files\Didactic\fl_sim_p4.en\ct\TP101_TB\C_07.CT
File Copy: C:\Program Files\Didactic\fl_sim_p4.en\ct\TP101_TB\C_08.CT
File Copy: C:\Program Files\Didactic\fl_sim_p4.en\ct\TP101_TB\C_09.CT
File Copy: C:\Program Files\Didactic\fl_sim_p4.en\ct\TP101_TB\C_10.CT
File Copy: C:\Program Files\Didactic\fl_sim_p4.en\ct\TP101_TB\pos.txt
Made Dir: C:\Program Files\Didactic\fl_sim_p4.en\ct\TP102
File Copy: C:\Program Files\Didactic\fl_sim_p4.en\ct\TP102\pos.txt
File Copy: C:\Program Files\Didactic\fl_sim_p4.en\ct\TP102\TP102_01.ct
File Copy: C:\Program Files\Didactic\fl_sim_p4.en\ct\TP102\TP102_02.ct
File Copy: C:\Program Files\Didactic\fl_sim_p4.en\ct\TP102\TP102_03.ct
File Copy: C:\Program Files\Didactic\fl_sim_p4.en\ct\TP102\TP102_04.ct
File Copy: C:\Program Files\Didactic\fl_sim_p4.en\ct\TP102\TP102_05.ct
File Copy: C:\Program Files\Didactic\fl_sim_p4.en\ct\TP102\TP102_09.ct
File Copy: C:\Program Files\Didactic\fl_sim_p4.en\ct\TP102\TP102_10.ct
Made Dir: C:\Program Files\Didactic\fl_sim_p4.en\ct\TP111
File Copy: C:\Program Files\Didactic\fl_sim_p4.en\ct\TP111\pos.txt
File Copy: C:\Program Files\Didactic\fl_sim_p4.en\ct\TP111\TP111_01.ct
File Copy: C:\Program Files\Didactic\fl_sim_p4.en\ct\TP111\TP111_02.ct
File Copy: C:\Program Files\Didactic\fl_sim_p4.en\ct\TP111\TP111_03.ct
File Copy: C:\Program Files\Didactic\fl_sim_p4.en\ct\TP111\TP111_04.ct
File Copy: C:\Program Files\Didactic\fl_sim_p4.en\ct\TP111\TP111_05.ct
File Copy: C:\Program Files\Didactic\fl_sim_p4.en\ct\TP111\TP111_06.ct
File Copy: C:\Program Files\Didactic\fl_sim_p4.en\ct\TP111\TP111_07.ct
File Copy: C:\Program Files\Didactic\fl_sim_p4.en\ct\TP111\TP111_08.ct
File Copy: C:\Program Files\Didactic\fl_sim_p4.en\ct\TP111\TP111_09.ct
File Copy: C:\Program Files\Didactic\fl_sim_p4.en\ct\TP111\TP111_10.ct
File Copy: C:\Program Files\Didactic\fl_sim_p4.en\ct\TP111\TP111_11.ct
File Copy: C:\Program Files\Didactic\fl_sim_p4.en\ct\TP111\TP111_12.ct
File Copy: C:\Program Files\Didactic\fl_sim_p4.en\ct\TP111\TP111_13.ct
File Copy: C:\Program Files\Didactic\fl_sim_p4.en\ct\TP111\TP111_14.ct
File Copy: C:\Program Files\Didactic\fl_sim_p4.en\ct\TP111\TP111_15.ct
File Copy: C:\Program Files\Didactic\fl_sim_p4.en\ct\TP111\TP111_16.ct
File Copy: C:\Program Files\Didactic\fl_sim_p4.en\ct\TP111\TP111_17.ct
File Copy: C:\Program Files\Didactic\fl_sim_p4.en\ct\TP111\TP111_18.ct
File Copy: C:\Program Files\Didactic\fl_sim_p4.en\ct\TP111\TP111_19.ct
File Copy: C:\Program Files\Didactic\fl_sim_p4.en\ct\TP111\TP111_20.ct
File Copy: C:\Program Files\Didactic\fl_sim_p4.en\ct\TP111\TP111_21.ct
Made Dir: C:\Program Files\Didactic\fl_sim_p4.en\ct\TP201
File Copy: C:\Program Files\Didactic\fl_sim_p4.en\ct\TP201\pos.txt
File Copy: C:\Program Files\Didactic\fl_sim_p4.en\ct\TP201\TP201_01.ct
File Copy: C:\Program Files\Didactic\fl_sim_p4.en\ct\TP201\TP201_02.ct
File Copy: C:\Program Files\Didactic\fl_sim_p4.en\ct\TP201\TP201_03.ct
File Copy: C:\Program Files\Didactic\fl_sim_p4.en\ct\TP201\TP201_03b.ct
File Copy: C:\Program Files\Didactic\fl_sim_p4.en\ct\TP201\TP201_04.ct
File Copy: C:\Program Files\Didactic\fl_sim_p4.en\ct\TP201\TP201_05.ct
File Copy: C:\Program Files\Didactic\fl_sim_p4.en\ct\TP201\TP201_06.ct
File Copy: C:\Program Files\Didactic\fl_sim_p4.en\ct\TP201\TP201_07.ct
File Copy: C:\Program Files\Didactic\fl_sim_p4.en\ct\TP201\TP201_08.ct
File Copy: C:\Program Files\Didactic\fl_sim_p4.en\ct\TP201\TP201_09.ct
File Copy: C:\Program Files\Didactic\fl_sim_p4.en\ct\TP201\TP201_10.ct
File Copy: C:\Program Files\Didactic\fl_sim_p4.en\ct\TP201\TP201_11.ct
Made Dir: C:\Program Files\Didactic\fl_sim_p4.en\ct\TP201L
File Copy: C:\Program Files\Didactic\fl_sim_p4.en\ct\TP201L\pos.txt
File Copy: C:\Program Files\Didactic\fl_sim_p4.en\ct\TP201L\TP201_01l.ct
File Copy: C:\Program Files\Didactic\fl_sim_p4.en\ct\TP201L\TP201_02l.ct
File Copy: C:\Program Files\Didactic\fl_sim_p4.en\ct\TP201L\TP201_03l.ct
File Copy: C:\Program Files\Didactic\fl_sim_p4.en\ct\TP201L\TP201_03lb.ct
File Copy: C:\Program Files\Didactic\fl_sim_p4.en\ct\TP201L\TP201_04l.ct
File Copy: C:\Program Files\Didactic\fl_sim_p4.en\ct\TP201L\TP201_05l.ct
File Copy: C:\Program Files\Didactic\fl_sim_p4.en\ct\TP201L\TP201_06l.ct
File Copy: C:\Program Files\Didactic\fl_sim_p4.en\ct\TP201L\TP201_07l.ct
File Copy: C:\Program Files\Didactic\fl_sim_p4.en\ct\TP201L\TP201_08l.ct
File Copy: C:\Program Files\Didactic\fl_sim_p4.en\ct\TP201L\TP201_09l.ct
File Copy: C:\Program Files\Didactic\fl_sim_p4.en\ct\TP201L\TP201_10l.ct
File Copy: C:\Program Files\Didactic\fl_sim_p4.en\ct\TP201L\TP201_11l.ct
Made Dir: C:\Program Files\Didactic\fl_sim_p4.en\ct\TP202
File Copy: C:\Program Files\Didactic\fl_sim_p4.en\ct\TP202\pos.txt
File Copy: C:\Program Files\Didactic\fl_sim_p4.en\ct\TP202\TP202_01.ct
File Copy: C:\Program Files\Didactic\fl_sim_p4.en\ct\TP202\TP202_02.ct
Made Dir: C:\Program Files\Didactic\fl_sim_p4.en\ct\TP202L
File Copy: C:\Program Files\Didactic\fl_sim_p4.en\ct\TP202L\pos.txt
File Copy: C:\Program Files\Didactic\fl_sim_p4.en\ct\TP202L\TP202_01l.ct
File Copy: C:\Program Files\Didactic\fl_sim_p4.en\ct\TP202L\TP202_02l.ct
File Copy: C:\Program Files\Didactic\fl_sim_p4.en\ct\TP202L\TP202_03l.ct
File Copy: C:\Program Files\Didactic\fl_sim_p4.en\ct\TP202L\TP202_04l.ct
File Copy: C:\Program Files\Didactic\fl_sim_p4.en\ct\TP202L\TP202_05l.ct
File Copy: C:\Program Files\Didactic\fl_sim_p4.en\ct\TP202L\TP202_07l.ct
File Copy: C:\Program Files\Didactic\fl_sim_p4.en\ct\TP202L\TP202_12l.ct
File Overwrite: C:\Program Files\Didactic\fl_sim_p4.en\ct\demo_09.ct
File Copy: C:\Program Files\Didactic\fl_sim_p4.en\ct\Grafcet\Grafcet18.ct
File Copy: C:\Program Files\Didactic\fl_sim_p4.en\ct\TP102\TP102_06.ct
File Copy: C:\Program Files\Didactic\fl_sim_p4.en\ct\TP102\TP102_07.ct
File Copy: C:\Program Files\Didactic\fl_sim_p4.en\ct\TP102\TP102_08.ct
File Copy: C:\Program Files\Didactic\fl_sim_p4.en\ct\TP202\TP202_03.ct
File Copy: C:\Program Files\Didactic\fl_sim_p4.en\ct\TP202\TP202_04.ct
File Copy: C:\Program Files\Didactic\fl_sim_p4.en\ct\TP202\TP202_05.ct
File Copy: C:\Program Files\Didactic\fl_sim_p4.en\ct\TP202\TP202_06.ct
File Copy: C:\Program Files\Didactic\fl_sim_p4.en\ct\TP202\TP202_07.ct
File Copy: C:\Program Files\Didactic\fl_sim_p4.en\ct\TP202\TP202_08.ct
File Copy: C:\Program Files\Didactic\fl_sim_p4.en\ct\TP202\TP202_09.ct
File Copy: C:\Program Files\Didactic\fl_sim_p4.en\ct\TP202\TP202_10a.ct
File Copy: C:\Program Files\Didactic\fl_sim_p4.en\ct\TP202\TP202_10b.ct
File Copy: C:\Program Files\Didactic\fl_sim_p4.en\ct\TP202\TP202_11a.ct
File Copy: C:\Program Files\Didactic\fl_sim_p4.en\ct\TP202\TP202_11b.ct
File Copy: C:\Program Files\Didactic\fl_sim_p4.en\ct\TP202\TP202_a12.ct
File Copy: C:\Program Files\Didactic\fl_sim_p4.en\ct\TP202L\TP202_06l.ct
File Copy: C:\Program Files\Didactic\fl_sim_p4.en\ct\TP202L\TP202_08l.ct
File Copy: C:\Program Files\Didactic\fl_sim_p4.en\ct\TP202L\TP202_09l.ct
File Copy: C:\Program Files\Didactic\fl_sim_p4.en\ct\TP202L\TP202_10l.ct
File Copy: C:\Program Files\Didactic\fl_sim_p4.en\ct\TP202L\TP202_11l.ct
File Copy: C:\Program Files\Didactic\fl_sim_p4.en\ct\digital\d_01.ct
File Copy: C:\Program Files\Didactic\fl_sim_p4.en\ct\digital\d_02.ct
File Copy: C:\Program Files\Didactic\fl_sim_p4.en\ct\digital\d_03.ct
File Copy: C:\Program Files\Didactic\fl_sim_p4.en\ct\digital\d_04.ct
File Copy: C:\Program Files\Didactic\fl_sim_p4.en\ct\digital\d_05.ct
File Copy: C:\Program Files\Didactic\fl_sim_p4.en\ct\digital\d_06.ct
File Copy: C:\Program Files\Didactic\fl_sim_p4.en\ct\digital\d_07.ct
File Copy: C:\Program Files\Didactic\fl_sim_p4.en\ct\digital\d_08.ct
File Copy: C:\Program Files\Didactic\fl_sim_p4.en\ct\digital\d_09.ct
File Copy: C:\Program Files\Didactic\fl_sim_p4.en\ct\digital\d_10.ct
File Copy: C:\Program Files\Didactic\fl_sim_p4.en\ct\digital\d_11.ct
File Copy: C:\Program Files\Didactic\fl_sim_p4.en\ct\digital\d_12.ct
File Copy: C:\Program Files\Didactic\fl_sim_p4.en\ct\digital\d_13.ct
File Copy: C:\Program Files\Didactic\fl_sim_p4.en\ct\digital\d_14.ct
File Copy: C:\Program Files\Didactic\fl_sim_p4.en\ct\digital\d_15.ct
File Copy: C:\Program Files\Didactic\fl_sim_p4.en\ct\digital\d_17.ct
File Copy: C:\Program Files\Didactic\fl_sim_p4.en\ct\digital\d_18.ct
File Copy: C:\Program Files\Didactic\fl_sim_p4.en\ct\digital\d_19.ct
File Copy: C:\Program Files\Didactic\fl_sim_p4.en\ct\digital\d_20.ct
File Copy: C:\Program Files\Didactic\fl_sim_p4.en\ct\digital\d_21.ct
File Copy: C:\Program Files\Didactic\fl_sim_p4.en\ct\digital\d_22.ct
File Copy: C:\Program Files\Didactic\fl_sim_p4.en\ct\digital\d_23.ct
File Copy: C:\Program Files\Didactic\fl_sim_p4.en\ct\digital\d_24.ct
File Copy: C:\Program Files\Didactic\fl_sim_p4.en\ct\digital\d_25.ct
File Copy: C:\Program Files\Didactic\fl_sim_p4.en\ct\digital\d_26.ct
File Copy: C:\Program Files\Didactic\fl_sim_p4.en\ct\digital\d_27.ct
File Copy: C:\Program Files\Didactic\fl_sim_p4.en\ct\digital\d_28.ct
File Copy: C:\Program Files\Didactic\fl_sim_p4.en\ct\digital\d_29.ct
File Copy: C:\Program Files\Didactic\fl_sim_p4.en\ct\digital\d_30.ct
File Copy: C:\Program Files\Didactic\fl_sim_p4.en\ct\digital\d_32.ct
File Copy: C:\Program Files\Didactic\fl_sim_p4.en\ct\digital\d_33.ct
File Copy: C:\Program Files\Didactic\fl_sim_p4.en\ct\digital\d_34.ct
File Copy: C:\Program Files\Didactic\fl_sim_p4.en\ct\digital\d_35.ct
File Copy: C:\Program Files\Didactic\fl_sim_p4.en\ct\digital\d_36.ct
File Copy: C:\Program Files\Didactic\fl_sim_p4.en\ct\digital\d_37.ct
File Overwrite: C:\Program Files\Didactic\fl_sim_p4.en\aq\acp.kb
File Overwrite: C:\Program Files\Didactic\fl_sim_p4.en\aq\mop.kb
File Overwrite: C:\Program Files\Didactic\fl_sim_p4.en\bin\AdMoSim.dll
File Overwrite: C:\Program Files\Didactic\fl_sim_p4.en\bin\ad_aerc.dll
File Overwrite: C:\Program Files\Didactic\fl_sim_p4.en\bin\ad_dde.dll
File Overwrite: C:\Program Files\Didactic\fl_sim_p4.en\bin\ad_io.dll
File Overwrite: C:\Program Files\Didactic\fl_sim_p4.en\bin\ad_kb.dll
File Overwrite: C:\Program Files\Didactic\fl_sim_p4.en\bin\ad_sym.dll
File Overwrite: C:\Program Files\Didactic\fl_sim_p4.en\bin\fdezopc.dll
File Overwrite: C:\Program Files\Didactic\fl_sim_p4.en\bin\frames.bin
File Overwrite: C:\Program Files\Didactic\fl_sim_p4.en\bin\HELP.ICO
File Copy: C:\Program Files\Didactic\fl_sim_p4.en\bin\lang_map.bin
File Overwrite: C:\Program Files\Didactic\fl_sim_p4.en\bin\PIC.BIN
File Overwrite: C:\Program Files\Didactic\fl_sim_p4.en\misc\DXFASCII.TXT
File Overwrite: C:\Program Files\Didactic\fl_sim_p4.en\misc\DXFCOLOR.TXT
File Overwrite: C:\Program Files\Didactic\fl_sim_p4.en\misc\DXFLINE.TXT
File Overwrite: C:\Program Files\Didactic\fl_sim_p4.en\misc\FLUIDSIM.CFG
File Overwrite: C:\Program Files\Didactic\fl_sim_p4.en\misc\FLUIDSIM.INI
File Overwrite: C:\Program Files\Didactic\fl_sim_p4.en\aq\ep.kb
File Overwrite: C:\Program Files\Didactic\fl_sim_p4.en\bin\ad_dsd.dll
File Copy: C:\Program Files\Didactic\fl_sim_p4.en\bin\ad_dxf.dll
File Copy: C:\Program Files\Didactic\fl_sim_p4.en\bin\ad_jpg.dll
File Copy: C:\Program Files\Didactic\fl_sim_p4.en\bin\ad_tif.dll
File Overwrite: C:\Program Files\Didactic\fl_sim_p4.en\bin\fl_sim_p.exe
File Overwrite: C:\Program Files\Didactic\fl_sim_p4.en\bin\fl_sim_p.exe.manifest
File Copy: C:\Program Files\Didactic\fl_sim_p4.en\bin\i_update.exe
File Overwrite: C:\Program Files\Didactic\fl_sim_p4.en\sym\Pos.txt
File Overwrite: C:\Program Files\Didactic\fl_sim_p4.en\sym\version.txt
File Overwrite: C:\Program Files\Didactic\fl_sim_p4.en\sym\dde\fs_in.ct
File Overwrite: C:\Program Files\Didactic\fl_sim_p4.en\sym\dde\fs_out.ct
File Overwrite: C:\Program Files\Didactic\fl_sim_p4.en\sym\dde\multip.ct
File Overwrite: C:\Program Files\Didactic\fl_sim_p4.en\sym\dde\multi_io.ct
File Overwrite: C:\Program Files\Didactic\fl_sim_p4.en\sym\dde\pos.txt
File Overwrite: C:\Program Files\Didactic\fl_sim_p4.en\sym\Digital\digi001.ct
File Overwrite: C:\Program Files\Didactic\fl_sim_p4.en\sym\Digital\digi0013.ct
File Overwrite: C:\Program Files\Didactic\fl_sim_p4.en\sym\Digital\digi002.ct
File Overwrite: C:\Program Files\Didactic\fl_sim_p4.en\sym\Digital\digi003.ct
File Overwrite: C:\Program Files\Didactic\fl_sim_p4.en\sym\Digital\digi004.ct
File Overwrite: C:\Program Files\Didactic\fl_sim_p4.en\sym\Digital\digi005.ct
File Overwrite: C:\Program Files\Didactic\fl_sim_p4.en\sym\Digital\digi006.ct
File Overwrite: C:\Program Files\Didactic\fl_sim_p4.en\sym\Digital\digi007.ct
File Overwrite: C:\Program Files\Didactic\fl_sim_p4.en\sym\Digital\digi008.ct
File Overwrite: C:\Program Files\Didactic\fl_sim_p4.en\sym\Digital\digi009.ct
File Overwrite: C:\Program Files\Didactic\fl_sim_p4.en\sym\Digital\digi010.ct
File Overwrite: C:\Program Files\Didactic\fl_sim_p4.en\sym\Digital\digi011.ct
File Overwrite: C:\Program Files\Didactic\fl_sim_p4.en\sym\Digital\digi012.ct
File Overwrite: C:\Program Files\Didactic\fl_sim_p4.en\sym\Digital\digi014.ct
File Overwrite: C:\Program Files\Didactic\fl_sim_p4.en\sym\Digital\digi015.ct
File Overwrite: C:\Program Files\Didactic\fl_sim_p4.en\sym\Digital\digi016.ct
File Overwrite: C:\Program Files\Didactic\fl_sim_p4.en\sym\Digital\digi018.ct
File Overwrite: C:\Program Files\Didactic\fl_sim_p4.en\sym\Digital\digi019.ct
File Overwrite: C:\Program Files\Didactic\fl_sim_p4.en\sym\Digital\digi020.ct
File Overwrite: C:\Program Files\Didactic\fl_sim_p4.en\sym\Digital\digi021.ct
File Overwrite: C:\Program Files\Didactic\fl_sim_p4.en\sym\Digital\digi022.ct
File Overwrite: C:\Program Files\Didactic\fl_sim_p4.en\sym\Digital\digi023.ct
File Overwrite: C:\Program Files\Didactic\fl_sim_p4.en\sym\Digital\digi025.ct
File Overwrite: C:\Program Files\Didactic\fl_sim_p4.en\sym\Digital\digi24.ct
File Overwrite: C:\Program Files\Didactic\fl_sim_p4.en\sym\Digital\digi25.ct
File Overwrite: C:\Program Files\Didactic\fl_sim_p4.en\sym\Digital\d_mod.ct
File Overwrite: C:\Program Files\Didactic\fl_sim_p4.en\sym\Digital\d_mod2.ct
File Overwrite: C:\Program Files\Didactic\fl_sim_p4.en\sym\Digital\pos.txt
File Overwrite: C:\Program Files\Didactic\fl_sim_p4.en\sym\Digital\switch_d.ct
File Overwrite: C:\Program Files\Didactic\fl_sim_p4.en\sym\electr\pos.txt
File Overwrite: C:\Program Files\Didactic\fl_sim_p4.en\sym\electr\actuator\lsol.ct
File Overwrite: C:\Program Files\Didactic\fl_sim_p4.en\sym\electr\actuator\mot.ct
File Overwrite: C:\Program Files\Didactic\fl_sim_p4.en\sym\electr\actuator\pos.txt
File Overwrite: C:\Program Files\Didactic\fl_sim_p4.en\sym\electr\control\compare.ct
File Overwrite: C:\Program Files\Didactic\fl_sim_p4.en\sym\electr\control\control.ct
File Overwrite: C:\Program Files\Didactic\fl_sim_p4.en\sym\electr\control\contrpid.ct
File Overwrite: C:\Program Files\Didactic\fl_sim_p4.en\sym\electr\control\pos.txt
File Overwrite: C:\Program Files\Didactic\fl_sim_p4.en\sym\electr\ladder\l1.ct
File Overwrite: C:\Program Files\Didactic\fl_sim_p4.en\sym\electr\ladder\l10.ct
File Overwrite: C:\Program Files\Didactic\fl_sim_p4.en\sym\electr\ladder\l11.ct
File Overwrite: C:\Program Files\Didactic\fl_sim_p4.en\sym\electr\ladder\l12.ct
File Overwrite: C:\Program Files\Didactic\fl_sim_p4.en\sym\electr\ladder\l13.ct
File Overwrite: C:\Program Files\Didactic\fl_sim_p4.en\sym\electr\ladder\l2.ct
File Overwrite: C:\Program Files\Didactic\fl_sim_p4.en\sym\electr\ladder\l4.ct
File Overwrite: C:\Program Files\Didactic\fl_sim_p4.en\sym\electr\ladder\l5.ct
File Overwrite: C:\Program Files\Didactic\fl_sim_p4.en\sym\electr\ladder\l6.ct
File Overwrite: C:\Program Files\Didactic\fl_sim_p4.en\sym\electr\ladder\l7.ct
File Overwrite: C:\Program Files\Didactic\fl_sim_p4.en\sym\electr\ladder\l8.ct
File Overwrite: C:\Program Files\Didactic\fl_sim_p4.en\sym\electr\ladder\l9.ct
File Overwrite: C:\Program Files\Didactic\fl_sim_p4.en\sym\electr\ladder\pos.txt
File Overwrite: C:\Program Files\Didactic\fl_sim_p4.en\sym\electr\relay\cur_lim.ct
File Overwrite: C:\Program Files\Didactic\fl_sim_p4.en\sym\electr\relay\mi1.ct
File Overwrite: C:\Program Files\Didactic\fl_sim_p4.en\sym\electr\relay\pos.txt
File Overwrite: C:\Program Files\Didactic\fl_sim_p4.en\sym\electr\relay\pvalsol.ct
File Overwrite: C:\Program Files\Didactic\fl_sim_p4.en\sym\electr\relay\re1.ct
File Overwrite: C:\Program Files\Didactic\fl_sim_p4.en\sym\electr\relay\re2.ct
File Overwrite: C:\Program Files\Didactic\fl_sim_p4.en\sym\electr\relay\re3.ct
File Overwrite: C:\Program Files\Didactic\fl_sim_p4.en\sym\electr\relay\re4.ct
File Overwrite: C:\Program Files\Didactic\fl_sim_p4.en\sym\electr\sensor\amtr.ct
File Overwrite: C:\Program Files\Didactic\fl_sim_p4.en\sym\electr\sensor\dispenc.ct
File Overwrite: C:\Program Files\Didactic\fl_sim_p4.en\sym\electr\sensor\easensp.ct
File Overwrite: C:\Program Files\Didactic\fl_sim_p4.en\sym\electr\sensor\easensq.ct
File Overwrite: C:\Program Files\Didactic\fl_sim_p4.en\sym\electr\sensor\eprsw.ct
File Overwrite: C:\Program Files\Didactic\fl_sim_p4.en\sym\electr\sensor\pe1.ct
File Overwrite: C:\Program Files\Didactic\fl_sim_p4.en\sym\electr\sensor\pos.txt
File Overwrite: C:\Program Files\Didactic\fl_sim_p4.en\sym\electr\sensor\si1.ct
File Overwrite: C:\Program Files\Didactic\fl_sim_p4.en\sym\electr\sensor\si2.ct
File Overwrite: C:\Program Files\Didactic\fl_sim_p4.en\sym\electr\sensor\vmtr.ct
File Overwrite: C:\Program Files\Didactic\fl_sim_p4.en\sym\electr\supply\es1.ct
File Overwrite: C:\Program Files\Didactic\fl_sim_p4.en\sym\electr\supply\es2.ct
File Overwrite: C:\Program Files\Didactic\fl_sim_p4.en\sym\electr\supply\generat.ct
File Overwrite: C:\Program Files\Didactic\fl_sim_p4.en\sym\electr\supply\pos.txt
File Overwrite: C:\Program Files\Didactic\fl_sim_p4.en\sym\electr\supply\spc.ct
File Overwrite: C:\Program Files\Didactic\fl_sim_p4.en\sym\electr\switch\pos.txt
File Overwrite: C:\Program Files\Didactic\fl_sim_p4.en\sym\electr\switch\General\gs1.ct
File Overwrite: C:\Program Files\Didactic\fl_sim_p4.en\sym\electr\switch\General\gs2.ct
File Overwrite: C:\Program Files\Didactic\fl_sim_p4.en\sym\electr\switch\General\gs3.ct
File Overwrite: C:\Program Files\Didactic\fl_sim_p4.en\sym\electr\switch\General\pos.txt
File Overwrite: C:\Program Files\Didactic\fl_sim_p4.en\sym\electr\switch\Manually\ms1.ct
File Overwrite: C:\Program Files\Didactic\fl_sim_p4.en\sym\electr\switch\Manually\ms2.ct
File Overwrite: C:\Program Files\Didactic\fl_sim_p4.en\sym\electr\switch\Manually\ms3.ct
File Overwrite: C:\Program Files\Didactic\fl_sim_p4.en\sym\electr\switch\Manually\ms4.ct
File Overwrite: C:\Program Files\Didactic\fl_sim_p4.en\sym\electr\switch\Manually\ms5.ct
File Overwrite: C:\Program Files\Didactic\fl_sim_p4.en\sym\electr\switch\Manually\ms6.ct
File Overwrite: C:\Program Files\Didactic\fl_sim_p4.en\sym\electr\switch\Manually\pos.txt
File Overwrite: C:\Program Files\Didactic\fl_sim_p4.en\sym\electr\switch\Proximit\pos.txt
File Overwrite: C:\Program Files\Didactic\fl_sim_p4.en\sym\electr\switch\Proximit\px1.ct
File Overwrite: C:\Program Files\Didactic\fl_sim_p4.en\sym\electr\switch\Proximit\px2.ct
File Overwrite: C:\Program Files\Didactic\fl_sim_p4.en\sym\electr\switch\Proximit\px3.ct
File Overwrite: C:\Program Files\Didactic\fl_sim_p4.en\sym\electr\switch\Proximit\px4.ct
File Overwrite: C:\Program Files\Didactic\fl_sim_p4.en\sym\grafcet\action.ct
File Overwrite: C:\Program Files\Didactic\fl_sim_p4.en\sym\grafcet\grfctio.ct
File Overwrite: C:\Program Files\Didactic\fl_sim_p4.en\sym\grafcet\pos.txt
File Overwrite: C:\Program Files\Didactic\fl_sim_p4.en\sym\grafcet\step.ct
File Overwrite: C:\Program Files\Didactic\fl_sim_p4.en\sym\grafcet\sub.ct
File Overwrite: C:\Program Files\Didactic\fl_sim_p4.en\sym\grafcet\sync.ct
File Overwrite: C:\Program Files\Didactic\fl_sim_p4.en\sym\grafcet\trans.ct
File Overwrite: C:\Program Files\Didactic\fl_sim_p4.en\sym\misc\bitmap.ct
File Overwrite: C:\Program Files\Didactic\fl_sim_p4.en\sym\misc\Diag.ct
File Overwrite: C:\Program Files\Didactic\fl_sim_p4.en\sym\misc\mi3.ct
File Overwrite: C:\Program Files\Didactic\fl_sim_p4.en\sym\misc\mi4.ct
File Overwrite: C:\Program Files\Didactic\fl_sim_p4.en\sym\misc\partlist.ct
File Overwrite: C:\Program Files\Didactic\fl_sim_p4.en\sym\misc\Pos.txt
File Overwrite: C:\Program Files\Didactic\fl_sim_p4.en\sym\misc\sym000.ct
File Overwrite: C:\Program Files\Didactic\fl_sim_p4.en\sym\misc\sym001.ct
File Overwrite: C:\Program Files\Didactic\fl_sim_p4.en\sym\misc\sym002.ct
File Overwrite: C:\Program Files\Didactic\fl_sim_p4.en\sym\misc\sym003.ct
File Overwrite: C:\Program Files\Didactic\fl_sim_p4.en\sym\misc\termdg.ct
File Overwrite: C:\Program Files\Didactic\fl_sim_p4.en\sym\pneu\pos.txt
File Overwrite: C:\Program Files\Didactic\fl_sim_p4.en\sym\pneu\actuator\a001.ct
File Overwrite: C:\Program Files\Didactic\fl_sim_p4.en\sym\pneu\actuator\a002.ct
File Overwrite: C:\Program Files\Didactic\fl_sim_p4.en\sym\pneu\actuator\a003.ct
File Overwrite: C:\Program Files\Didactic\fl_sim_p4.en\sym\pneu\actuator\a004.ct
File Overwrite: C:\Program Files\Didactic\fl_sim_p4.en\sym\pneu\actuator\a005.ct
File Overwrite: C:\Program Files\Didactic\fl_sim_p4.en\sym\pneu\actuator\a4.ct
File Overwrite: C:\Program Files\Didactic\fl_sim_p4.en\sym\pneu\actuator\a5.ct
File Overwrite: C:\Program Files\Didactic\fl_sim_p4.en\sym\pneu\actuator\a6.ct
File Overwrite: C:\Program Files\Didactic\fl_sim_p4.en\sym\pneu\actuator\a7.ct
File Overwrite: C:\Program Files\Didactic\fl_sim_p4.en\sym\pneu\actuator\a8.ct
File Overwrite: C:\Program Files\Didactic\fl_sim_p4.en\sym\pneu\actuator\mi2.ct
File Overwrite: C:\Program Files\Didactic\fl_sim_p4.en\sym\pneu\actuator\pos.txt
File Overwrite: C:\Program Files\Didactic\fl_sim_p4.en\sym\pneu\actuator\fuact\a1.ct
File Overwrite: C:\Program Files\Didactic\fl_sim_p4.en\sym\pneu\actuator\fuact\a10.ct
File Overwrite: C:\Program Files\Didactic\fl_sim_p4.en\sym\pneu\actuator\fuact\a11.ct
File Overwrite: C:\Program Files\Didactic\fl_sim_p4.en\sym\pneu\actuator\fuact\a12.ct
File Overwrite: C:\Program Files\Didactic\fl_sim_p4.en\sym\pneu\actuator\fuact\a13.ct
File Overwrite: C:\Program Files\Didactic\fl_sim_p4.en\sym\pneu\actuator\fuact\a14.ct
File Overwrite: C:\Program Files\Didactic\fl_sim_p4.en\sym\pneu\actuator\fuact\a2.ct
File Overwrite: C:\Program Files\Didactic\fl_sim_p4.en\sym\pneu\actuator\fuact\a3.ct
File Overwrite: C:\Program Files\Didactic\fl_sim_p4.en\sym\pneu\actuator\fuact\a9.ct
File Overwrite: C:\Program Files\Didactic\fl_sim_p4.en\sym\pneu\actuator\fuact\pos.txt
File Overwrite: C:\Program Files\Didactic\fl_sim_p4.en\sym\pneu\sensor\mea.ct
File Overwrite: C:\Program Files\Didactic\fl_sim_p4.en\sym\pneu\sensor\mea1b.ct
File Overwrite: C:\Program Files\Didactic\fl_sim_p4.en\sym\pneu\sensor\mea3.ct
File Overwrite: C:\Program Files\Didactic\fl_sim_p4.en\sym\pneu\sensor\mea3b.ct
File Overwrite: C:\Program Files\Didactic\fl_sim_p4.en\sym\pneu\sensor\pasens.ct
File Overwrite: C:\Program Files\Didactic\fl_sim_p4.en\sym\pneu\sensor\pmea4.ct
File Overwrite: C:\Program Files\Didactic\fl_sim_p4.en\sym\pneu\sensor\pmea5.ct
File Overwrite: C:\Program Files\Didactic\fl_sim_p4.en\sym\pneu\sensor\pos.txt
File Overwrite: C:\Program Files\Didactic\fl_sim_p4.en\sym\pneu\sensor\ps1.ct
File Overwrite: C:\Program Files\Didactic\fl_sim_p4.en\sym\pneu\sensor\ps2.ct
File Overwrite: C:\Program Files\Didactic\fl_sim_p4.en\sym\pneu\sensor\sf6.ct
File Overwrite: C:\Program Files\Didactic\fl_sim_p4.en\sym\pneu\supply\pacc1.ct
File Overwrite: C:\Program Files\Didactic\fl_sim_p4.en\sym\pneu\supply\pacc2.ct
File Overwrite: C:\Program Files\Didactic\fl_sim_p4.en\sym\pneu\supply\pos.txt
File Overwrite: C:\Program Files\Didactic\fl_sim_p4.en\sym\pneu\supply\psup1.ct
File Overwrite: C:\Program Files\Didactic\fl_sim_p4.en\sym\pneu\supply\psup10.ct
File Overwrite: C:\Program Files\Didactic\fl_sim_p4.en\sym\pneu\supply\psup2.ct
File Overwrite: C:\Program Files\Didactic\fl_sim_p4.en\sym\pneu\supply\psup3.ct
File Overwrite: C:\Program Files\Didactic\fl_sim_p4.en\sym\pneu\supply\psup4.ct
File Overwrite: C:\Program Files\Didactic\fl_sim_p4.en\sym\pneu\supply\psup5.ct
File Overwrite: C:\Program Files\Didactic\fl_sim_p4.en\sym\pneu\supply\psup6.ct
File Overwrite: C:\Program Files\Didactic\fl_sim_p4.en\sym\pneu\supply\psup7.ct
File Overwrite: C:\Program Files\Didactic\fl_sim_p4.en\sym\pneu\supply\psup8.ct
File Overwrite: C:\Program Files\Didactic\fl_sim_p4.en\sym\pneu\supply\psup9.ct
File Overwrite: C:\Program Files\Didactic\fl_sim_p4.en\sym\pneu\supply\s1.ct
File Overwrite: C:\Program Files\Didactic\fl_sim_p4.en\sym\pneu\supply\s2.ct
File Overwrite: C:\Program Files\Didactic\fl_sim_p4.en\sym\pneu\supply\s3.ct
File Overwrite: C:\Program Files\Didactic\fl_sim_p4.en\sym\pneu\valve\pos.txt
File Overwrite: C:\Program Files\Didactic\fl_sim_p4.en\sym\pneu\valve\cvalve\cv2.ct
File Overwrite: C:\Program Files\Didactic\fl_sim_p4.en\sym\pneu\valve\cvalve\cv3.ct
File Overwrite: C:\Program Files\Didactic\fl_sim_p4.en\sym\pneu\valve\cvalve\cv4.ct
File Overwrite: C:\Program Files\Didactic\fl_sim_p4.en\sym\pneu\valve\cvalve\cv5.ct
File Overwrite: C:\Program Files\Didactic\fl_sim_p4.en\sym\pneu\valve\cvalve\cv6.ct
File Overwrite: C:\Program Files\Didactic\fl_sim_p4.en\sym\pneu\valve\cvalve\cv8.ct
File Overwrite: C:\Program Files\Didactic\fl_sim_p4.en\sym\pneu\valve\cvalve\pos.txt
File Overwrite: C:\Program Files\Didactic\fl_sim_p4.en\sym\pneu\valve\fuvalve\pos.txt
File Overwrite: C:\Program Files\Didactic\fl_sim_p4.en\sym\pneu\valve\fuvalve\evalve\el1.ct
File Overwrite: C:\Program Files\Didactic\fl_sim_p4.en\sym\pneu\valve\fuvalve\evalve\el2.ct
File Overwrite: C:\Program Files\Didactic\fl_sim_p4.en\sym\pneu\valve\fuvalve\evalve\el3.ct
File Overwrite: C:\Program Files\Didactic\fl_sim_p4.en\sym\pneu\valve\fuvalve\evalve\el4.ct
File Overwrite: C:\Program Files\Didactic\fl_sim_p4.en\sym\pneu\valve\fuvalve\evalve\el5.ct
File Overwrite: C:\Program Files\Didactic\fl_sim_p4.en\sym\pneu\valve\fuvalve\evalve\el6.ct
File Overwrite: C:\Program Files\Didactic\fl_sim_p4.en\sym\pneu\valve\fuvalve\evalve\el7.ct
File Overwrite: C:\Program Files\Didactic\fl_sim_p4.en\sym\pneu\valve\fuvalve\evalve\mi1.ct
File Overwrite: C:\Program Files\Didactic\fl_sim_p4.en\sym\pneu\valve\fuvalve\evalve\pos.txt
File Overwrite: C:\Program Files\Didactic\fl_sim_p4.en\sym\pneu\valve\fuvalve\mvalve\me1.ct
File Overwrite: C:\Program Files\Didactic\fl_sim_p4.en\sym\pneu\valve\fuvalve\mvalve\me2.ct
File Overwrite: C:\Program Files\Didactic\fl_sim_p4.en\sym\pneu\valve\fuvalve\mvalve\me3.ct
File Overwrite: C:\Program Files\Didactic\fl_sim_p4.en\sym\pneu\valve\fuvalve\mvalve\me4.ct
File Overwrite: C:\Program Files\Didactic\fl_sim_p4.en\sym\pneu\valve\fuvalve\mvalve\me5.ct
File Overwrite: C:\Program Files\Didactic\fl_sim_p4.en\sym\pneu\valve\fuvalve\mvalve\me6.ct
File Overwrite: C:\Program Files\Didactic\fl_sim_p4.en\sym\pneu\valve\fuvalve\mvalve\me7.ct
File Overwrite: C:\Program Files\Didactic\fl_sim_p4.en\sym\pneu\valve\fuvalve\mvalve\me8.ct
File Overwrite: C:\Program Files\Didactic\fl_sim_p4.en\sym\pneu\valve\fuvalve\mvalve\pos.txt
File Overwrite: C:\Program Files\Didactic\fl_sim_p4.en\sym\pneu\valve\fuvalve\mvalve\pvwm7.ct
File Overwrite: C:\Program Files\Didactic\fl_sim_p4.en\sym\pneu\valve\fuvalve\pvalve\pn1.ct
File Overwrite: C:\Program Files\Didactic\fl_sim_p4.en\sym\pneu\valve\fuvalve\pvalve\pn2.ct
File Overwrite: C:\Program Files\Didactic\fl_sim_p4.en\sym\pneu\valve\fuvalve\pvalve\pn3.ct
File Overwrite: C:\Program Files\Didactic\fl_sim_p4.en\sym\pneu\valve\fuvalve\pvalve\pn4.ct
File Overwrite: C:\Program Files\Didactic\fl_sim_p4.en\sym\pneu\valve\fuvalve\pvalve\pn5.ct
File Overwrite: C:\Program Files\Didactic\fl_sim_p4.en\sym\pneu\valve\fuvalve\pvalve\pneu_gv.ct
File Overwrite: C:\Program Files\Didactic\fl_sim_p4.en\sym\pneu\valve\fuvalve\pvalve\pos.txt
File Overwrite: C:\Program Files\Didactic\fl_sim_p4.en\sym\pneu\valve\pcvalve\pco.ct
File Overwrite: C:\Program Files\Didactic\fl_sim_p4.en\sym\pneu\valve\pcvalve\pos.txt
File Overwrite: C:\Program Files\Didactic\fl_sim_p4.en\sym\pneu\valve\pcvalve\ppc.ct
File Overwrite: C:\Program Files\Didactic\fl_sim_p4.en\sym\pneu\valve\pcvalve\ppc2.ct
File Overwrite: C:\Program Files\Didactic\fl_sim_p4.en\sym\pneu\valve\pcvalve\ppo2.ct
File Overwrite: C:\Program Files\Didactic\fl_sim_p4.en\sym\pneu\valve\pcvalve\prv1.ct
File Overwrite: C:\Program Files\Didactic\fl_sim_p4.en\sym\pneu\valve\pcvalve\prv2.ct
File Overwrite: C:\Program Files\Didactic\fl_sim_p4.en\sym\pneu\valve\pcvalve\psf8.ct
File Overwrite: C:\Program Files\Didactic\fl_sim_p4.en\sym\pneu\valve\pcvalve\psf8b.ct
File Overwrite: C:\Program Files\Didactic\fl_sim_p4.en\sym\pneu\valve\pcvalve\sf8.ct
File Overwrite: C:\Program Files\Didactic\fl_sim_p4.en\sym\pneu\valve\provalve\pos.txt
File Overwrite: C:\Program Files\Didactic\fl_sim_p4.en\sym\pneu\valve\provalve\prop1.ct
File Overwrite: C:\Program Files\Didactic\fl_sim_p4.en\sym\pneu\valve\provalve\pvalsol.ct
File Overwrite: C:\Program Files\Didactic\fl_sim_p4.en\sym\pneu\valve\sfcvalve\pof1.ct
File Overwrite: C:\Program Files\Didactic\fl_sim_p4.en\sym\pneu\valve\sfcvalve\pof2.ct
File Overwrite: C:\Program Files\Didactic\fl_sim_p4.en\sym\pneu\valve\sfcvalve\pos.txt
File Overwrite: C:\Program Files\Didactic\fl_sim_p4.en\sym\pneu\valve\sfcvalve\pth1.ct
File Overwrite: C:\Program Files\Didactic\fl_sim_p4.en\sym\pneu\valve\sfcvalve\sf1.ct
File Overwrite: C:\Program Files\Didactic\fl_sim_p4.en\sym\pneu\valve\sfcvalve\sf2.ct
File Overwrite: C:\Program Files\Didactic\fl_sim_p4.en\sym\pneu\valve\sfcvalve\sf2a.ct
File Overwrite: C:\Program Files\Didactic\fl_sim_p4.en\sym\pneu\valve\sfcvalve\sf2b.ct
File Overwrite: C:\Program Files\Didactic\fl_sim_p4.en\sym\pneu\valve\sfcvalve\sf3.ct
File Overwrite: C:\Program Files\Didactic\fl_sim_p4.en\sym\pneu\valve\sfcvalve\sf4.ct
File Overwrite: C:\Program Files\Didactic\fl_sim_p4.en\sym\pneu\valve\sfcvalve\sf5a.ct
File Overwrite: C:\Program Files\Didactic\fl_sim_p4.en\sym\pneu\valve\sfcvalve\sf5b.ct
File Overwrite: C:\Program Files\Didactic\fl_sim_p4.en\sym\pneu\valve\sfcvalve\sf5c.ct
File Overwrite: C:\Program Files\Didactic\fl_sim_p4.en\sym\pneu\valve\sfcvalve\sf5d.ct
File Overwrite: C:\Program Files\Didactic\fl_sim_p4.en\sym\pneu\valve\sfcvalve\sf7.ct
File Overwrite: C:\Program Files\Didactic\fl_sim_p4.en\sym\pneu\valve\sfcvalve\sf9.ct
File Overwrite: C:\Program Files\Didactic\fl_sim_p4.en\sym\pneu\valve\sfcvalve\t1p.ct
File Overwrite: C:\Program Files\Didactic\fl_sim_p4.en\sym\pneu\valve\sfcvalve\t2p.ct
File Overwrite: C:\Program Files\Didactic\fl_sim_p4.en\sym\pneu\vgroup\pg1.ct
File Overwrite: C:\Program Files\Didactic\fl_sim_p4.en\sym\pneu\vgroup\pg2.ct
File Overwrite: C:\Program Files\Didactic\fl_sim_p4.en\sym\pneu\vgroup\pg3.ct
File Overwrite: C:\Program Files\Didactic\fl_sim_p4.en\sym\pneu\vgroup\pg4.ct
File Overwrite: C:\Program Files\Didactic\fl_sim_p4.en\sym\pneu\vgroup\pg5.ct
File Overwrite: C:\Program Files\Didactic\fl_sim_p4.en\sym\pneu\vgroup\pg6.ct
File Overwrite: C:\Program Files\Didactic\fl_sim_p4.en\sym\pneu\vgroup\pos.txt
File Overwrite: C:\Program Files\Didactic\fl_sim_p4.en\sym\pneu\vgroup\quickstp.ct
File Overwrite: C:\Program Files\Didactic\fl_sim_p4.en\sym\pneu\vgroup\twohand.ct
File Copy: C:\Program Files\Didactic\fl_sim_p4.en\bin\FlashPlayerControl.dll
File Overwrite: C:\Program Files\Didactic\fl_sim_p4.en\bin\ad_anm.dll
File Copy: C:\Program Files\Didactic\fl_sim_p4.en\bin\lang049.bin
File Overwrite: C:\Program Files\Didactic\fl_sim_p4.en\bin\fl_sim_p.chm
File Overwrite: C:\Program Files\Didactic\fl_sim_p4.en\doc\fl_sim_p.pdf
Made Dir: C:\Program Files\Didactic\fl_sim_p4.en\dida
File Copy: C:\Program Files\Didactic\fl_sim_p4.en\dida\p1_1_1_1_5.ct
File Copy: C:\Program Files\Didactic\fl_sim_p4.en\dida\p1_1_4_6.ct
File Copy: C:\Program Files\Didactic\fl_sim_p4.en\dida\p1_3_7_1.ct
File Copy: C:\Program Files\Didactic\fl_sim_p4.en\dida\p1_3_7_2.ct
File Copy: C:\Program Files\Didactic\fl_sim_p4.en\dida\p1_3_8_2.ct
File Copy: C:\Program Files\Didactic\fl_sim_p4.en\dida\p1_3_8_3.ct
File Copy: C:\Program Files\Didactic\fl_sim_p4.en\dida\p2.ct
File Copy: C:\Program Files\Didactic\fl_sim_p4.en\dida\p2_1.ct
File Copy: C:\Program Files\Didactic\fl_sim_p4.en\dida\p2_1_1.ct
File Copy: C:\Program Files\Didactic\fl_sim_p4.en\dida\p2_1_10.ct
File Copy: C:\Program Files\Didactic\fl_sim_p4.en\dida\p2_1_10_1.ct
File Copy: C:\Program Files\Didactic\fl_sim_p4.en\dida\p2_1_11.ct
File Copy: C:\Program Files\Didactic\fl_sim_p4.en\dida\p2_1_11_1.ct
File Copy: C:\Program Files\Didactic\fl_sim_p4.en\dida\p2_1_11_10.ct
File Copy: C:\Program Files\Didactic\fl_sim_p4.en\dida\p2_1_11_11.ct
File Copy: C:\Program Files\Didactic\fl_sim_p4.en\dida\p2_1_11_12.ct
File Copy: C:\Program Files\Didactic\fl_sim_p4.en\dida\p2_1_11_13.ct
File Copy: C:\Program Files\Didactic\fl_sim_p4.en\dida\p2_1_11_14.ct
File Copy: C:\Program Files\Didactic\fl_sim_p4.en\dida\p2_1_11_15.ct
File Copy: C:\Program Files\Didactic\fl_sim_p4.en\dida\p2_1_11_2.ct
File Copy: C:\Program Files\Didactic\fl_sim_p4.en\dida\p2_1_11_3.ct
File Copy: C:\Program Files\Didactic\fl_sim_p4.en\dida\p2_1_11_4.ct
File Copy: C:\Program Files\Didactic\fl_sim_p4.en\dida\p2_1_11_5.ct
File Copy: C:\Program Files\Didactic\fl_sim_p4.en\dida\p2_1_11_6.ct
File Copy: C:\Program Files\Didactic\fl_sim_p4.en\dida\p2_1_11_7.ct
File Copy: C:\Program Files\Didactic\fl_sim_p4.en\dida\p2_1_11_8.ct
File Copy: C:\Program Files\Didactic\fl_sim_p4.en\dida\p2_1_11_9.ct
File Copy: C:\Program Files\Didactic\fl_sim_p4.en\dida\p2_1_12.ct
File Copy: C:\Program Files\Didactic\fl_sim_p4.en\dida\p2_1_12_1.ct
File Copy: C:\Program Files\Didactic\fl_sim_p4.en\dida\p2_1_12_2.ct
File Copy: C:\Program Files\Didactic\fl_sim_p4.en\dida\p2_1_12_3.ct
File Copy: C:\Program Files\Didactic\fl_sim_p4.en\dida\p2_1_12_4.ct
File Copy: C:\Program Files\Didactic\fl_sim_p4.en\dida\p2_1_12_5.ct
File Copy: C:\Program Files\Didactic\fl_sim_p4.en\dida\p2_1_12_6.ct
File Copy: C:\Program Files\Didactic\fl_sim_p4.en\dida\p2_1_1_1.ct
File Copy: C:\Program Files\Didactic\fl_sim_p4.en\dida\p2_1_1_10.ct
File Copy: C:\Program Files\Didactic\fl_sim_p4.en\dida\p2_1_1_11.ct
File Copy: C:\Program Files\Didactic\fl_sim_p4.en\dida\p2_1_1_12.ct
File Copy: C:\Program Files\Didactic\fl_sim_p4.en\dida\p2_1_1_13.ct
File Copy: C:\Program Files\Didactic\fl_sim_p4.en\dida\p2_1_1_14.ct
File Copy: C:\Program Files\Didactic\fl_sim_p4.en\dida\p2_1_1_15.ct
File Copy: C:\Program Files\Didactic\fl_sim_p4.en\dida\p2_1_1_16.ct
File Copy: C:\Program Files\Didactic\fl_sim_p4.en\dida\p2_1_1_17.ct
File Copy: C:\Program Files\Didactic\fl_sim_p4.en\dida\p2_1_1_18.ct
File Copy: C:\Program Files\Didactic\fl_sim_p4.en\dida\p2_1_1_2.ct
File Copy: C:\Program Files\Didactic\fl_sim_p4.en\dida\p2_1_1_3.ct
File Copy: C:\Program Files\Didactic\fl_sim_p4.en\dida\p2_1_1_4.ct
File Copy: C:\Program Files\Didactic\fl_sim_p4.en\dida\p2_1_1_5.ct
File Copy: C:\Program Files\Didactic\fl_sim_p4.en\dida\p2_1_1_6.ct
File Copy: C:\Program Files\Didactic\fl_sim_p4.en\dida\p2_1_1_7.ct
File Copy: C:\Program Files\Didactic\fl_sim_p4.en\dida\p2_1_1_8.ct
File Copy: C:\Program Files\Didactic\fl_sim_p4.en\dida\p2_1_1_9.ct
File Copy: C:\Program Files\Didactic\fl_sim_p4.en\dida\p2_1_2.ct
File Copy: C:\Program Files\Didactic\fl_sim_p4.en\dida\p2_1_2_1.ct
File Copy: C:\Program Files\Didactic\fl_sim_p4.en\dida\p2_1_2_2.ct
File Copy: C:\Program Files\Didactic\fl_sim_p4.en\dida\p2_1_2_3.ct
File Copy: C:\Program Files\Didactic\fl_sim_p4.en\dida\p2_1_2_4.ct
File Copy: C:\Program Files\Didactic\fl_sim_p4.en\dida\p2_1_2_5.ct
File Copy: C:\Program Files\Didactic\fl_sim_p4.en\dida\p2_1_2_6.ct
File Copy: C:\Program Files\Didactic\fl_sim_p4.en\dida\p2_1_3.ct
File Copy: C:\Program Files\Didactic\fl_sim_p4.en\dida\p2_1_3_1.ct
File Copy: C:\Program Files\Didactic\fl_sim_p4.en\dida\p2_1_3_2.ct
File Copy: C:\Program Files\Didactic\fl_sim_p4.en\dida\p2_1_3_3.ct
File Copy: C:\Program Files\Didactic\fl_sim_p4.en\dida\p2_1_3_4.ct
File Copy: C:\Program Files\Didactic\fl_sim_p4.en\dida\p2_1_3_5.ct
File Copy: C:\Program Files\Didactic\fl_sim_p4.en\dida\p2_1_3_6.ct
File Copy: C:\Program Files\Didactic\fl_sim_p4.en\dida\p2_1_3_7.ct
File Copy: C:\Program Files\Didactic\fl_sim_p4.en\dida\p2_1_3_8.ct
File Copy: C:\Program Files\Didactic\fl_sim_p4.en\dida\p2_1_3_9.ct
File Copy: C:\Program Files\Didactic\fl_sim_p4.en\dida\p2_1_4.ct
File Copy: C:\Program Files\Didactic\fl_sim_p4.en\dida\p2_1_4_1.ct
File Copy: C:\Program Files\Didactic\fl_sim_p4.en\dida\p2_1_4_2.ct
File Copy: C:\Program Files\Didactic\fl_sim_p4.en\dida\p2_1_4_3.ct
File Copy: C:\Program Files\Didactic\fl_sim_p4.en\dida\p2_1_4_4.ct
File Copy: C:\Program Files\Didactic\fl_sim_p4.en\dida\p2_1_4_5.ct
File Copy: C:\Program Files\Didactic\fl_sim_p4.en\dida\p2_1_5.ct
File Copy: C:\Program Files\Didactic\fl_sim_p4.en\dida\p2_1_5_1.ct
File Copy: C:\Program Files\Didactic\fl_sim_p4.en\dida\p2_1_5_2.ct
File Copy: C:\Program Files\Didactic\fl_sim_p4.en\dida\p2_1_5_3.ct
File Copy: C:\Program Files\Didactic\fl_sim_p4.en\dida\p2_1_5_4.ct
File Copy: C:\Program Files\Didactic\fl_sim_p4.en\dida\p2_1_5_5.ct
File Copy: C:\Program Files\Didactic\fl_sim_p4.en\dida\p2_1_5_6.ct
File Copy: C:\Program Files\Didactic\fl_sim_p4.en\dida\p2_1_6.ct
File Copy: C:\Program Files\Didactic\fl_sim_p4.en\dida\p2_1_6_1.ct
File Copy: C:\Program Files\Didactic\fl_sim_p4.en\dida\p2_1_6_10.ct
File Copy: C:\Program Files\Didactic\fl_sim_p4.en\dida\p2_1_6_11.ct
File Copy: C:\Program Files\Didactic\fl_sim_p4.en\dida\p2_1_6_12.ct
File Copy: C:\Program Files\Didactic\fl_sim_p4.en\dida\p2_1_6_13.ct
File Copy: C:\Program Files\Didactic\fl_sim_p4.en\dida\p2_1_6_14.ct
File Copy: C:\Program Files\Didactic\fl_sim_p4.en\dida\p2_1_6_15.ct
File Copy: C:\Program Files\Didactic\fl_sim_p4.en\dida\p2_1_6_16.ct
File Copy: C:\Program Files\Didactic\fl_sim_p4.en\dida\p2_1_6_17.ct
File Copy: C:\Program Files\Didactic\fl_sim_p4.en\dida\p2_1_6_18.ct
File Copy: C:\Program Files\Didactic\fl_sim_p4.en\dida\p2_1_6_2.ct
File Copy: C:\Program Files\Didactic\fl_sim_p4.en\dida\p2_1_6_3.ct
File Copy: C:\Program Files\Didactic\fl_sim_p4.en\dida\p2_1_6_4.ct
File Copy: C:\Program Files\Didactic\fl_sim_p4.en\dida\p2_1_6_5.ct
File Copy: C:\Program Files\Didactic\fl_sim_p4.en\dida\p2_1_6_6.ct
File Copy: C:\Program Files\Didactic\fl_sim_p4.en\dida\p2_1_6_7.ct
File Copy: C:\Program Files\Didactic\fl_sim_p4.en\dida\p2_1_6_8.ct
File Copy: C:\Program Files\Didactic\fl_sim_p4.en\dida\p2_1_6_9.ct
File Copy: C:\Program Files\Didactic\fl_sim_p4.en\dida\p2_1_7.ct
File Copy: C:\Program Files\Didactic\fl_sim_p4.en\dida\p2_1_7_1.ct
File Copy: C:\Program Files\Didactic\fl_sim_p4.en\dida\p2_1_7_2.ct
File Copy: C:\Program Files\Didactic\fl_sim_p4.en\dida\p2_1_7_3.ct
File Copy: C:\Program Files\Didactic\fl_sim_p4.en\dida\p2_1_7_4.ct
File Copy: C:\Program Files\Didactic\fl_sim_p4.en\dida\p2_1_7_5.ct
File Copy: C:\Program Files\Didactic\fl_sim_p4.en\dida\p2_1_7_6.ct
File Copy: C:\Program Files\Didactic\fl_sim_p4.en\dida\p2_1_7_7.ct
File Copy: C:\Program Files\Didactic\fl_sim_p4.en\dida\p2_1_7_8.ct
File Copy: C:\Program Files\Didactic\fl_sim_p4.en\dida\p2_1_7_9.ct
File Copy: C:\Program Files\Didactic\fl_sim_p4.en\dida\p2_1_8.ct
File Copy: C:\Program Files\Didactic\fl_sim_p4.en\dida\p2_1_8_1.ct
File Copy: C:\Program Files\Didactic\fl_sim_p4.en\dida\p2_1_8_2.ct
File Copy: C:\Program Files\Didactic\fl_sim_p4.en\dida\p2_1_9.ct
File Copy: C:\Program Files\Didactic\fl_sim_p4.en\dida\p2_1_9_1.ct
File Copy: C:\Program Files\Didactic\fl_sim_p4.en\dida\p2_1_9_2.ct
File Copy: C:\Program Files\Didactic\fl_sim_p4.en\dida\p2_1_9_3.ct
File Copy: C:\Program Files\Didactic\fl_sim_p4.en\dida\p2_1_9_4.ct
File Copy: C:\Program Files\Didactic\fl_sim_p4.en\dida\p2_1_9_5.ct
File Copy: C:\Program Files\Didactic\fl_sim_p4.en\dida\p2_1_9_6.ct
File Copy: C:\Program Files\Didactic\fl_sim_p4.en\dida\p2_1_9_7.ct
File Copy: C:\Program Files\Didactic\fl_sim_p4.en\dida\p2_2.ct
File Copy: C:\Program Files\Didactic\fl_sim_p4.en\dida\p2_2_1.ct
File Copy: C:\Program Files\Didactic\fl_sim_p4.en\dida\p2_2_10.ct
File Copy: C:\Program Files\Didactic\fl_sim_p4.en\dida\p2_2_10_1.ct
File Copy: C:\Program Files\Didactic\fl_sim_p4.en\dida\p2_2_10_2.ct
File Copy: C:\Program Files\Didactic\fl_sim_p4.en\dida\p2_2_10_3.ct
File Copy: C:\Program Files\Didactic\fl_sim_p4.en\dida\p2_2_10_4.ct
File Copy: C:\Program Files\Didactic\fl_sim_p4.en\dida\p2_2_10_5.ct
File Copy: C:\Program Files\Didactic\fl_sim_p4.en\dida\p2_2_11.ct
File Copy: C:\Program Files\Didactic\fl_sim_p4.en\dida\p2_2_11_1.ct
File Copy: C:\Program Files\Didactic\fl_sim_p4.en\dida\p2_2_11_2.ct
File Copy: C:\Program Files\Didactic\fl_sim_p4.en\dida\p2_2_11_3.ct
File Copy: C:\Program Files\Didactic\fl_sim_p4.en\dida\p2_2_12.ct
File Copy: C:\Program Files\Didactic\fl_sim_p4.en\dida\p2_2_12_1.ct
File Copy: C:\Program Files\Didactic\fl_sim_p4.en\dida\p2_2_12_2.ct
File Copy: C:\Program Files\Didactic\fl_sim_p4.en\dida\p2_2_12_3.ct
File Copy: C:\Program Files\Didactic\fl_sim_p4.en\dida\p2_2_12_4.ct
File Copy: C:\Program Files\Didactic\fl_sim_p4.en\dida\p2_2_1_1.ct
File Copy: C:\Program Files\Didactic\fl_sim_p4.en\dida\p2_2_1_2.ct
File Copy: C:\Program Files\Didactic\fl_sim_p4.en\dida\p2_2_1_3.ct
File Copy: C:\Program Files\Didactic\fl_sim_p4.en\dida\p2_2_1_4.ct
File Copy: C:\Program Files\Didactic\fl_sim_p4.en\dida\p2_2_1_5.ct
File Copy: C:\Program Files\Didactic\fl_sim_p4.en\dida\p2_2_1_6.ct
File Copy: C:\Program Files\Didactic\fl_sim_p4.en\dida\p2_2_1_7.ct
File Copy: C:\Program Files\Didactic\fl_sim_p4.en\dida\p2_2_2.ct
File Copy: C:\Program Files\Didactic\fl_sim_p4.en\dida\p2_2_2_1.ct
File Copy: C:\Program Files\Didactic\fl_sim_p4.en\dida\p2_2_2_2.ct
File Copy: C:\Program Files\Didactic\fl_sim_p4.en\dida\p2_2_2_3.ct
File Copy: C:\Program Files\Didactic\fl_sim_p4.en\dida\p2_2_2_4.ct
File Copy: C:\Program Files\Didactic\fl_sim_p4.en\dida\p2_2_3.ct
File Copy: C:\Program Files\Didactic\fl_sim_p4.en\dida\p2_2_3_1.ct
File Copy: C:\Program Files\Didactic\fl_sim_p4.en\dida\p2_2_3_2.ct
File Copy: C:\Program Files\Didactic\fl_sim_p4.en\dida\p2_2_3_3.ct
File Copy: C:\Program Files\Didactic\fl_sim_p4.en\dida\p2_2_3_4.ct
File Copy: C:\Program Files\Didactic\fl_sim_p4.en\dida\p2_2_3_5.ct
File Copy: C:\Program Files\Didactic\fl_sim_p4.en\dida\p2_2_4.ct
File Copy: C:\Program Files\Didactic\fl_sim_p4.en\dida\p2_2_4_1.ct
File Copy: C:\Program Files\Didactic\fl_sim_p4.en\dida\p2_2_4_2.ct
File Copy: C:\Program Files\Didactic\fl_sim_p4.en\dida\p2_2_4_3.ct
File Copy: C:\Program Files\Didactic\fl_sim_p4.en\dida\p2_2_5.ct
File Copy: C:\Program Files\Didactic\fl_sim_p4.en\dida\p2_2_5_1.ct
File Copy: C:\Program Files\Didactic\fl_sim_p4.en\dida\p2_2_5_2.ct
File Copy: C:\Program Files\Didactic\fl_sim_p4.en\dida\p2_2_5_3.ct
File Copy: C:\Program Files\Didactic\fl_sim_p4.en\dida\p2_2_5_4.ct
File Copy: C:\Program Files\Didactic\fl_sim_p4.en\dida\p2_2_5_5.ct
File Copy: C:\Program Files\Didactic\fl_sim_p4.en\dida\p2_2_5_6.ct
File Copy: C:\Program Files\Didactic\fl_sim_p4.en\dida\p2_2_6.ct
File Copy: C:\Program Files\Didactic\fl_sim_p4.en\dida\p2_2_6_1.ct
File Copy: C:\Program Files\Didactic\fl_sim_p4.en\dida\p2_2_6_2.ct
File Copy: C:\Program Files\Didactic\fl_sim_p4.en\dida\p2_2_6_3.ct
File Copy: C:\Program Files\Didactic\fl_sim_p4.en\dida\p2_2_6_4.ct
File Copy: C:\Program Files\Didactic\fl_sim_p4.en\dida\p2_2_6_5.ct
File Copy: C:\Program Files\Didactic\fl_sim_p4.en\dida\p2_2_6_6.ct
File Copy: C:\Program Files\Didactic\fl_sim_p4.en\dida\p2_2_6_7.ct
File Copy: C:\Program Files\Didactic\fl_sim_p4.en\dida\p2_2_6_8.ct
File Copy: C:\Program Files\Didactic\fl_sim_p4.en\dida\p2_2_6_9.ct
File Copy: C:\Program Files\Didactic\fl_sim_p4.en\dida\p2_2_7.ct
File Copy: C:\Program Files\Didactic\fl_sim_p4.en\dida\p2_2_7_1.ct
File Copy: C:\Program Files\Didactic\fl_sim_p4.en\dida\p2_2_7_2.ct
File Copy: C:\Program Files\Didactic\fl_sim_p4.en\dida\p2_2_7_3.ct
File Copy: C:\Program Files\Didactic\fl_sim_p4.en\dida\p2_2_7_4.ct
File Copy: C:\Program Files\Didactic\fl_sim_p4.en\dida\p2_2_7_5.ct
File Copy: C:\Program Files\Didactic\fl_sim_p4.en\dida\p2_2_7_6.ct
File Copy: C:\Program Files\Didactic\fl_sim_p4.en\dida\p2_2_8.ct
File Copy: C:\Program Files\Didactic\fl_sim_p4.en\dida\p2_2_8_1.ct
File Copy: C:\Program Files\Didactic\fl_sim_p4.en\dida\p2_2_8_2.ct
File Copy: C:\Program Files\Didactic\fl_sim_p4.en\dida\p2_2_8_3.ct
File Copy: C:\Program Files\Didactic\fl_sim_p4.en\dida\p2_2_8_4.ct
File Copy: C:\Program Files\Didactic\fl_sim_p4.en\dida\p2_2_8_5.ct
File Copy: C:\Program Files\Didactic\fl_sim_p4.en\dida\p2_2_9.ct
File Copy: C:\Program Files\Didactic\fl_sim_p4.en\dida\p2_2_9_1.ct
File Copy: C:\Program Files\Didactic\fl_sim_p4.en\dida\p2_2_9_2.ct
File Copy: C:\Program Files\Didactic\fl_sim_p4.en\dida\p2_2_9_3.ct
File Copy: C:\Program Files\Didactic\fl_sim_p4.en\dida\p2_2_9_4.ct
File Copy: C:\Program Files\Didactic\fl_sim_p4.en\dida\p2_3.ct
File Copy: C:\Program Files\Didactic\fl_sim_p4.en\dida\p2_3_1.ct
File Copy: C:\Program Files\Didactic\fl_sim_p4.en\dida\p2_3_1_1.ct
File Copy: C:\Program Files\Didactic\fl_sim_p4.en\dida\p2_3_1_2.ct
File Copy: C:\Program Files\Didactic\fl_sim_p4.en\dida\p2_3_2.ct
File Copy: C:\Program Files\Didactic\fl_sim_p4.en\dida\p2_3_2_1.ct
File Copy: C:\Program Files\Didactic\fl_sim_p4.en\dida\p2_3_2_2.ct
File Copy: C:\Program Files\Didactic\fl_sim_p4.en\dida\p2_3_3.ct
File Copy: C:\Program Files\Didactic\fl_sim_p4.en\dida\p2_3_3_1.ct
File Copy: C:\Program Files\Didactic\fl_sim_p4.en\dida\p2_3_3_2.ct
File Copy: C:\Program Files\Didactic\fl_sim_p4.en\dida\p2_3_3_3.ct
File Copy: C:\Program Files\Didactic\fl_sim_p4.en\dida\p2_3_3_4.ct
File Copy: C:\Program Files\Didactic\fl_sim_p4.en\dida\p2_3_4.ct
File Copy: C:\Program Files\Didactic\fl_sim_p4.en\dida\p2_3_4_1.ct
File Copy: C:\Program Files\Didactic\fl_sim_p4.en\dida\p2_3_4_2.ct
File Copy: C:\Program Files\Didactic\fl_sim_p4.en\dida\p2_3_5.ct
File Copy: C:\Program Files\Didactic\fl_sim_p4.en\dida\p2_3_5_1.ct
File Copy: C:\Program Files\Didactic\fl_sim_p4.en\dida\p2_3_5_2.ct
File Copy: C:\Program Files\Didactic\fl_sim_p4.en\dida\p2_3_5_3.ct
File Copy: C:\Program Files\Didactic\fl_sim_p4.en\dida\p2_3_6.ct
File Copy: C:\Program Files\Didactic\fl_sim_p4.en\dida\p2_3_6_1.ct
File Copy: C:\Program Files\Didactic\fl_sim_p4.en\dida\p2_3_6_2.ct
File Copy: C:\Program Files\Didactic\fl_sim_p4.en\dida\p2_3_7.ct
File Copy: C:\Program Files\Didactic\fl_sim_p4.en\dida\p2_3_7_1.ct
File Copy: C:\Program Files\Didactic\fl_sim_p4.en\dida\p2_3_7_2.ct
File Copy: C:\Program Files\Didactic\fl_sim_p4.en\dida\p2_3_7_3.ct
File Copy: C:\Program Files\Didactic\fl_sim_p4.en\dida\p2_4.ct
File Copy: C:\Program Files\Didactic\fl_sim_p4.en\dida\p2_4_1.ct
File Copy: C:\Program Files\Didactic\fl_sim_p4.en\dida\p2_4_1_1.ct
File Copy: C:\Program Files\Didactic\fl_sim_p4.en\dida\p2_4_1_2.ct
File Copy: C:\Program Files\Didactic\fl_sim_p4.en\dida\p2_4_1_3.ct
File Copy: C:\Program Files\Didactic\fl_sim_p4.en\dida\p2_4_1_4.ct
File Copy: C:\Program Files\Didactic\fl_sim_p4.en\dida\p2_4_1_5.ct
File Copy: C:\Program Files\Didactic\fl_sim_p4.en\dida\p2_4_1_6.ct
File Copy: C:\Program Files\Didactic\fl_sim_p4.en\dida\p2_4_1_7.ct
File Copy: C:\Program Files\Didactic\fl_sim_p4.en\dida\p2_4_1_8.ct
File Copy: C:\Program Files\Didactic\fl_sim_p4.en\dida\p2_4_2.ct
File Copy: C:\Program Files\Didactic\fl_sim_p4.en\dida\p2_4_2_1.ct
File Copy: C:\Program Files\Didactic\fl_sim_p4.en\dida\p2_4_2_2.ct
File Copy: C:\Program Files\Didactic\fl_sim_p4.en\dida\p2_4_2_3.ct
File Copy: C:\Program Files\Didactic\fl_sim_p4.en\dida\p2_4_2_4.ct
File Copy: C:\Program Files\Didactic\fl_sim_p4.en\dida\p2_4_2_5.ct
File Copy: C:\Program Files\Didactic\fl_sim_p4.en\dida\p2_4_2_6.ct
File Copy: C:\Program Files\Didactic\fl_sim_p4.en\dida\p2_4_2_7.ct
File Copy: C:\Program Files\Didactic\fl_sim_p4.en\dida\p2_4_2_8.ct
File Copy: C:\Program Files\Didactic\fl_sim_p4.en\dida\p2_4_3.ct
File Copy: C:\Program Files\Didactic\fl_sim_p4.en\dida\p2_4_3_1.ct
File Copy: C:\Program Files\Didactic\fl_sim_p4.en\dida\p2_4_3_10.ct
File Copy: C:\Program Files\Didactic\fl_sim_p4.en\dida\p2_4_3_11.ct
File Copy: C:\Program Files\Didactic\fl_sim_p4.en\dida\p2_4_3_12.ct
File Copy: C:\Program Files\Didactic\fl_sim_p4.en\dida\p2_4_3_13.ct
File Copy: C:\Program Files\Didactic\fl_sim_p4.en\dida\p2_4_3_14.ct
File Copy: C:\Program Files\Didactic\fl_sim_p4.en\dida\p2_4_3_2.ct
File Copy: C:\Program Files\Didactic\fl_sim_p4.en\dida\p2_4_3_3.ct
File Copy: C:\Program Files\Didactic\fl_sim_p4.en\dida\p2_4_3_4.ct
File Copy: C:\Program Files\Didactic\fl_sim_p4.en\dida\p2_4_3_5.ct
File Copy: C:\Program Files\Didactic\fl_sim_p4.en\dida\p2_4_3_6.ct
File Copy: C:\Program Files\Didactic\fl_sim_p4.en\dida\p2_4_3_7.ct
File Copy: C:\Program Files\Didactic\fl_sim_p4.en\dida\p2_4_3_8.ct
File Copy: C:\Program Files\Didactic\fl_sim_p4.en\dida\p2_4_3_9.ct
File Copy: C:\Program Files\Didactic\fl_sim_p4.en\dida\p2_5.ct
File Copy: C:\Program Files\Didactic\fl_sim_p4.en\dida\p2_5_1.ct
File Copy: C:\Program Files\Didactic\fl_sim_p4.en\dida\p2_5_1_1.ct
File Copy: C:\Program Files\Didactic\fl_sim_p4.en\dida\p2_5_1_2.ct
File Copy: C:\Program Files\Didactic\fl_sim_p4.en\dida\p2_5_1_3.ct
File Copy: C:\Program Files\Didactic\fl_sim_p4.en\dida\p2_5_1_4.ct
File Copy: C:\Program Files\Didactic\fl_sim_p4.en\dida\p2_5_1_5.ct
File Copy: C:\Program Files\Didactic\fl_sim_p4.en\dida\p2_5_1_6.ct
File Copy: C:\Program Files\Didactic\fl_sim_p4.en\dida\p2_6.ct
File Copy: C:\Program Files\Didactic\fl_sim_p4.en\dida\p2_6_1.ct
File Copy: C:\Program Files\Didactic\fl_sim_p4.en\dida\p2_6_1_1.ct
File Copy: C:\Program Files\Didactic\fl_sim_p4.en\dida\p2_6_1_10.ct
File Copy: C:\Program Files\Didactic\fl_sim_p4.en\dida\p2_6_1_11.ct
File Copy: C:\Program Files\Didactic\fl_sim_p4.en\dida\p2_6_1_12.ct
File Copy: C:\Program Files\Didactic\fl_sim_p4.en\dida\p2_6_1_13.ct
File Copy: C:\Program Files\Didactic\fl_sim_p4.en\dida\p2_6_1_14.ct
File Copy: C:\Program Files\Didactic\fl_sim_p4.en\dida\p2_6_1_15.ct
File Copy: C:\Program Files\Didactic\fl_sim_p4.en\dida\p2_6_1_2.ct
File Copy: C:\Program Files\Didactic\fl_sim_p4.en\dida\p2_6_1_3.ct
File Copy: C:\Program Files\Didactic\fl_sim_p4.en\dida\p2_6_1_4.ct
File Copy: C:\Program Files\Didactic\fl_sim_p4.en\dida\p2_6_1_5.ct
File Copy: C:\Program Files\Didactic\fl_sim_p4.en\dida\p2_6_1_6.ct
File Copy: C:\Program Files\Didactic\fl_sim_p4.en\dida\p2_6_1_7.ct
File Copy: C:\Program Files\Didactic\fl_sim_p4.en\dida\p2_6_1_8.ct
File Copy: C:\Program Files\Didactic\fl_sim_p4.en\dida\p2_6_1_9.ct
File Copy: C:\Program Files\Didactic\fl_sim_p4.en\dida\p3_1.ct
File Copy: C:\Program Files\Didactic\fl_sim_p4.en\dida\p3_1_1.ct
File Copy: C:\Program Files\Didactic\fl_sim_p4.en\dida\p3_1_1_1.ct
File Copy: C:\Program Files\Didactic\fl_sim_p4.en\dida\p3_1_1_2.ct
File Copy: C:\Program Files\Didactic\fl_sim_p4.en\dida\p3_1_1_3.ct
File Copy: C:\Program Files\Didactic\fl_sim_p4.en\dida\p3_1_1_4.ct
File Copy: C:\Program Files\Didactic\fl_sim_p4.en\dida\p3_1_1_5.ct
File Copy: C:\Program Files\Didactic\fl_sim_p4.en\dida\p3_1_1_6.ct
File Copy: C:\Program Files\Didactic\fl_sim_p4.en\dida\p3_1_2.ct
File Copy: C:\Program Files\Didactic\fl_sim_p4.en\dida\p3_1_2_1.ct
File Copy: C:\Program Files\Didactic\fl_sim_p4.en\dida\p3_1_2_10.ct
File Copy: C:\Program Files\Didactic\fl_sim_p4.en\dida\p3_1_2_11.ct
File Copy: C:\Program Files\Didactic\fl_sim_p4.en\dida\p3_1_2_12.ct
File Copy: C:\Program Files\Didactic\fl_sim_p4.en\dida\p3_1_2_13.ct
File Copy: C:\Program Files\Didactic\fl_sim_p4.en\dida\p3_1_2_14.ct
File Copy: C:\Program Files\Didactic\fl_sim_p4.en\dida\p3_1_2_15.ct
File Copy: C:\Program Files\Didactic\fl_sim_p4.en\dida\p3_1_2_2.ct
File Copy: C:\Program Files\Didactic\fl_sim_p4.en\dida\p3_1_2_3.ct
File Copy: C:\Program Files\Didactic\fl_sim_p4.en\dida\p3_1_2_4.ct
File Copy: C:\Program Files\Didactic\fl_sim_p4.en\dida\p3_1_2_5.ct
File Copy: C:\Program Files\Didactic\fl_sim_p4.en\dida\p3_1_2_6.ct
File Copy: C:\Program Files\Didactic\fl_sim_p4.en\dida\p3_1_2_7.ct
File Copy: C:\Program Files\Didactic\fl_sim_p4.en\dida\p3_1_2_8.ct
File Copy: C:\Program Files\Didactic\fl_sim_p4.en\dida\p3_1_2_9.ct
File Copy: C:\Program Files\Didactic\fl_sim_p4.en\dida\p3_1_3.ct
File Copy: C:\Program Files\Didactic\fl_sim_p4.en\dida\p3_1_3_1.ct
File Copy: C:\Program Files\Didactic\fl_sim_p4.en\dida\p3_1_3_10.ct
File Copy: C:\Program Files\Didactic\fl_sim_p4.en\dida\p3_1_3_11.ct
File Copy: C:\Program Files\Didactic\fl_sim_p4.en\dida\p3_1_3_12.ct
File Copy: C:\Program Files\Didactic\fl_sim_p4.en\dida\p3_1_3_13.ct
File Copy: C:\Program Files\Didactic\fl_sim_p4.en\dida\p3_1_3_14.ct
File Copy: C:\Program Files\Didactic\fl_sim_p4.en\dida\p3_1_3_2.ct
File Copy: C:\Program Files\Didactic\fl_sim_p4.en\dida\p3_1_3_3.ct
File Copy: C:\Program Files\Didactic\fl_sim_p4.en\dida\p3_1_3_4.ct
File Copy: C:\Program Files\Didactic\fl_sim_p4.en\dida\p3_1_3_5.ct
File Copy: C:\Program Files\Didactic\fl_sim_p4.en\dida\p3_1_3_6.ct
File Copy: C:\Program Files\Didactic\fl_sim_p4.en\dida\p3_1_3_7.ct
File Copy: C:\Program Files\Didactic\fl_sim_p4.en\dida\p3_1_3_8.ct
File Copy: C:\Program Files\Didactic\fl_sim_p4.en\dida\p3_1_3_9.ct
File Copy: C:\Program Files\Didactic\fl_sim_p4.en\dida\p3_1_4.ct
File Copy: C:\Program Files\Didactic\fl_sim_p4.en\dida\p3_1_4_1.ct
File Copy: C:\Program Files\Didactic\fl_sim_p4.en\dida\p3_1_4_10.ct
File Copy: C:\Program Files\Didactic\fl_sim_p4.en\dida\p3_1_4_11.ct
File Copy: C:\Program Files\Didactic\fl_sim_p4.en\dida\p3_1_4_12.ct
File Copy: C:\Program Files\Didactic\fl_sim_p4.en\dida\p3_1_4_13.ct
File Copy: C:\Program Files\Didactic\fl_sim_p4.en\dida\p3_1_4_14.ct
File Copy: C:\Program Files\Didactic\fl_sim_p4.en\dida\p3_1_4_15.ct
File Copy: C:\Program Files\Didactic\fl_sim_p4.en\dida\p3_1_4_16.ct
File Copy: C:\Program Files\Didactic\fl_sim_p4.en\dida\p3_1_4_17.ct
File Copy: C:\Program Files\Didactic\fl_sim_p4.en\dida\p3_1_4_18.ct
File Copy: C:\Program Files\Didactic\fl_sim_p4.en\dida\p3_1_4_19.ct
File Copy: C:\Program Files\Didactic\fl_sim_p4.en\dida\p3_1_4_2.ct
File Copy: C:\Program Files\Didactic\fl_sim_p4.en\dida\p3_1_4_20.ct
File Copy: C:\Program Files\Didactic\fl_sim_p4.en\dida\p3_1_4_21.ct
File Copy: C:\Program Files\Didactic\fl_sim_p4.en\dida\p3_1_4_22.ct
File Copy: C:\Program Files\Didactic\fl_sim_p4.en\dida\p3_1_4_23.ct
File Copy: C:\Program Files\Didactic\fl_sim_p4.en\dida\p3_1_4_24.ct
File Copy: C:\Program Files\Didactic\fl_sim_p4.en\dida\p3_1_4_25.ct
File Copy: C:\Program Files\Didactic\fl_sim_p4.en\dida\p3_1_4_26.ct
File Copy: C:\Program Files\Didactic\fl_sim_p4.en\dida\p3_1_4_27.ct
File Copy: C:\Program Files\Didactic\fl_sim_p4.en\dida\p3_1_4_28.ct
File Copy: C:\Program Files\Didactic\fl_sim_p4.en\dida\p3_1_4_29.ct
File Copy: C:\Program Files\Didactic\fl_sim_p4.en\dida\p3_1_4_3.ct
File Copy: C:\Program Files\Didactic\fl_sim_p4.en\dida\p3_1_4_30.ct
File Copy: C:\Program Files\Didactic\fl_sim_p4.en\dida\p3_1_4_31.ct
File Copy: C:\Program Files\Didactic\fl_sim_p4.en\dida\p3_1_4_32.ct
File Copy: C:\Program Files\Didactic\fl_sim_p4.en\dida\p3_1_4_33.ct
File Copy: C:\Program Files\Didactic\fl_sim_p4.en\dida\p3_1_4_4.ct
File Copy: C:\Program Files\Didactic\fl_sim_p4.en\dida\p3_1_4_5.ct
File Copy: C:\Program Files\Didactic\fl_sim_p4.en\dida\p3_1_4_6.ct
File Copy: C:\Program Files\Didactic\fl_sim_p4.en\dida\p3_1_4_7.ct
File Copy: C:\Program Files\Didactic\fl_sim_p4.en\dida\p3_1_4_8.ct
File Copy: C:\Program Files\Didactic\fl_sim_p4.en\dida\p3_1_4_9.ct
File Copy: C:\Program Files\Didactic\fl_sim_p4.en\dida\p3_1_5.ct
File Copy: C:\Program Files\Didactic\fl_sim_p4.en\dida\p3_1_5_1.ct
File Copy: C:\Program Files\Didactic\fl_sim_p4.en\dida\p3_1_5_10.ct
File Copy: C:\Program Files\Didactic\fl_sim_p4.en\dida\p3_1_5_11.ct
File Copy: C:\Program Files\Didactic\fl_sim_p4.en\dida\p3_1_5_12.ct
File Copy: C:\Program Files\Didactic\fl_sim_p4.en\dida\p3_1_5_13.ct
File Copy: C:\Program Files\Didactic\fl_sim_p4.en\dida\p3_1_5_14.ct
File Copy: C:\Program Files\Didactic\fl_sim_p4.en\dida\p3_1_5_15.ct
File Copy: C:\Program Files\Didactic\fl_sim_p4.en\dida\p3_1_5_16.ct
File Copy: C:\Program Files\Didactic\fl_sim_p4.en\dida\p3_1_5_17.ct
File Copy: C:\Program Files\Didactic\fl_sim_p4.en\dida\p3_1_5_18.ct
File Copy: C:\Program Files\Didactic\fl_sim_p4.en\dida\p3_1_5_19.ct
File Copy: C:\Program Files\Didactic\fl_sim_p4.en\dida\p3_1_5_2.ct
File Copy: C:\Program Files\Didactic\fl_sim_p4.en\dida\p3_1_5_20.ct
File Copy: C:\Program Files\Didactic\fl_sim_p4.en\dida\p3_1_5_21.ct
File Copy: C:\Program Files\Didactic\fl_sim_p4.en\dida\p3_1_5_22.ct
File Copy: C:\Program Files\Didactic\fl_sim_p4.en\dida\p3_1_5_23.ct
File Copy: C:\Program Files\Didactic\fl_sim_p4.en\dida\p3_1_5_3.ct
File Copy: C:\Program Files\Didactic\fl_sim_p4.en\dida\p3_1_5_4.ct
File Copy: C:\Program Files\Didactic\fl_sim_p4.en\dida\p3_1_5_5.ct
File Copy: C:\Program Files\Didactic\fl_sim_p4.en\dida\p3_1_5_6.ct
File Copy: C:\Program Files\Didactic\fl_sim_p4.en\dida\p3_1_5_7.ct
File Copy: C:\Program Files\Didactic\fl_sim_p4.en\dida\p3_1_5_8.ct
File Copy: C:\Program Files\Didactic\fl_sim_p4.en\dida\p3_1_5_9.ct
File Copy: C:\Program Files\Didactic\fl_sim_p4.en\dida\p3_1_6.ct
File Copy: C:\Program Files\Didactic\fl_sim_p4.en\dida\p3_1_6_1.ct
File Copy: C:\Program Files\Didactic\fl_sim_p4.en\dida\p3_1_6_2.ct
File Copy: C:\Program Files\Didactic\fl_sim_p4.en\dida\p3_1_6_3.ct
File Copy: C:\Program Files\Didactic\fl_sim_p4.en\dida\p3_1_6_4.ct
File Copy: C:\Program Files\Didactic\fl_sim_p4.en\dida\p3_1_6_5.ct
File Copy: C:\Program Files\Didactic\fl_sim_p4.en\dida\p3_1_7.ct
File Copy: C:\Program Files\Didactic\fl_sim_p4.en\dida\p3_1_7_1.ct
File Copy: C:\Program Files\Didactic\fl_sim_p4.en\dida\p3_1_7_2.ct
File Copy: C:\Program Files\Didactic\fl_sim_p4.en\dida\p3_1_7_3.ct
File Copy: C:\Program Files\Didactic\fl_sim_p4.en\dida\p3_1_7_4.ct
File Copy: C:\Program Files\Didactic\fl_sim_p4.en\dida\p3_1_7_5.ct
File Copy: C:\Program Files\Didactic\fl_sim_p4.en\dida\p3_1_7_6.ct
File Copy: C:\Program Files\Didactic\fl_sim_p4.en\dida\p3_1_7_7.ct
File Copy: C:\Program Files\Didactic\fl_sim_p4.en\dida\p3_1_8.ct
File Copy: C:\Program Files\Didactic\fl_sim_p4.en\dida\p3_1_8_1.ct
File Copy: C:\Program Files\Didactic\fl_sim_p4.en\dida\p3_1_8_2.ct
File Copy: C:\Program Files\Didactic\fl_sim_p4.en\dida\p3_1_8_3.ct
File Copy: C:\Program Files\Didactic\fl_sim_p4.en\dida\p3_1_8_4.ct
File Copy: C:\Program Files\Didactic\fl_sim_p4.en\dida\p3_1_8_5.ct
File Copy: C:\Program Files\Didactic\fl_sim_p4.en\dida\p3_1_8_6.ct
File Copy: C:\Program Files\Didactic\fl_sim_p4.en\dida\p3_1_8_7.ct
File Copy: C:\Program Files\Didactic\fl_sim_p4.en\dida\p3_1_8_8.ct
File Copy: C:\Program Files\Didactic\fl_sim_p4.en\dida\p3_1_8_9.ct
File Copy: C:\Program Files\Didactic\fl_sim_p4.en\dida\p3_1_9.ct
File Copy: C:\Program Files\Didactic\fl_sim_p4.en\dida\p3_1_9_1.ct
File Copy: C:\Program Files\Didactic\fl_sim_p4.en\dida\p3_1_9_2.ct
File Copy: C:\Program Files\Didactic\fl_sim_p4.en\dida\p3_1_9_3.ct
File Copy: C:\Program Files\Didactic\fl_sim_p4.en\dida\p3_1_9_4.ct
File Copy: C:\Program Files\Didactic\fl_sim_p4.en\dida\p3_1_9_5.ct
File Copy: C:\Program Files\Didactic\fl_sim_p4.en\dida\p3_1_9_6.ct
File Copy: C:\Program Files\Didactic\fl_sim_p4.en\dida\p3_1_9_7.ct
File Copy: C:\Program Files\Didactic\fl_sim_p4.en\dida\p3_1_9_8.ct
File Copy: C:\Program Files\Didactic\fl_sim_p4.en\dida\index.txt
File Copy: C:\Program Files\Didactic\fl_sim_p4.en\dida\search_list.txt
File Copy: C:\Program Files\Didactic\fl_sim_p4.en\dida\spell.txt
File Copy: C:\Program Files\Didactic\fl_sim_p4.en\dida\tv.ind
INI File: C:\WINDOWS\FESTO.INI
INI Sect: FL_SIM_P4_D
INI Item: UPDATE_VERSION
INI Val: 4.2p
INI File: C:\WINDOWS\FESTO.INI
INI Sect: FL_SIM_P4_D
INI Item: Version
INI Val: FluidSIM Pneumatik 4.2p
Shell Link: C:\Documents and Settings\All Users\Start Menu\Programs\Festo Didactic\FluidSIM Pneumatik Hilfe.lnk
User Rights: Admin
