***  Installation Started 03/20/2013 17:03  ***
Title: FluidSIM 4.2 Hydraulics
Source: C:\DOCUME~1\Owner\LOCALS~1\Temp\Rar$EX02.640\Festo FluidSim Hydraulic 4.2\demo001h4.exe
Made Dir: C:\Program Files\Didactic\fsh4_demo.en
Made Dir: C:\Program Files\Didactic\fsh4_demo.en\bin
File Copy: C:\Program Files\Didactic\fsh4_demo.en\bin\UNWISE.EXE
RegDB Key: Software\Microsoft\Windows\CurrentVersion\Uninstall\FluidSIM 4.2l Hydraulics Demo Version
RegDB Val: FluidSIM 4.2l Hydraulics Demo Version
RegDB Name: DisplayName
RegDB Root: 2
RegDB Key: Software\Microsoft\Windows\CurrentVersion\Uninstall\FluidSIM 4.2l Hydraulics Demo Version
RegDB Val: C:\PROGRA~1\Didactic\FSH4_D~1.EN\bin\UNWISE.EXE C:\PROGRA~1\Didactic\FSH4_D~1.EN\bin\INSTALL.LOG
RegDB Name: UninstallString
RegDB Root: 2
File Copy: C:\Program Files\Didactic\fsh4_demo.en\bin\ad_anm.dll
File Copy: C:\Program Files\Didactic\fsh4_demo.en\bin\Lang001.bin
File Copy: C:\Program Files\Didactic\fsh4_demo.en\bin\unwise.ini
Made Dir: C:\Program Files\Didactic\fsh4_demo.en\bmp16c
File Copy: C:\Program Files\Didactic\fsh4_demo.en\bmp16c\51e001.bmp
File Copy: C:\Program Files\Didactic\fsh4_demo.en\bmp16c\51e101.bmp
File Copy: C:\Program Files\Didactic\fsh4_demo.en\bmp16c\51ee02a.bmp
File Copy: C:\Program Files\Didactic\fsh4_demo.en\bmp16c\51ee02b.bmp
File Copy: C:\Program Files\Didactic\fsh4_demo.en\bmp16c\51ee02c.bmp
File Copy: C:\Program Files\Didactic\fsh4_demo.en\bmp16c\51ee02d.bmp
Made Dir: C:\Program Files\Didactic\fsh4_demo.en\ct
File Copy: C:\Program Files\Didactic\fsh4_demo.en\ct\demo_13.ct
File Copy: C:\Program Files\Didactic\fsh4_demo.en\ct\d_23.ct
File Copy: C:\Program Files\Didactic\fsh4_demo.en\ct\Grafcet18.ct
File Copy: C:\Program Files\Didactic\fsh4_demo.en\ct\TP702_05.ct
File Copy: C:\Program Files\Didactic\fsh4_demo.en\bin\fl_sim_h.chm
Made Dir: C:\Program Files\Didactic\fsh4_demo.en\doc
File Copy: C:\Program Files\Didactic\fsh4_demo.en\doc\Fl_sim_h.pdf
Made Dir: C:\Program Files\Didactic\fsh4_demo.en\Aq
File Copy: C:\Program Files\Didactic\fsh4_demo.en\Aq\ach.kb
File Copy: C:\Program Files\Didactic\fsh4_demo.en\Aq\moh.kb
File Copy: C:\Program Files\Didactic\fsh4_demo.en\bin\AdMoSim.dll
File Copy: C:\Program Files\Didactic\fsh4_demo.en\bin\ad_aerc.dll
File Copy: C:\Program Files\Didactic\fsh4_demo.en\bin\Ad_dde.dll
File Copy: C:\Program Files\Didactic\fsh4_demo.en\bin\ad_io.dll
File Copy: C:\Program Files\Didactic\fsh4_demo.en\bin\ad_kb.dll
File Copy: C:\Program Files\Didactic\fsh4_demo.en\bin\Ad_sym.dll
File Copy: C:\Program Files\Didactic\fsh4_demo.en\bin\fdezopc.dll
File Copy: C:\Program Files\Didactic\fsh4_demo.en\bin\Frames.bin
File Copy: C:\Program Files\Didactic\fsh4_demo.en\bin\Help.ico
File Copy: C:\Program Files\Didactic\fsh4_demo.en\bin\lang_map.bin
File Copy: C:\Program Files\Didactic\fsh4_demo.en\bin\Pic.bin
Made Dir: C:\Program Files\Didactic\fsh4_demo.en\misc
File Copy: C:\Program Files\Didactic\fsh4_demo.en\misc\DXFASCII.TXT
File Copy: C:\Program Files\Didactic\fsh4_demo.en\misc\DXFCOLOR.TXT
File Copy: C:\Program Files\Didactic\fsh4_demo.en\misc\DXFLINE.TXT
File Copy: C:\Program Files\Didactic\fsh4_demo.en\misc\FLUIDSIM.CFG
File Copy: C:\Program Files\Didactic\fsh4_demo.en\misc\FLUIDSIM.INI
Made Dir: C:\Program Files\Didactic\fsh4_demo.en\tmp
File Copy: C:\Program Files\Didactic\fsh4_demo.en\Aq\eh.kb
Made Dir: C:\Program Files\Didactic\fsh4_demo.en\sym
File Copy: C:\Program Files\Didactic\fsh4_demo.en\sym\Pos.txt
Made Dir: C:\Program Files\Didactic\fsh4_demo.en\sym\dde
File Copy: C:\Program Files\Didactic\fsh4_demo.en\sym\dde\fs_in.ct
File Copy: C:\Program Files\Didactic\fsh4_demo.en\sym\dde\fs_out.ct
File Copy: C:\Program Files\Didactic\fsh4_demo.en\sym\dde\pos.txt
Made Dir: C:\Program Files\Didactic\fsh4_demo.en\sym\Digital
File Copy: C:\Program Files\Didactic\fsh4_demo.en\sym\Digital\digi001.ct
File Copy: C:\Program Files\Didactic\fsh4_demo.en\sym\Digital\digi0013.ct
File Copy: C:\Program Files\Didactic\fsh4_demo.en\sym\Digital\digi002.ct
File Copy: C:\Program Files\Didactic\fsh4_demo.en\sym\Digital\digi003.ct
File Copy: C:\Program Files\Didactic\fsh4_demo.en\sym\Digital\digi004.ct
File Copy: C:\Program Files\Didactic\fsh4_demo.en\sym\Digital\digi005.ct
File Copy: C:\Program Files\Didactic\fsh4_demo.en\sym\Digital\digi006.ct
File Copy: C:\Program Files\Didactic\fsh4_demo.en\sym\Digital\digi007.ct
File Copy: C:\Program Files\Didactic\fsh4_demo.en\sym\Digital\digi008.ct
File Copy: C:\Program Files\Didactic\fsh4_demo.en\sym\Digital\digi009.ct
File Copy: C:\Program Files\Didactic\fsh4_demo.en\sym\Digital\digi010.ct
File Copy: C:\Program Files\Didactic\fsh4_demo.en\sym\Digital\digi011.ct
File Copy: C:\Program Files\Didactic\fsh4_demo.en\sym\Digital\digi012.ct
File Copy: C:\Program Files\Didactic\fsh4_demo.en\sym\Digital\digi014.ct
File Copy: C:\Program Files\Didactic\fsh4_demo.en\sym\Digital\digi015.ct
File Copy: C:\Program Files\Didactic\fsh4_demo.en\sym\Digital\digi016.ct
File Copy: C:\Program Files\Didactic\fsh4_demo.en\sym\Digital\digi018.ct
File Copy: C:\Program Files\Didactic\fsh4_demo.en\sym\Digital\digi019.ct
File Copy: C:\Program Files\Didactic\fsh4_demo.en\sym\Digital\digi020.ct
File Copy: C:\Program Files\Didactic\fsh4_demo.en\sym\Digital\digi021.ct
File Copy: C:\Program Files\Didactic\fsh4_demo.en\sym\Digital\digi022.ct
File Copy: C:\Program Files\Didactic\fsh4_demo.en\sym\Digital\digi023.ct
File Copy: C:\Program Files\Didactic\fsh4_demo.en\sym\Digital\digi025.ct
File Copy: C:\Program Files\Didactic\fsh4_demo.en\sym\Digital\digi24.ct
File Copy: C:\Program Files\Didactic\fsh4_demo.en\sym\Digital\digi25.ct
File Copy: C:\Program Files\Didactic\fsh4_demo.en\sym\Digital\d_mod.ct
File Copy: C:\Program Files\Didactic\fsh4_demo.en\sym\Digital\d_mod2.ct
File Copy: C:\Program Files\Didactic\fsh4_demo.en\sym\Digital\pos.txt
File Copy: C:\Program Files\Didactic\fsh4_demo.en\sym\Digital\switch_d.ct
Made Dir: C:\Program Files\Didactic\fsh4_demo.en\sym\electr
File Copy: C:\Program Files\Didactic\fsh4_demo.en\sym\electr\pos.txt
Made Dir: C:\Program Files\Didactic\fsh4_demo.en\sym\electr\actuator
File Copy: C:\Program Files\Didactic\fsh4_demo.en\sym\electr\actuator\mot.ct
File Copy: C:\Program Files\Didactic\fsh4_demo.en\sym\electr\actuator\pos.txt
Made Dir: C:\Program Files\Didactic\fsh4_demo.en\sym\electr\control
File Copy: C:\Program Files\Didactic\fsh4_demo.en\sym\electr\control\compare.ct
File Copy: C:\Program Files\Didactic\fsh4_demo.en\sym\electr\control\control.ct
File Copy: C:\Program Files\Didactic\fsh4_demo.en\sym\electr\control\contrpid.ct
File Copy: C:\Program Files\Didactic\fsh4_demo.en\sym\electr\control\pos.txt
Made Dir: C:\Program Files\Didactic\fsh4_demo.en\sym\electr\ladder
File Copy: C:\Program Files\Didactic\fsh4_demo.en\sym\electr\ladder\l1.ct
File Copy: C:\Program Files\Didactic\fsh4_demo.en\sym\electr\ladder\l10.ct
File Copy: C:\Program Files\Didactic\fsh4_demo.en\sym\electr\ladder\l11.ct
File Copy: C:\Program Files\Didactic\fsh4_demo.en\sym\electr\ladder\l12.ct
File Copy: C:\Program Files\Didactic\fsh4_demo.en\sym\electr\ladder\l13.ct
File Copy: C:\Program Files\Didactic\fsh4_demo.en\sym\electr\ladder\l2.ct
File Copy: C:\Program Files\Didactic\fsh4_demo.en\sym\electr\ladder\l4.ct
File Copy: C:\Program Files\Didactic\fsh4_demo.en\sym\electr\ladder\l5.ct
File Copy: C:\Program Files\Didactic\fsh4_demo.en\sym\electr\ladder\l6.ct
File Copy: C:\Program Files\Didactic\fsh4_demo.en\sym\electr\ladder\l7.ct
File Copy: C:\Program Files\Didactic\fsh4_demo.en\sym\electr\ladder\l8.ct
File Copy: C:\Program Files\Didactic\fsh4_demo.en\sym\electr\ladder\l9.ct
File Copy: C:\Program Files\Didactic\fsh4_demo.en\sym\electr\ladder\pos.txt
Made Dir: C:\Program Files\Didactic\fsh4_demo.en\sym\electr\relay
File Copy: C:\Program Files\Didactic\fsh4_demo.en\sym\electr\relay\amp1.ct
File Copy: C:\Program Files\Didactic\fsh4_demo.en\sym\electr\relay\amp2.ct
File Copy: C:\Program Files\Didactic\fsh4_demo.en\sym\electr\relay\cur_lim.ct
File Copy: C:\Program Files\Didactic\fsh4_demo.en\sym\electr\relay\mi1.ct
File Copy: C:\Program Files\Didactic\fsh4_demo.en\sym\electr\relay\pos.txt
File Copy: C:\Program Files\Didactic\fsh4_demo.en\sym\electr\relay\pvalsol.ct
File Copy: C:\Program Files\Didactic\fsh4_demo.en\sym\electr\relay\re1.ct
File Copy: C:\Program Files\Didactic\fsh4_demo.en\sym\electr\relay\re2.ct
File Copy: C:\Program Files\Didactic\fsh4_demo.en\sym\electr\relay\re3.ct
File Copy: C:\Program Files\Didactic\fsh4_demo.en\sym\electr\relay\re4.ct
Made Dir: C:\Program Files\Didactic\fsh4_demo.en\sym\electr\sensor
File Copy: C:\Program Files\Didactic\fsh4_demo.en\sym\electr\sensor\amtr.ct
File Copy: C:\Program Files\Didactic\fsh4_demo.en\sym\electr\sensor\dispenc.ct
File Copy: C:\Program Files\Didactic\fsh4_demo.en\sym\electr\sensor\easensp.ct
File Copy: C:\Program Files\Didactic\fsh4_demo.en\sym\electr\sensor\easensq.ct
File Copy: C:\Program Files\Didactic\fsh4_demo.en\sym\electr\sensor\eprsw.ct
File Copy: C:\Program Files\Didactic\fsh4_demo.en\sym\electr\sensor\pos.txt
File Copy: C:\Program Files\Didactic\fsh4_demo.en\sym\electr\sensor\si1.ct
File Copy: C:\Program Files\Didactic\fsh4_demo.en\sym\electr\sensor\si2.ct
File Copy: C:\Program Files\Didactic\fsh4_demo.en\sym\electr\sensor\vmtr.ct
Made Dir: C:\Program Files\Didactic\fsh4_demo.en\sym\electr\supply
File Copy: C:\Program Files\Didactic\fsh4_demo.en\sym\electr\supply\es1.ct
File Copy: C:\Program Files\Didactic\fsh4_demo.en\sym\electr\supply\es2.ct
File Copy: C:\Program Files\Didactic\fsh4_demo.en\sym\electr\supply\generat.ct
File Copy: C:\Program Files\Didactic\fsh4_demo.en\sym\electr\supply\pos.txt
File Copy: C:\Program Files\Didactic\fsh4_demo.en\sym\electr\supply\spc.ct
Made Dir: C:\Program Files\Didactic\fsh4_demo.en\sym\electr\switch
File Copy: C:\Program Files\Didactic\fsh4_demo.en\sym\electr\switch\pos.txt
Made Dir: C:\Program Files\Didactic\fsh4_demo.en\sym\electr\switch\General
File Copy: C:\Program Files\Didactic\fsh4_demo.en\sym\electr\switch\General\gs1.ct
File Copy: C:\Program Files\Didactic\fsh4_demo.en\sym\electr\switch\General\gs2.ct
File Copy: C:\Program Files\Didactic\fsh4_demo.en\sym\electr\switch\General\gs3.ct
File Copy: C:\Program Files\Didactic\fsh4_demo.en\sym\electr\switch\General\pos.txt
Made Dir: C:\Program Files\Didactic\fsh4_demo.en\sym\electr\switch\Manually
File Copy: C:\Program Files\Didactic\fsh4_demo.en\sym\electr\switch\Manually\ms1.ct
File Copy: C:\Program Files\Didactic\fsh4_demo.en\sym\electr\switch\Manually\ms2.ct
File Copy: C:\Program Files\Didactic\fsh4_demo.en\sym\electr\switch\Manually\ms3.ct
File Copy: C:\Program Files\Didactic\fsh4_demo.en\sym\electr\switch\Manually\ms4.ct
File Copy: C:\Program Files\Didactic\fsh4_demo.en\sym\electr\switch\Manually\ms5.ct
File Copy: C:\Program Files\Didactic\fsh4_demo.en\sym\electr\switch\Manually\ms6.ct
File Copy: C:\Program Files\Didactic\fsh4_demo.en\sym\electr\switch\Manually\pos.txt
Made Dir: C:\Program Files\Didactic\fsh4_demo.en\sym\electr\switch\Proximit
File Copy: C:\Program Files\Didactic\fsh4_demo.en\sym\electr\switch\Proximit\pos.txt
File Copy: C:\Program Files\Didactic\fsh4_demo.en\sym\electr\switch\Proximit\px1.ct
File Copy: C:\Program Files\Didactic\fsh4_demo.en\sym\electr\switch\Proximit\px2.ct
File Copy: C:\Program Files\Didactic\fsh4_demo.en\sym\electr\switch\Proximit\px3.ct
File Copy: C:\Program Files\Didactic\fsh4_demo.en\sym\electr\switch\Proximit\px4.ct
Made Dir: C:\Program Files\Didactic\fsh4_demo.en\sym\grafcet
File Copy: C:\Program Files\Didactic\fsh4_demo.en\sym\grafcet\action.ct
File Copy: C:\Program Files\Didactic\fsh4_demo.en\sym\grafcet\grfctio.ct
File Copy: C:\Program Files\Didactic\fsh4_demo.en\sym\grafcet\pos.txt
File Copy: C:\Program Files\Didactic\fsh4_demo.en\sym\grafcet\step.ct
File Copy: C:\Program Files\Didactic\fsh4_demo.en\sym\grafcet\sub.ct
File Copy: C:\Program Files\Didactic\fsh4_demo.en\sym\grafcet\sync.ct
File Copy: C:\Program Files\Didactic\fsh4_demo.en\sym\grafcet\trans.ct
Made Dir: C:\Program Files\Didactic\fsh4_demo.en\sym\hyd
File Copy: C:\Program Files\Didactic\fsh4_demo.en\sym\hyd\pos.txt
Made Dir: C:\Program Files\Didactic\fsh4_demo.en\sym\hyd\actuator
File Copy: C:\Program Files\Didactic\fsh4_demo.en\sym\hyd\actuator\a1.ct
File Copy: C:\Program Files\Didactic\fsh4_demo.en\sym\hyd\actuator\a2.ct
File Copy: C:\Program Files\Didactic\fsh4_demo.en\sym\hyd\actuator\a3.ct
File Copy: C:\Program Files\Didactic\fsh4_demo.en\sym\hyd\actuator\a4.ct
File Copy: C:\Program Files\Didactic\fsh4_demo.en\sym\hyd\actuator\a4h.ct
File Copy: C:\Program Files\Didactic\fsh4_demo.en\sym\hyd\actuator\a5.ct
File Copy: C:\Program Files\Didactic\fsh4_demo.en\sym\hyd\actuator\mi2.ct
File Copy: C:\Program Files\Didactic\fsh4_demo.en\sym\hyd\actuator\pos.txt
Made Dir: C:\Program Files\Didactic\fsh4_demo.en\sym\hyd\sensor
File Copy: C:\Program Files\Didactic\fsh4_demo.en\sym\hyd\sensor\mea1.ct
File Copy: C:\Program Files\Didactic\fsh4_demo.en\sym\hyd\sensor\mea1b.ct
File Copy: C:\Program Files\Didactic\fsh4_demo.en\sym\hyd\sensor\mea2.ct
File Copy: C:\Program Files\Didactic\fsh4_demo.en\sym\hyd\sensor\mea3.ct
File Copy: C:\Program Files\Didactic\fsh4_demo.en\sym\hyd\sensor\mea3b.ct
File Copy: C:\Program Files\Didactic\fsh4_demo.en\sym\hyd\sensor\mea4.ct
File Copy: C:\Program Files\Didactic\fsh4_demo.en\sym\hyd\sensor\mea5.ct
File Copy: C:\Program Files\Didactic\fsh4_demo.en\sym\hyd\sensor\pasensh.ct
File Copy: C:\Program Files\Didactic\fsh4_demo.en\sym\hyd\sensor\pos.txt
File Copy: C:\Program Files\Didactic\fsh4_demo.en\sym\hyd\sensor\ps1.ct
Made Dir: C:\Program Files\Didactic\fsh4_demo.en\sym\hyd\supply
File Copy: C:\Program Files\Didactic\fsh4_demo.en\sym\hyd\supply\acc1.ct
File Copy: C:\Program Files\Didactic\fsh4_demo.en\sym\hyd\supply\acc2.ct
File Copy: C:\Program Files\Didactic\fsh4_demo.en\sym\hyd\supply\amp1.ct
File Copy: C:\Program Files\Didactic\fsh4_demo.en\sym\hyd\supply\hsup1.ct
File Copy: C:\Program Files\Didactic\fsh4_demo.en\sym\hyd\supply\hsup2.ct
File Copy: C:\Program Files\Didactic\fsh4_demo.en\sym\hyd\supply\hsup3.ct
File Copy: C:\Program Files\Didactic\fsh4_demo.en\sym\hyd\supply\hsup4.ct
File Copy: C:\Program Files\Didactic\fsh4_demo.en\sym\hyd\supply\hsup5.ct
File Copy: C:\Program Files\Didactic\fsh4_demo.en\sym\hyd\supply\pg1.ct
File Copy: C:\Program Files\Didactic\fsh4_demo.en\sym\hyd\supply\pos.txt
File Copy: C:\Program Files\Didactic\fsh4_demo.en\sym\hyd\supply\s1.ct
File Copy: C:\Program Files\Didactic\fsh4_demo.en\sym\hyd\supply\s2.ct
File Copy: C:\Program Files\Didactic\fsh4_demo.en\sym\hyd\supply\s3.ct
File Copy: C:\Program Files\Didactic\fsh4_demo.en\sym\hyd\supply\s4.ct
File Copy: C:\Program Files\Didactic\fsh4_demo.en\sym\hyd\supply\s5.ct
Made Dir: C:\Program Files\Didactic\fsh4_demo.en\sym\hyd\valve
File Copy: C:\Program Files\Didactic\fsh4_demo.en\sym\hyd\valve\pos.txt
Made Dir: C:\Program Files\Didactic\fsh4_demo.en\sym\hyd\valve\cvalve
File Copy: C:\Program Files\Didactic\fsh4_demo.en\sym\hyd\valve\cvalve\cv2.ct
File Copy: C:\Program Files\Didactic\fsh4_demo.en\sym\hyd\valve\cvalve\cv3.ct
File Copy: C:\Program Files\Didactic\fsh4_demo.en\sym\hyd\valve\cvalve\cv4.ct
File Copy: C:\Program Files\Didactic\fsh4_demo.en\sym\hyd\valve\cvalve\cv5.ct
File Copy: C:\Program Files\Didactic\fsh4_demo.en\sym\hyd\valve\cvalve\cv6.ct
File Copy: C:\Program Files\Didactic\fsh4_demo.en\sym\hyd\valve\cvalve\cv8.ct
File Copy: C:\Program Files\Didactic\fsh4_demo.en\sym\hyd\valve\cvalve\pos.txt
Made Dir: C:\Program Files\Didactic\fsh4_demo.en\sym\hyd\valve\fuvalve
File Copy: C:\Program Files\Didactic\fsh4_demo.en\sym\hyd\valve\fuvalve\pos.txt
Made Dir: C:\Program Files\Didactic\fsh4_demo.en\sym\hyd\valve\fuvalve\evalve
File Copy: C:\Program Files\Didactic\fsh4_demo.en\sym\hyd\valve\fuvalve\evalve\el1.ct
File Copy: C:\Program Files\Didactic\fsh4_demo.en\sym\hyd\valve\fuvalve\evalve\el2.ct
File Copy: C:\Program Files\Didactic\fsh4_demo.en\sym\hyd\valve\fuvalve\evalve\el3.ct
File Copy: C:\Program Files\Didactic\fsh4_demo.en\sym\hyd\valve\fuvalve\evalve\el4.ct
File Copy: C:\Program Files\Didactic\fsh4_demo.en\sym\hyd\valve\fuvalve\evalve\el5.ct
File Copy: C:\Program Files\Didactic\fsh4_demo.en\sym\hyd\valve\fuvalve\evalve\el6.ct
File Copy: C:\Program Files\Didactic\fsh4_demo.en\sym\hyd\valve\fuvalve\evalve\el7.ct
File Copy: C:\Program Files\Didactic\fsh4_demo.en\sym\hyd\valve\fuvalve\evalve\el8.ct
File Copy: C:\Program Files\Didactic\fsh4_demo.en\sym\hyd\valve\fuvalve\evalve\mi1.ct
File Copy: C:\Program Files\Didactic\fsh4_demo.en\sym\hyd\valve\fuvalve\evalve\pos.txt
Made Dir: C:\Program Files\Didactic\fsh4_demo.en\sym\hyd\valve\fuvalve\mvalve
File Copy: C:\Program Files\Didactic\fsh4_demo.en\sym\hyd\valve\fuvalve\mvalve\me1.ct
File Copy: C:\Program Files\Didactic\fsh4_demo.en\sym\hyd\valve\fuvalve\mvalve\me10.ct
File Copy: C:\Program Files\Didactic\fsh4_demo.en\sym\hyd\valve\fuvalve\mvalve\me11.ct
File Copy: C:\Program Files\Didactic\fsh4_demo.en\sym\hyd\valve\fuvalve\mvalve\me2.ct
File Copy: C:\Program Files\Didactic\fsh4_demo.en\sym\hyd\valve\fuvalve\mvalve\me3.ct
File Copy: C:\Program Files\Didactic\fsh4_demo.en\sym\hyd\valve\fuvalve\mvalve\me4.ct
File Copy: C:\Program Files\Didactic\fsh4_demo.en\sym\hyd\valve\fuvalve\mvalve\me5.ct
File Copy: C:\Program Files\Didactic\fsh4_demo.en\sym\hyd\valve\fuvalve\mvalve\me6.ct
File Copy: C:\Program Files\Didactic\fsh4_demo.en\sym\hyd\valve\fuvalve\mvalve\me7.ct
File Copy: C:\Program Files\Didactic\fsh4_demo.en\sym\hyd\valve\fuvalve\mvalve\me8.ct
File Copy: C:\Program Files\Didactic\fsh4_demo.en\sym\hyd\valve\fuvalve\mvalve\me9.ct
File Copy: C:\Program Files\Didactic\fsh4_demo.en\sym\hyd\valve\fuvalve\mvalve\pos.txt
Made Dir: C:\Program Files\Didactic\fsh4_demo.en\sym\hyd\valve\pcvalve
File Copy: C:\Program Files\Didactic\fsh4_demo.en\sym\hyd\valve\pcvalve\cav1.ct
File Copy: C:\Program Files\Didactic\fsh4_demo.en\sym\hyd\valve\pcvalve\cav2.ct
File Copy: C:\Program Files\Didactic\fsh4_demo.en\sym\hyd\valve\pcvalve\cav3.ct
File Copy: C:\Program Files\Didactic\fsh4_demo.en\sym\hyd\valve\pcvalve\pco.ct
File Copy: C:\Program Files\Didactic\fsh4_demo.en\sym\hyd\valve\pcvalve\pos.txt
File Copy: C:\Program Files\Didactic\fsh4_demo.en\sym\hyd\valve\pcvalve\ppc.ct
File Copy: C:\Program Files\Didactic\fsh4_demo.en\sym\hyd\valve\pcvalve\ppc2.ct
File Copy: C:\Program Files\Didactic\fsh4_demo.en\sym\hyd\valve\pcvalve\ppo2.ct
File Copy: C:\Program Files\Didactic\fsh4_demo.en\sym\hyd\valve\pcvalve\prv1.ct
File Copy: C:\Program Files\Didactic\fsh4_demo.en\sym\hyd\valve\pcvalve\prv2.ct
File Copy: C:\Program Files\Didactic\fsh4_demo.en\sym\hyd\valve\pcvalve\prvp.ct
File Copy: C:\Program Files\Didactic\fsh4_demo.en\sym\hyd\valve\pcvalve\sf3.ct
File Copy: C:\Program Files\Didactic\fsh4_demo.en\sym\hyd\valve\pcvalve\sf6.ct
File Copy: C:\Program Files\Didactic\fsh4_demo.en\sym\hyd\valve\pcvalve\sf7.ct
File Copy: C:\Program Files\Didactic\fsh4_demo.en\sym\hyd\valve\pcvalve\sf8.ct
Made Dir: C:\Program Files\Didactic\fsh4_demo.en\sym\hyd\valve\provalve
File Copy: C:\Program Files\Didactic\fsh4_demo.en\sym\hyd\valve\provalve\amp1.ct
File Copy: C:\Program Files\Didactic\fsh4_demo.en\sym\hyd\valve\provalve\amp2.ct
File Copy: C:\Program Files\Didactic\fsh4_demo.en\sym\hyd\valve\provalve\DBVVPH.ct
File Copy: C:\Program Files\Didactic\fsh4_demo.en\sym\hyd\valve\provalve\DRVVPH.ct
File Copy: C:\Program Files\Didactic\fsh4_demo.en\sym\hyd\valve\provalve\pos.txt
File Copy: C:\Program Files\Didactic\fsh4_demo.en\sym\hyd\valve\provalve\prop1h.ct
File Copy: C:\Program Files\Didactic\fsh4_demo.en\sym\hyd\valve\provalve\prop2h.ct
File Copy: C:\Program Files\Didactic\fsh4_demo.en\sym\hyd\valve\provalve\prop3h.ct
File Copy: C:\Program Files\Didactic\fsh4_demo.en\sym\hyd\valve\provalve\prvprop.ct
File Copy: C:\Program Files\Didactic\fsh4_demo.en\sym\hyd\valve\provalve\pvalsol.ct
Made Dir: C:\Program Files\Didactic\fsh4_demo.en\sym\hyd\valve\sfcvalve
File Copy: C:\Program Files\Didactic\fsh4_demo.en\sym\hyd\valve\sfcvalve\fcv.ct
File Copy: C:\Program Files\Didactic\fsh4_demo.en\sym\hyd\valve\sfcvalve\of1.ct
File Copy: C:\Program Files\Didactic\fsh4_demo.en\sym\hyd\valve\sfcvalve\of2.ct
File Copy: C:\Program Files\Didactic\fsh4_demo.en\sym\hyd\valve\sfcvalve\pos.txt
File Copy: C:\Program Files\Didactic\fsh4_demo.en\sym\hyd\valve\sfcvalve\sf1.ct
File Copy: C:\Program Files\Didactic\fsh4_demo.en\sym\hyd\valve\sfcvalve\sf10.ct
File Copy: C:\Program Files\Didactic\fsh4_demo.en\sym\hyd\valve\sfcvalve\sf11.ct
File Copy: C:\Program Files\Didactic\fsh4_demo.en\sym\hyd\valve\sfcvalve\sf12.ct
File Copy: C:\Program Files\Didactic\fsh4_demo.en\sym\hyd\valve\sfcvalve\sf13.ct
File Copy: C:\Program Files\Didactic\fsh4_demo.en\sym\hyd\valve\sfcvalve\sf2.ct
File Copy: C:\Program Files\Didactic\fsh4_demo.en\sym\hyd\valve\sfcvalve\sf2a.ct
File Copy: C:\Program Files\Didactic\fsh4_demo.en\sym\hyd\valve\sfcvalve\sf4.ct
File Copy: C:\Program Files\Didactic\fsh4_demo.en\sym\hyd\valve\sfcvalve\sf5a.ct
File Copy: C:\Program Files\Didactic\fsh4_demo.en\sym\hyd\valve\sfcvalve\sf5b.ct
File Copy: C:\Program Files\Didactic\fsh4_demo.en\sym\hyd\valve\sfcvalve\sf5c.ct
File Copy: C:\Program Files\Didactic\fsh4_demo.en\sym\hyd\valve\sfcvalve\sf5d.ct
File Copy: C:\Program Files\Didactic\fsh4_demo.en\sym\hyd\valve\sfcvalve\sf9.ct
File Copy: C:\Program Files\Didactic\fsh4_demo.en\sym\hyd\valve\sfcvalve\th1.ct
Made Dir: C:\Program Files\Didactic\fsh4_demo.en\sym\misc
File Copy: C:\Program Files\Didactic\fsh4_demo.en\sym\misc\bitmap.ct
File Copy: C:\Program Files\Didactic\fsh4_demo.en\sym\misc\Diag.ct
File Copy: C:\Program Files\Didactic\fsh4_demo.en\sym\misc\mi3.ct
File Copy: C:\Program Files\Didactic\fsh4_demo.en\sym\misc\mi4.ct
File Copy: C:\Program Files\Didactic\fsh4_demo.en\sym\misc\partlist.ct
File Copy: C:\Program Files\Didactic\fsh4_demo.en\sym\misc\Pos.txt
File Copy: C:\Program Files\Didactic\fsh4_demo.en\sym\misc\sym000.ct
File Copy: C:\Program Files\Didactic\fsh4_demo.en\sym\misc\sym001.ct
File Copy: C:\Program Files\Didactic\fsh4_demo.en\sym\misc\sym002.ct
File Copy: C:\Program Files\Didactic\fsh4_demo.en\sym\misc\sym003.ct
File Copy: C:\Program Files\Didactic\fsh4_demo.en\sym\misc\termdg.ct
File Copy: C:\Program Files\Didactic\fsh4_demo.en\misc\FluidSIM.opt
Made Dir: C:\Program Files\Didactic\fsh4_demo.en\snd
File Copy: C:\Program Files\Didactic\fsh4_demo.en\snd\CYLINDER.WAV
File Copy: C:\Program Files\Didactic\fsh4_demo.en\snd\HORN.WAV
File Copy: C:\Program Files\Didactic\fsh4_demo.en\snd\SWITCH.WAV
File Copy: C:\Program Files\Didactic\fsh4_demo.en\snd\VALVE.WAV
File Copy: C:\Program Files\Didactic\fsh4_demo.en\bin\ad_cmn.dll
File Overwrite: C:\Program Files\Didactic\fsh4_demo.en\Aq\eh.kb
File Copy: C:\Program Files\Didactic\fsh4_demo.en\bin\Fsh_demo.exe
File Copy: C:\Program Files\Didactic\fsh4_demo.en\bin\Fsh_demo.exe.manifest
Made Dir: C:\Program Files\Didactic\fsh4_demo.en\bmp16
File Copy: C:\Program Files\Didactic\fsh4_demo.en\bmp16\152857.BMP
Made Dir: C:\Program Files\Didactic\fsh4_demo.en\bmp4
File Copy: C:\Program Files\Didactic\fsh4_demo.en\bmp4\152857.BMP
File Copy: C:\Program Files\Didactic\fsh4_demo.en\ct\demo_01.ct
File Copy: C:\Program Files\Didactic\fsh4_demo.en\ct\pos.txt
File Copy: C:\Program Files\Didactic\fsh4_demo.en\ct\TP501_18.ct
File Copy: C:\Program Files\Didactic\fsh4_demo.en\ct\TP502_10.ct
File Copy: C:\Program Files\Didactic\fsh4_demo.en\ct\TP511_21b.ct
File Copy: C:\Program Files\Didactic\fsh4_demo.en\ct\TP601_05b.ct
File Copy: C:\Program Files\Didactic\fsh4_demo.en\ct\TP602_03.ct
File Copy: C:\Program Files\Didactic\fsh4_demo.en\ct\TP701_10.ct
File Copy: C:\Program Files\Didactic\fsh4_demo.en\misc\file.ind
File Copy: C:\Program Files\Didactic\fsh4_demo.en\misc\menu.ind
File Overwrite: C:\Program Files\Didactic\fsh4_demo.en\sym\Digital\d_mod.ct
File Overwrite: C:\Program Files\Didactic\fsh4_demo.en\sym\Digital\d_mod2.ct
File Copy: C:\Program Files\Didactic\fsh4_demo.en\bin\ad_dsd.dll
Shell Link: C:\Documents and Settings\All Users\Start Menu\Programs\Festo Didactic\FluidSIM Hydraulics V 4.2 Demo Version English.lnk
Shell Link: C:\Documents and Settings\All Users\Start Menu\Programs\Festo Didactic\Deinstallation\Remove FluidSIM Hydraulics Demo Version.lnk
Shell Link: C:\Documents and Settings\All Users\Start Menu\Programs\Festo Didactic\FluidSIM Hydraulics Help.lnk
Shell Link: C:\Documents and Settings\All Users\Start Menu\Programs\Festo Didactic\FluidSIM Hydraulics User's Guide PDF Format.lnk
User Rights: Admin
***  Installation Started 03/20/2013 17:05  ***
Title: FluidSIM 4 Hydraulics
Source: C:\DOCUME~1\Owner\LOCALS~1\Temp\Rar$EX12.922\Festo FluidSim Hydraulic 4.2\h42p_001.exe
File Overwrite: C:\Program Files\Didactic\fl_sim_h4.en\ct\demo_01.ct
File Copy: C:\Program Files\Didactic\fl_sim_h4.en\ct\demo_02.ct
File Copy: C:\Program Files\Didactic\fl_sim_h4.en\ct\demo_03.ct
File Copy: C:\Program Files\Didactic\fl_sim_h4.en\ct\demo_04.ct
File Copy: C:\Program Files\Didactic\fl_sim_h4.en\ct\demo_05.ct
File Copy: C:\Program Files\Didactic\fl_sim_h4.en\ct\demo_06.ct
File Copy: C:\Program Files\Didactic\fl_sim_h4.en\ct\demo_07.ct
File Copy: C:\Program Files\Didactic\fl_sim_h4.en\ct\demo_08.ct
File Copy: C:\Program Files\Didactic\fl_sim_h4.en\ct\demo_09.ct
File Copy: C:\Program Files\Didactic\fl_sim_h4.en\ct\demo_10.ct
File Copy: C:\Program Files\Didactic\fl_sim_h4.en\ct\demo_11.ct
File Copy: C:\Program Files\Didactic\fl_sim_h4.en\ct\demo_12.ct
File Copy: C:\Program Files\Didactic\fl_sim_h4.en\ct\elect_01.ct
File Copy: C:\Program Files\Didactic\fl_sim_h4.en\ct\elect_02.ct
File Copy: C:\Program Files\Didactic\fl_sim_h4.en\ct\elect_03.ct
File Overwrite: C:\Program Files\Didactic\fl_sim_h4.en\ct\pos.txt
Made Dir: C:\Program Files\Didactic\fl_sim_h4.en\ct\digital
File Copy: C:\Program Files\Didactic\fl_sim_h4.en\ct\digital\easyport.ct
File Copy: C:\Program Files\Didactic\fl_sim_h4.en\ct\digital\logic-module.ct
File Copy: C:\Program Files\Didactic\fl_sim_h4.en\ct\digital\pos.txt
Made Dir: C:\Program Files\Didactic\fl_sim_h4.en\ct\Grafcet
File Copy: C:\Program Files\Didactic\fl_sim_h4.en\ct\Grafcet\grafcet-norm-p31.ct
File Copy: C:\Program Files\Didactic\fl_sim_h4.en\ct\Grafcet\grafcet-norm-p32.ct
File Copy: C:\Program Files\Didactic\fl_sim_h4.en\ct\Grafcet\grafcet-norm-p33a.ct
File Copy: C:\Program Files\Didactic\fl_sim_h4.en\ct\Grafcet\grafcet-norm-p33b.ct
File Copy: C:\Program Files\Didactic\fl_sim_h4.en\ct\Grafcet\Grafcet01.ct
File Copy: C:\Program Files\Didactic\fl_sim_h4.en\ct\Grafcet\Grafcet02.ct
File Copy: C:\Program Files\Didactic\fl_sim_h4.en\ct\Grafcet\Grafcet03.ct
File Copy: C:\Program Files\Didactic\fl_sim_h4.en\ct\Grafcet\Grafcet04.ct
File Copy: C:\Program Files\Didactic\fl_sim_h4.en\ct\Grafcet\Grafcet05.ct
File Copy: C:\Program Files\Didactic\fl_sim_h4.en\ct\Grafcet\Grafcet06.ct
File Copy: C:\Program Files\Didactic\fl_sim_h4.en\ct\Grafcet\Grafcet07.ct
File Copy: C:\Program Files\Didactic\fl_sim_h4.en\ct\Grafcet\Grafcet08.ct
File Copy: C:\Program Files\Didactic\fl_sim_h4.en\ct\Grafcet\Grafcet09.ct
File Copy: C:\Program Files\Didactic\fl_sim_h4.en\ct\Grafcet\Grafcet10.ct
File Copy: C:\Program Files\Didactic\fl_sim_h4.en\ct\Grafcet\Grafcet11.ct
File Copy: C:\Program Files\Didactic\fl_sim_h4.en\ct\Grafcet\Grafcet12.ct
File Copy: C:\Program Files\Didactic\fl_sim_h4.en\ct\Grafcet\Grafcet13.ct
File Copy: C:\Program Files\Didactic\fl_sim_h4.en\ct\Grafcet\Grafcet14.ct
File Copy: C:\Program Files\Didactic\fl_sim_h4.en\ct\Grafcet\Grafcet15.ct
File Copy: C:\Program Files\Didactic\fl_sim_h4.en\ct\Grafcet\Grafcet16.ct
File Copy: C:\Program Files\Didactic\fl_sim_h4.en\ct\Grafcet\Grafcet17.ct
File Copy: C:\Program Files\Didactic\fl_sim_h4.en\ct\Grafcet\pos.txt
File Copy: C:\Program Files\Didactic\fl_sim_h4.en\ct\Grafcet\TP201_09.ct
File Copy: C:\Program Files\Didactic\fl_sim_h4.en\ct\Grafcet\TP201_09gc.ct
File Copy: C:\Program Files\Didactic\fl_sim_h4.en\ct\Grafcet\TP201_09gc2.ct
File Copy: C:\Program Files\Didactic\fl_sim_h4.en\ct\Grafcet\TP201_09l.ct
Made Dir: C:\Program Files\Didactic\fl_sim_h4.en\ct\Shows
File Copy: C:\Program Files\Didactic\fl_sim_h4.en\ct\Shows\dida_005.ct
File Copy: C:\Program Files\Didactic\fl_sim_h4.en\ct\Shows\dida_008.ct
File Copy: C:\Program Files\Didactic\fl_sim_h4.en\ct\Shows\dida_037.ct
File Copy: C:\Program Files\Didactic\fl_sim_h4.en\ct\Shows\dida_042.ct
File Copy: C:\Program Files\Didactic\fl_sim_h4.en\ct\Shows\dida_043.ct
File Copy: C:\Program Files\Didactic\fl_sim_h4.en\ct\Shows\dida_044.ct
File Copy: C:\Program Files\Didactic\fl_sim_h4.en\ct\Shows\dida_061.ct
File Copy: C:\Program Files\Didactic\fl_sim_h4.en\ct\Shows\dida_063.ct
File Copy: C:\Program Files\Didactic\fl_sim_h4.en\ct\Shows\dida_064.ct
File Copy: C:\Program Files\Didactic\fl_sim_h4.en\ct\Shows\dida_066.ct
File Copy: C:\Program Files\Didactic\fl_sim_h4.en\ct\Shows\dida_070.ct
File Copy: C:\Program Files\Didactic\fl_sim_h4.en\ct\Shows\dida_076.ct
File Copy: C:\Program Files\Didactic\fl_sim_h4.en\ct\Shows\dida_079.ct
File Copy: C:\Program Files\Didactic\fl_sim_h4.en\ct\Shows\dida_085.ct
File Copy: C:\Program Files\Didactic\fl_sim_h4.en\ct\Shows\dida_090.ct
File Copy: C:\Program Files\Didactic\fl_sim_h4.en\ct\Shows\dida_092.ct
File Copy: C:\Program Files\Didactic\fl_sim_h4.en\ct\Shows\dida_093.ct
File Copy: C:\Program Files\Didactic\fl_sim_h4.en\ct\Shows\dida_098.ct
File Copy: C:\Program Files\Didactic\fl_sim_h4.en\ct\Shows\dida_103.ct
File Copy: C:\Program Files\Didactic\fl_sim_h4.en\ct\Shows\dida_108.ct
File Copy: C:\Program Files\Didactic\fl_sim_h4.en\ct\Shows\dida_113.ct
File Copy: C:\Program Files\Didactic\fl_sim_h4.en\ct\Shows\dida_119.ct
File Copy: C:\Program Files\Didactic\fl_sim_h4.en\ct\Shows\dida_127.ct
File Copy: C:\Program Files\Didactic\fl_sim_h4.en\ct\Shows\dida_128.ct
File Copy: C:\Program Files\Didactic\fl_sim_h4.en\ct\Shows\dida_133.ct
File Copy: C:\Program Files\Didactic\fl_sim_h4.en\ct\Shows\dida_138.ct
File Copy: C:\Program Files\Didactic\fl_sim_h4.en\ct\Shows\dida_142.ct
File Copy: C:\Program Files\Didactic\fl_sim_h4.en\ct\Shows\dida_148.ct
File Copy: C:\Program Files\Didactic\fl_sim_h4.en\ct\Shows\dida_149.ct
File Copy: C:\Program Files\Didactic\fl_sim_h4.en\ct\Shows\dida_150.ct
File Copy: C:\Program Files\Didactic\fl_sim_h4.en\ct\Shows\dida_163.ct
File Copy: C:\Program Files\Didactic\fl_sim_h4.en\ct\Shows\dida_165.ct
File Copy: C:\Program Files\Didactic\fl_sim_h4.en\ct\Shows\dida_166a.ct
File Copy: C:\Program Files\Didactic\fl_sim_h4.en\ct\Shows\dida_166b.ct
File Copy: C:\Program Files\Didactic\fl_sim_h4.en\ct\Shows\dida_167a.ct
File Copy: C:\Program Files\Didactic\fl_sim_h4.en\ct\Shows\dida_167b.ct
File Copy: C:\Program Files\Didactic\fl_sim_h4.en\ct\Shows\dida_168a.ct
File Copy: C:\Program Files\Didactic\fl_sim_h4.en\ct\Shows\dida_168b.ct
File Copy: C:\Program Files\Didactic\fl_sim_h4.en\ct\Shows\dida_169a.ct
File Copy: C:\Program Files\Didactic\fl_sim_h4.en\ct\Shows\dida_169b.ct
File Copy: C:\Program Files\Didactic\fl_sim_h4.en\ct\Shows\dida_170a.ct
File Copy: C:\Program Files\Didactic\fl_sim_h4.en\ct\Shows\dida_170b.ct
File Copy: C:\Program Files\Didactic\fl_sim_h4.en\ct\Shows\dida_171a.ct
File Copy: C:\Program Files\Didactic\fl_sim_h4.en\ct\Shows\dida_171b.ct
File Copy: C:\Program Files\Didactic\fl_sim_h4.en\ct\Shows\dida_172a.ct
File Copy: C:\Program Files\Didactic\fl_sim_h4.en\ct\Shows\dida_172b.ct
File Copy: C:\Program Files\Didactic\fl_sim_h4.en\ct\Shows\dida_173a.ct
File Copy: C:\Program Files\Didactic\fl_sim_h4.en\ct\Shows\dida_173b.ct
File Copy: C:\Program Files\Didactic\fl_sim_h4.en\ct\Shows\dida_173c.ct
File Copy: C:\Program Files\Didactic\fl_sim_h4.en\ct\Shows\dida_173d.ct
File Copy: C:\Program Files\Didactic\fl_sim_h4.en\ct\Shows\POS.TXT
Made Dir: C:\Program Files\Didactic\fl_sim_h4.en\ct\tp501
File Copy: C:\Program Files\Didactic\fl_sim_h4.en\ct\tp501\pos.txt
File Copy: C:\Program Files\Didactic\fl_sim_h4.en\ct\tp501\TP501_01.ct
File Copy: C:\Program Files\Didactic\fl_sim_h4.en\ct\tp501\TP501_02.ct
File Copy: C:\Program Files\Didactic\fl_sim_h4.en\ct\tp501\TP501_03a.ct
File Copy: C:\Program Files\Didactic\fl_sim_h4.en\ct\tp501\TP501_03b.ct
File Copy: C:\Program Files\Didactic\fl_sim_h4.en\ct\tp501\TP501_03c.ct
File Copy: C:\Program Files\Didactic\fl_sim_h4.en\ct\tp501\TP501_03d.ct
File Copy: C:\Program Files\Didactic\fl_sim_h4.en\ct\tp501\TP501_04.ct
File Copy: C:\Program Files\Didactic\fl_sim_h4.en\ct\tp501\TP501_05.ct
File Copy: C:\Program Files\Didactic\fl_sim_h4.en\ct\tp501\TP501_06.ct
File Copy: C:\Program Files\Didactic\fl_sim_h4.en\ct\tp501\TP501_07.ct
File Copy: C:\Program Files\Didactic\fl_sim_h4.en\ct\tp501\TP501_08.ct
File Copy: C:\Program Files\Didactic\fl_sim_h4.en\ct\tp501\TP501_09.ct
File Copy: C:\Program Files\Didactic\fl_sim_h4.en\ct\tp501\TP501_10a.ct
File Copy: C:\Program Files\Didactic\fl_sim_h4.en\ct\tp501\TP501_10b.ct
File Copy: C:\Program Files\Didactic\fl_sim_h4.en\ct\tp501\TP501_11.ct
File Copy: C:\Program Files\Didactic\fl_sim_h4.en\ct\tp501\TP501_12a.ct
File Copy: C:\Program Files\Didactic\fl_sim_h4.en\ct\tp501\TP501_12b.ct
File Copy: C:\Program Files\Didactic\fl_sim_h4.en\ct\tp501\TP501_13.ct
File Copy: C:\Program Files\Didactic\fl_sim_h4.en\ct\tp501\TP501_14a.ct
File Copy: C:\Program Files\Didactic\fl_sim_h4.en\ct\tp501\TP501_14b.ct
File Copy: C:\Program Files\Didactic\fl_sim_h4.en\ct\tp501\TP501_15a.ct
File Copy: C:\Program Files\Didactic\fl_sim_h4.en\ct\tp501\TP501_15b.ct
File Copy: C:\Program Files\Didactic\fl_sim_h4.en\ct\tp501\TP501_16.ct
File Copy: C:\Program Files\Didactic\fl_sim_h4.en\ct\tp501\TP501_17a.ct
File Copy: C:\Program Files\Didactic\fl_sim_h4.en\ct\tp501\TP501_17b.ct
File Copy: C:\Program Files\Didactic\fl_sim_h4.en\ct\tp501\TP501_18.ct
File Copy: C:\Program Files\Didactic\fl_sim_h4.en\ct\tp501\TP501_19.ct
File Copy: C:\Program Files\Didactic\fl_sim_h4.en\ct\tp501\TP501_20.ct
Made Dir: C:\Program Files\Didactic\fl_sim_h4.en\ct\tp502
File Copy: C:\Program Files\Didactic\fl_sim_h4.en\ct\tp502\pos.txt
File Copy: C:\Program Files\Didactic\fl_sim_h4.en\ct\tp502\TP502_01.ct
File Copy: C:\Program Files\Didactic\fl_sim_h4.en\ct\tp502\TP502_02a.ct
File Copy: C:\Program Files\Didactic\fl_sim_h4.en\ct\tp502\TP502_02b.ct
File Copy: C:\Program Files\Didactic\fl_sim_h4.en\ct\tp502\TP502_03.ct
File Copy: C:\Program Files\Didactic\fl_sim_h4.en\ct\tp502\TP502_04.ct
File Copy: C:\Program Files\Didactic\fl_sim_h4.en\ct\tp502\TP502_05a.ct
File Copy: C:\Program Files\Didactic\fl_sim_h4.en\ct\tp502\TP502_05b.ct
File Copy: C:\Program Files\Didactic\fl_sim_h4.en\ct\tp502\TP502_06.ct
File Copy: C:\Program Files\Didactic\fl_sim_h4.en\ct\tp502\TP502_07.ct
File Copy: C:\Program Files\Didactic\fl_sim_h4.en\ct\tp502\TP502_08.ct
File Copy: C:\Program Files\Didactic\fl_sim_h4.en\ct\tp502\TP502_09a.ct
File Copy: C:\Program Files\Didactic\fl_sim_h4.en\ct\tp502\TP502_09b.ct
File Copy: C:\Program Files\Didactic\fl_sim_h4.en\ct\tp502\TP502_09c.ct
File Copy: C:\Program Files\Didactic\fl_sim_h4.en\ct\tp502\TP502_10.ct
File Copy: C:\Program Files\Didactic\fl_sim_h4.en\ct\tp502\TP502_11.ct
File Copy: C:\Program Files\Didactic\fl_sim_h4.en\ct\tp502\TP502_12.ct
File Copy: C:\Program Files\Didactic\fl_sim_h4.en\ct\tp502\TP502_13.ct
File Copy: C:\Program Files\Didactic\fl_sim_h4.en\ct\tp502\TP502_14.ct
Made Dir: C:\Program Files\Didactic\fl_sim_h4.en\ct\tp511
File Copy: C:\Program Files\Didactic\fl_sim_h4.en\ct\tp511\pos.txt
File Copy: C:\Program Files\Didactic\fl_sim_h4.en\ct\tp511\TP511_01.ct
File Copy: C:\Program Files\Didactic\fl_sim_h4.en\ct\tp511\TP511_02.ct
File Copy: C:\Program Files\Didactic\fl_sim_h4.en\ct\tp511\TP511_03.ct
File Copy: C:\Program Files\Didactic\fl_sim_h4.en\ct\tp511\TP511_04.ct
File Copy: C:\Program Files\Didactic\fl_sim_h4.en\ct\tp511\TP511_05.ct
File Copy: C:\Program Files\Didactic\fl_sim_h4.en\ct\tp511\TP511_06.ct
File Copy: C:\Program Files\Didactic\fl_sim_h4.en\ct\tp511\TP511_07.ct
File Copy: C:\Program Files\Didactic\fl_sim_h4.en\ct\tp511\TP511_08.ct
File Copy: C:\Program Files\Didactic\fl_sim_h4.en\ct\tp511\TP511_09.ct
File Copy: C:\Program Files\Didactic\fl_sim_h4.en\ct\tp511\TP511_10.ct
File Copy: C:\Program Files\Didactic\fl_sim_h4.en\ct\tp511\TP511_11.ct
File Copy: C:\Program Files\Didactic\fl_sim_h4.en\ct\tp511\TP511_12.ct
File Copy: C:\Program Files\Didactic\fl_sim_h4.en\ct\tp511\TP511_13.ct
File Copy: C:\Program Files\Didactic\fl_sim_h4.en\ct\tp511\TP511_14.ct
File Copy: C:\Program Files\Didactic\fl_sim_h4.en\ct\tp511\TP511_15.ct
File Copy: C:\Program Files\Didactic\fl_sim_h4.en\ct\tp511\TP511_16.ct
File Copy: C:\Program Files\Didactic\fl_sim_h4.en\ct\tp511\TP511_17.ct
File Copy: C:\Program Files\Didactic\fl_sim_h4.en\ct\tp511\TP511_18.ct
File Copy: C:\Program Files\Didactic\fl_sim_h4.en\ct\tp511\TP511_19.ct
File Copy: C:\Program Files\Didactic\fl_sim_h4.en\ct\tp511\TP511_20.ct
File Copy: C:\Program Files\Didactic\fl_sim_h4.en\ct\tp511\TP511_21a.ct
File Copy: C:\Program Files\Didactic\fl_sim_h4.en\ct\tp511\TP511_21b.ct
Made Dir: C:\Program Files\Didactic\fl_sim_h4.en\ct\tp601
File Copy: C:\Program Files\Didactic\fl_sim_h4.en\ct\tp601\pos.txt
File Copy: C:\Program Files\Didactic\fl_sim_h4.en\ct\tp601\TP601_01a.ct
File Copy: C:\Program Files\Didactic\fl_sim_h4.en\ct\tp601\TP601_01b.ct
File Copy: C:\Program Files\Didactic\fl_sim_h4.en\ct\tp601\TP601_02a.ct
File Copy: C:\Program Files\Didactic\fl_sim_h4.en\ct\tp601\TP601_02b.ct
File Copy: C:\Program Files\Didactic\fl_sim_h4.en\ct\tp601\TP601_03a.ct
File Copy: C:\Program Files\Didactic\fl_sim_h4.en\ct\tp601\TP601_03b.ct
File Copy: C:\Program Files\Didactic\fl_sim_h4.en\ct\tp601\TP601_04a.ct
File Copy: C:\Program Files\Didactic\fl_sim_h4.en\ct\tp601\TP601_04b.ct
File Copy: C:\Program Files\Didactic\fl_sim_h4.en\ct\tp601\TP601_05a.ct
File Copy: C:\Program Files\Didactic\fl_sim_h4.en\ct\tp601\TP601_05b.ct
File Copy: C:\Program Files\Didactic\fl_sim_h4.en\ct\tp601\TP601_06a.ct
File Copy: C:\Program Files\Didactic\fl_sim_h4.en\ct\tp601\TP601_06b.ct
File Copy: C:\Program Files\Didactic\fl_sim_h4.en\ct\tp601\TP601_07.ct
File Copy: C:\Program Files\Didactic\fl_sim_h4.en\ct\tp601\TP601_08a.ct
File Copy: C:\Program Files\Didactic\fl_sim_h4.en\ct\tp601\TP601_08b.ct
File Copy: C:\Program Files\Didactic\fl_sim_h4.en\ct\tp601\TP601_09a.ct
File Copy: C:\Program Files\Didactic\fl_sim_h4.en\ct\tp601\TP601_09b.ct
File Copy: C:\Program Files\Didactic\fl_sim_h4.en\ct\tp601\TP601_10a.ct
File Copy: C:\Program Files\Didactic\fl_sim_h4.en\ct\tp601\TP601_10b.ct
File Copy: C:\Program Files\Didactic\fl_sim_h4.en\ct\tp601\TP601_11a.ct
File Copy: C:\Program Files\Didactic\fl_sim_h4.en\ct\tp601\TP601_11b.ct
File Copy: C:\Program Files\Didactic\fl_sim_h4.en\ct\tp601\TP601_12a.ct
File Copy: C:\Program Files\Didactic\fl_sim_h4.en\ct\tp601\TP601_12b.ct
File Copy: C:\Program Files\Didactic\fl_sim_h4.en\ct\tp601\TP601_13a.ct
File Copy: C:\Program Files\Didactic\fl_sim_h4.en\ct\tp601\TP601_13b.ct
Made Dir: C:\Program Files\Didactic\fl_sim_h4.en\ct\tp602
File Copy: C:\Program Files\Didactic\fl_sim_h4.en\ct\tp602\pos.txt
File Copy: C:\Program Files\Didactic\fl_sim_h4.en\ct\tp602\TP602_01.ct
File Copy: C:\Program Files\Didactic\fl_sim_h4.en\ct\tp602\TP602_02.ct
File Copy: C:\Program Files\Didactic\fl_sim_h4.en\ct\tp602\TP602_03.ct
File Copy: C:\Program Files\Didactic\fl_sim_h4.en\ct\tp602\TP602_04.ct
File Copy: C:\Program Files\Didactic\fl_sim_h4.en\ct\tp602\TP602_05.ct
File Copy: C:\Program Files\Didactic\fl_sim_h4.en\ct\tp602\TP602_06.ct
File Copy: C:\Program Files\Didactic\fl_sim_h4.en\ct\tp602\TP602_07.ct
File Copy: C:\Program Files\Didactic\fl_sim_h4.en\ct\tp602\TP602_08.ct
File Copy: C:\Program Files\Didactic\fl_sim_h4.en\ct\tp602\TP602_09.ct
File Copy: C:\Program Files\Didactic\fl_sim_h4.en\ct\tp602\TP602_10.ct
Made Dir: C:\Program Files\Didactic\fl_sim_h4.en\ct\tp701
File Copy: C:\Program Files\Didactic\fl_sim_h4.en\ct\tp701\pos.txt
File Copy: C:\Program Files\Didactic\fl_sim_h4.en\ct\tp701\TP701_01.ct
File Copy: C:\Program Files\Didactic\fl_sim_h4.en\ct\tp701\TP701_02.ct
File Copy: C:\Program Files\Didactic\fl_sim_h4.en\ct\tp701\TP701_03.ct
File Copy: C:\Program Files\Didactic\fl_sim_h4.en\ct\tp701\TP701_04.ct
File Copy: C:\Program Files\Didactic\fl_sim_h4.en\ct\tp701\TP701_05.ct
File Copy: C:\Program Files\Didactic\fl_sim_h4.en\ct\tp701\TP701_06.ct
File Copy: C:\Program Files\Didactic\fl_sim_h4.en\ct\tp701\TP701_07.ct
File Copy: C:\Program Files\Didactic\fl_sim_h4.en\ct\tp701\TP701_08.ct
File Copy: C:\Program Files\Didactic\fl_sim_h4.en\ct\tp701\TP701_09.ct
File Copy: C:\Program Files\Didactic\fl_sim_h4.en\ct\tp701\TP701_10.ct
Made Dir: C:\Program Files\Didactic\fl_sim_h4.en\ct\tp702
File Copy: C:\Program Files\Didactic\fl_sim_h4.en\ct\tp702\pos.txt
File Copy: C:\Program Files\Didactic\fl_sim_h4.en\ct\tp702\TP702_01.ct
File Copy: C:\Program Files\Didactic\fl_sim_h4.en\ct\tp702\TP702_03.ct
File Copy: C:\Program Files\Didactic\fl_sim_h4.en\ct\tp702\TP702_06.ct
File Copy: C:\Program Files\Didactic\fl_sim_h4.en\ct\tp702\TP702_08.ct
File Copy: C:\Program Files\Didactic\fl_sim_h4.en\ct\tp702\TP702_09.ct
File Copy: C:\Program Files\Didactic\fl_sim_h4.en\ct\tp702\TP702_10.ct
File Overwrite: C:\Program Files\Didactic\fl_sim_h4.en\ct\demo_13.ct
File Copy: C:\Program Files\Didactic\fl_sim_h4.en\ct\Grafcet\Grafcet18.ct
File Copy: C:\Program Files\Didactic\fl_sim_h4.en\ct\tp702\TP702_04a.ct
File Copy: C:\Program Files\Didactic\fl_sim_h4.en\ct\tp702\TP702_04b.ct
File Copy: C:\Program Files\Didactic\fl_sim_h4.en\ct\tp702\TP702_05.ct
File Copy: C:\Program Files\Didactic\fl_sim_h4.en\ct\tp702\TP702_07.ct
File Copy: C:\Program Files\Didactic\fl_sim_h4.en\ct\digital\d_01.ct
File Copy: C:\Program Files\Didactic\fl_sim_h4.en\ct\digital\d_02.ct
File Copy: C:\Program Files\Didactic\fl_sim_h4.en\ct\digital\d_03.ct
File Copy: C:\Program Files\Didactic\fl_sim_h4.en\ct\digital\d_04.ct
File Copy: C:\Program Files\Didactic\fl_sim_h4.en\ct\digital\d_05.ct
File Copy: C:\Program Files\Didactic\fl_sim_h4.en\ct\digital\d_06.ct
File Copy: C:\Program Files\Didactic\fl_sim_h4.en\ct\digital\d_07.ct
File Copy: C:\Program Files\Didactic\fl_sim_h4.en\ct\digital\d_08.ct
File Copy: C:\Program Files\Didactic\fl_sim_h4.en\ct\digital\d_09.ct
File Copy: C:\Program Files\Didactic\fl_sim_h4.en\ct\digital\d_10.ct
File Copy: C:\Program Files\Didactic\fl_sim_h4.en\ct\digital\d_11.ct
File Copy: C:\Program Files\Didactic\fl_sim_h4.en\ct\digital\d_12.ct
File Copy: C:\Program Files\Didactic\fl_sim_h4.en\ct\digital\d_13.ct
File Copy: C:\Program Files\Didactic\fl_sim_h4.en\ct\digital\d_14.ct
File Copy: C:\Program Files\Didactic\fl_sim_h4.en\ct\digital\d_15.ct
File Copy: C:\Program Files\Didactic\fl_sim_h4.en\ct\digital\d_17.ct
File Copy: C:\Program Files\Didactic\fl_sim_h4.en\ct\digital\d_18.ct
File Copy: C:\Program Files\Didactic\fl_sim_h4.en\ct\digital\d_19.ct
File Copy: C:\Program Files\Didactic\fl_sim_h4.en\ct\digital\d_20.ct
File Copy: C:\Program Files\Didactic\fl_sim_h4.en\ct\digital\d_21.ct
File Copy: C:\Program Files\Didactic\fl_sim_h4.en\ct\digital\d_22.ct
File Copy: C:\Program Files\Didactic\fl_sim_h4.en\ct\digital\d_23.ct
File Copy: C:\Program Files\Didactic\fl_sim_h4.en\ct\digital\d_24.ct
File Copy: C:\Program Files\Didactic\fl_sim_h4.en\ct\digital\d_25.ct
File Copy: C:\Program Files\Didactic\fl_sim_h4.en\ct\digital\d_26.ct
File Copy: C:\Program Files\Didactic\fl_sim_h4.en\ct\digital\d_27.ct
File Copy: C:\Program Files\Didactic\fl_sim_h4.en\ct\digital\d_28.ct
File Copy: C:\Program Files\Didactic\fl_sim_h4.en\ct\digital\d_29.ct
File Copy: C:\Program Files\Didactic\fl_sim_h4.en\ct\digital\d_30.ct
File Copy: C:\Program Files\Didactic\fl_sim_h4.en\ct\digital\d_32.ct
File Copy: C:\Program Files\Didactic\fl_sim_h4.en\ct\digital\d_33.ct
File Copy: C:\Program Files\Didactic\fl_sim_h4.en\ct\digital\d_34.ct
File Copy: C:\Program Files\Didactic\fl_sim_h4.en\ct\digital\d_35.ct
File Copy: C:\Program Files\Didactic\fl_sim_h4.en\ct\digital\d_36.ct
File Copy: C:\Program Files\Didactic\fl_sim_h4.en\ct\digital\D_37.ct
File Overwrite: C:\Program Files\Didactic\fl_sim_h4.en\Aq\ach.kb
File Overwrite: C:\Program Files\Didactic\fl_sim_h4.en\Aq\moh.kb
File Overwrite: C:\Program Files\Didactic\fl_sim_h4.en\bin\AdMoSim.dll
File Overwrite: C:\Program Files\Didactic\fl_sim_h4.en\bin\ad_aerc.dll
File Overwrite: C:\Program Files\Didactic\fl_sim_h4.en\bin\Ad_dde.dll
File Overwrite: C:\Program Files\Didactic\fl_sim_h4.en\bin\ad_io.dll
File Overwrite: C:\Program Files\Didactic\fl_sim_h4.en\bin\ad_kb.dll
File Overwrite: C:\Program Files\Didactic\fl_sim_h4.en\bin\Ad_sym.dll
File Overwrite: C:\Program Files\Didactic\fl_sim_h4.en\bin\fdezopc.dll
File Overwrite: C:\Program Files\Didactic\fl_sim_h4.en\bin\Frames.bin
File Overwrite: C:\Program Files\Didactic\fl_sim_h4.en\bin\Help.ico
File Copy: C:\Program Files\Didactic\fl_sim_h4.en\bin\lang_map.bin
File Overwrite: C:\Program Files\Didactic\fl_sim_h4.en\bin\Pic.bin
File Overwrite: C:\Program Files\Didactic\fl_sim_h4.en\misc\DXFASCII.TXT
File Overwrite: C:\Program Files\Didactic\fl_sim_h4.en\misc\DXFCOLOR.TXT
File Overwrite: C:\Program Files\Didactic\fl_sim_h4.en\misc\DXFLINE.TXT
File Overwrite: C:\Program Files\Didactic\fl_sim_h4.en\misc\FLUIDSIM.CFG
File Overwrite: C:\Program Files\Didactic\fl_sim_h4.en\misc\FLUIDSIM.INI
File Overwrite: C:\Program Files\Didactic\fl_sim_h4.en\Aq\eh.kb
File Overwrite: C:\Program Files\Didactic\fl_sim_h4.en\bin\ad_dsd.dll
File Copy: C:\Program Files\Didactic\fl_sim_h4.en\bin\Ad_dxf.dll
File Copy: C:\Program Files\Didactic\fl_sim_h4.en\bin\Ad_jpg.dll
File Copy: C:\Program Files\Didactic\fl_sim_h4.en\bin\ad_tif.dll
File Overwrite: C:\Program Files\Didactic\fl_sim_h4.en\bin\fl_sim_h.exe
File Overwrite: C:\Program Files\Didactic\fl_sim_h4.en\bin\fl_sim_h.exe.manifest
File Copy: C:\Program Files\Didactic\fl_sim_h4.en\bin\i_update.exe
File Overwrite: C:\Program Files\Didactic\fl_sim_h4.en\sym\Pos.txt
File Overwrite: C:\Program Files\Didactic\fl_sim_h4.en\sym\dde\fs_in.ct
File Overwrite: C:\Program Files\Didactic\fl_sim_h4.en\sym\dde\fs_out.ct
File Overwrite: C:\Program Files\Didactic\fl_sim_h4.en\sym\dde\pos.txt
File Overwrite: C:\Program Files\Didactic\fl_sim_h4.en\sym\Digital\digi001.ct
File Overwrite: C:\Program Files\Didactic\fl_sim_h4.en\sym\Digital\digi0013.ct
File Overwrite: C:\Program Files\Didactic\fl_sim_h4.en\sym\Digital\digi002.ct
File Overwrite: C:\Program Files\Didactic\fl_sim_h4.en\sym\Digital\digi003.ct
File Overwrite: C:\Program Files\Didactic\fl_sim_h4.en\sym\Digital\digi004.ct
File Overwrite: C:\Program Files\Didactic\fl_sim_h4.en\sym\Digital\digi005.ct
File Overwrite: C:\Program Files\Didactic\fl_sim_h4.en\sym\Digital\digi006.ct
File Overwrite: C:\Program Files\Didactic\fl_sim_h4.en\sym\Digital\digi007.ct
File Overwrite: C:\Program Files\Didactic\fl_sim_h4.en\sym\Digital\digi008.ct
File Overwrite: C:\Program Files\Didactic\fl_sim_h4.en\sym\Digital\digi009.ct
File Overwrite: C:\Program Files\Didactic\fl_sim_h4.en\sym\Digital\digi010.ct
File Overwrite: C:\Program Files\Didactic\fl_sim_h4.en\sym\Digital\digi011.ct
File Overwrite: C:\Program Files\Didactic\fl_sim_h4.en\sym\Digital\digi012.ct
File Overwrite: C:\Program Files\Didactic\fl_sim_h4.en\sym\Digital\digi014.ct
File Overwrite: C:\Program Files\Didactic\fl_sim_h4.en\sym\Digital\digi015.ct
File Overwrite: C:\Program Files\Didactic\fl_sim_h4.en\sym\Digital\digi016.ct
File Overwrite: C:\Program Files\Didactic\fl_sim_h4.en\sym\Digital\digi018.ct
File Overwrite: C:\Program Files\Didactic\fl_sim_h4.en\sym\Digital\digi019.ct
File Overwrite: C:\Program Files\Didactic\fl_sim_h4.en\sym\Digital\digi020.ct
File Overwrite: C:\Program Files\Didactic\fl_sim_h4.en\sym\Digital\digi021.ct
File Overwrite: C:\Program Files\Didactic\fl_sim_h4.en\sym\Digital\digi022.ct
File Overwrite: C:\Program Files\Didactic\fl_sim_h4.en\sym\Digital\digi023.ct
File Overwrite: C:\Program Files\Didactic\fl_sim_h4.en\sym\Digital\digi025.ct
File Overwrite: C:\Program Files\Didactic\fl_sim_h4.en\sym\Digital\digi24.ct
File Overwrite: C:\Program Files\Didactic\fl_sim_h4.en\sym\Digital\digi25.ct
File Overwrite: C:\Program Files\Didactic\fl_sim_h4.en\sym\Digital\d_mod.ct
File Overwrite: C:\Program Files\Didactic\fl_sim_h4.en\sym\Digital\d_mod2.ct
File Overwrite: C:\Program Files\Didactic\fl_sim_h4.en\sym\Digital\pos.txt
File Overwrite: C:\Program Files\Didactic\fl_sim_h4.en\sym\Digital\switch_d.ct
File Overwrite: C:\Program Files\Didactic\fl_sim_h4.en\sym\electr\pos.txt
File Overwrite: C:\Program Files\Didactic\fl_sim_h4.en\sym\electr\actuator\mot.ct
File Overwrite: C:\Program Files\Didactic\fl_sim_h4.en\sym\electr\actuator\pos.txt
File Overwrite: C:\Program Files\Didactic\fl_sim_h4.en\sym\electr\control\compare.ct
File Overwrite: C:\Program Files\Didactic\fl_sim_h4.en\sym\electr\control\control.ct
File Overwrite: C:\Program Files\Didactic\fl_sim_h4.en\sym\electr\control\contrpid.ct
File Overwrite: C:\Program Files\Didactic\fl_sim_h4.en\sym\electr\control\pos.txt
File Overwrite: C:\Program Files\Didactic\fl_sim_h4.en\sym\electr\ladder\l1.ct
File Overwrite: C:\Program Files\Didactic\fl_sim_h4.en\sym\electr\ladder\l10.ct
File Overwrite: C:\Program Files\Didactic\fl_sim_h4.en\sym\electr\ladder\l11.ct
File Overwrite: C:\Program Files\Didactic\fl_sim_h4.en\sym\electr\ladder\l12.ct
File Overwrite: C:\Program Files\Didactic\fl_sim_h4.en\sym\electr\ladder\l13.ct
File Overwrite: C:\Program Files\Didactic\fl_sim_h4.en\sym\electr\ladder\l2.ct
File Overwrite: C:\Program Files\Didactic\fl_sim_h4.en\sym\electr\ladder\l4.ct
File Overwrite: C:\Program Files\Didactic\fl_sim_h4.en\sym\electr\ladder\l5.ct
File Overwrite: C:\Program Files\Didactic\fl_sim_h4.en\sym\electr\ladder\l6.ct
File Overwrite: C:\Program Files\Didactic\fl_sim_h4.en\sym\electr\ladder\l7.ct
File Overwrite: C:\Program Files\Didactic\fl_sim_h4.en\sym\electr\ladder\l8.ct
File Overwrite: C:\Program Files\Didactic\fl_sim_h4.en\sym\electr\ladder\l9.ct
File Overwrite: C:\Program Files\Didactic\fl_sim_h4.en\sym\electr\ladder\pos.txt
File Overwrite: C:\Program Files\Didactic\fl_sim_h4.en\sym\electr\relay\amp1.ct
File Overwrite: C:\Program Files\Didactic\fl_sim_h4.en\sym\electr\relay\amp2.ct
File Overwrite: C:\Program Files\Didactic\fl_sim_h4.en\sym\electr\relay\cur_lim.ct
File Overwrite: C:\Program Files\Didactic\fl_sim_h4.en\sym\electr\relay\mi1.ct
File Overwrite: C:\Program Files\Didactic\fl_sim_h4.en\sym\electr\relay\pos.txt
File Overwrite: C:\Program Files\Didactic\fl_sim_h4.en\sym\electr\relay\pvalsol.ct
File Overwrite: C:\Program Files\Didactic\fl_sim_h4.en\sym\electr\relay\re1.ct
File Overwrite: C:\Program Files\Didactic\fl_sim_h4.en\sym\electr\relay\re2.ct
File Overwrite: C:\Program Files\Didactic\fl_sim_h4.en\sym\electr\relay\re3.ct
File Overwrite: C:\Program Files\Didactic\fl_sim_h4.en\sym\electr\relay\re4.ct
File Overwrite: C:\Program Files\Didactic\fl_sim_h4.en\sym\electr\sensor\amtr.ct
File Overwrite: C:\Program Files\Didactic\fl_sim_h4.en\sym\electr\sensor\dispenc.ct
File Overwrite: C:\Program Files\Didactic\fl_sim_h4.en\sym\electr\sensor\easensp.ct
File Overwrite: C:\Program Files\Didactic\fl_sim_h4.en\sym\electr\sensor\easensq.ct
File Overwrite: C:\Program Files\Didactic\fl_sim_h4.en\sym\electr\sensor\eprsw.ct
File Overwrite: C:\Program Files\Didactic\fl_sim_h4.en\sym\electr\sensor\pos.txt
File Overwrite: C:\Program Files\Didactic\fl_sim_h4.en\sym\electr\sensor\si1.ct
File Overwrite: C:\Program Files\Didactic\fl_sim_h4.en\sym\electr\sensor\si2.ct
File Overwrite: C:\Program Files\Didactic\fl_sim_h4.en\sym\electr\sensor\vmtr.ct
File Overwrite: C:\Program Files\Didactic\fl_sim_h4.en\sym\electr\supply\es1.ct
File Overwrite: C:\Program Files\Didactic\fl_sim_h4.en\sym\electr\supply\es2.ct
File Overwrite: C:\Program Files\Didactic\fl_sim_h4.en\sym\electr\supply\generat.ct
File Overwrite: C:\Program Files\Didactic\fl_sim_h4.en\sym\electr\supply\pos.txt
File Overwrite: C:\Program Files\Didactic\fl_sim_h4.en\sym\electr\supply\spc.ct
File Overwrite: C:\Program Files\Didactic\fl_sim_h4.en\sym\electr\switch\pos.txt
File Overwrite: C:\Program Files\Didactic\fl_sim_h4.en\sym\electr\switch\General\gs1.ct
File Overwrite: C:\Program Files\Didactic\fl_sim_h4.en\sym\electr\switch\General\gs2.ct
File Overwrite: C:\Program Files\Didactic\fl_sim_h4.en\sym\electr\switch\General\gs3.ct
File Overwrite: C:\Program Files\Didactic\fl_sim_h4.en\sym\electr\switch\General\pos.txt
File Overwrite: C:\Program Files\Didactic\fl_sim_h4.en\sym\electr\switch\Manually\ms1.ct
File Overwrite: C:\Program Files\Didactic\fl_sim_h4.en\sym\electr\switch\Manually\ms2.ct
File Overwrite: C:\Program Files\Didactic\fl_sim_h4.en\sym\electr\switch\Manually\ms3.ct
File Overwrite: C:\Program Files\Didactic\fl_sim_h4.en\sym\electr\switch\Manually\ms4.ct
File Overwrite: C:\Program Files\Didactic\fl_sim_h4.en\sym\electr\switch\Manually\ms5.ct
File Overwrite: C:\Program Files\Didactic\fl_sim_h4.en\sym\electr\switch\Manually\ms6.ct
File Overwrite: C:\Program Files\Didactic\fl_sim_h4.en\sym\electr\switch\Manually\pos.txt
File Overwrite: C:\Program Files\Didactic\fl_sim_h4.en\sym\electr\switch\Proximit\pos.txt
File Overwrite: C:\Program Files\Didactic\fl_sim_h4.en\sym\electr\switch\Proximit\px1.ct
File Overwrite: C:\Program Files\Didactic\fl_sim_h4.en\sym\electr\switch\Proximit\px2.ct
File Overwrite: C:\Program Files\Didactic\fl_sim_h4.en\sym\electr\switch\Proximit\px3.ct
File Overwrite: C:\Program Files\Didactic\fl_sim_h4.en\sym\electr\switch\Proximit\px4.ct
File Overwrite: C:\Program Files\Didactic\fl_sim_h4.en\sym\grafcet\action.ct
File Overwrite: C:\Program Files\Didactic\fl_sim_h4.en\sym\grafcet\grfctio.ct
File Overwrite: C:\Program Files\Didactic\fl_sim_h4.en\sym\grafcet\pos.txt
File Overwrite: C:\Program Files\Didactic\fl_sim_h4.en\sym\grafcet\step.ct
File Overwrite: C:\Program Files\Didactic\fl_sim_h4.en\sym\grafcet\sub.ct
File Overwrite: C:\Program Files\Didactic\fl_sim_h4.en\sym\grafcet\sync.ct
File Overwrite: C:\Program Files\Didactic\fl_sim_h4.en\sym\grafcet\trans.ct
File Overwrite: C:\Program Files\Didactic\fl_sim_h4.en\sym\hyd\pos.txt
File Overwrite: C:\Program Files\Didactic\fl_sim_h4.en\sym\hyd\actuator\a1.ct
File Overwrite: C:\Program Files\Didactic\fl_sim_h4.en\sym\hyd\actuator\a2.ct
File Overwrite: C:\Program Files\Didactic\fl_sim_h4.en\sym\hyd\actuator\a3.ct
File Overwrite: C:\Program Files\Didactic\fl_sim_h4.en\sym\hyd\actuator\a4.ct
File Overwrite: C:\Program Files\Didactic\fl_sim_h4.en\sym\hyd\actuator\a4h.ct
File Overwrite: C:\Program Files\Didactic\fl_sim_h4.en\sym\hyd\actuator\a5.ct
File Overwrite: C:\Program Files\Didactic\fl_sim_h4.en\sym\hyd\actuator\mi2.ct
File Overwrite: C:\Program Files\Didactic\fl_sim_h4.en\sym\hyd\actuator\pos.txt
File Overwrite: C:\Program Files\Didactic\fl_sim_h4.en\sym\hyd\sensor\mea1.ct
File Overwrite: C:\Program Files\Didactic\fl_sim_h4.en\sym\hyd\sensor\mea1b.ct
File Overwrite: C:\Program Files\Didactic\fl_sim_h4.en\sym\hyd\sensor\mea2.ct
File Overwrite: C:\Program Files\Didactic\fl_sim_h4.en\sym\hyd\sensor\mea3.ct
File Overwrite: C:\Program Files\Didactic\fl_sim_h4.en\sym\hyd\sensor\mea3b.ct
File Overwrite: C:\Program Files\Didactic\fl_sim_h4.en\sym\hyd\sensor\mea4.ct
File Overwrite: C:\Program Files\Didactic\fl_sim_h4.en\sym\hyd\sensor\mea5.ct
File Overwrite: C:\Program Files\Didactic\fl_sim_h4.en\sym\hyd\sensor\pasensh.ct
File Overwrite: C:\Program Files\Didactic\fl_sim_h4.en\sym\hyd\sensor\pos.txt
File Overwrite: C:\Program Files\Didactic\fl_sim_h4.en\sym\hyd\sensor\ps1.ct
File Overwrite: C:\Program Files\Didactic\fl_sim_h4.en\sym\hyd\supply\acc1.ct
File Overwrite: C:\Program Files\Didactic\fl_sim_h4.en\sym\hyd\supply\acc2.ct
File Overwrite: C:\Program Files\Didactic\fl_sim_h4.en\sym\hyd\supply\amp1.ct
File Overwrite: C:\Program Files\Didactic\fl_sim_h4.en\sym\hyd\supply\hsup1.ct
File Overwrite: C:\Program Files\Didactic\fl_sim_h4.en\sym\hyd\supply\hsup2.ct
File Overwrite: C:\Program Files\Didactic\fl_sim_h4.en\sym\hyd\supply\hsup3.ct
File Overwrite: C:\Program Files\Didactic\fl_sim_h4.en\sym\hyd\supply\hsup4.ct
File Overwrite: C:\Program Files\Didactic\fl_sim_h4.en\sym\hyd\supply\hsup5.ct
File Overwrite: C:\Program Files\Didactic\fl_sim_h4.en\sym\hyd\supply\pg1.ct
File Overwrite: C:\Program Files\Didactic\fl_sim_h4.en\sym\hyd\supply\pos.txt
File Overwrite: C:\Program Files\Didactic\fl_sim_h4.en\sym\hyd\supply\s1.ct
File Overwrite: C:\Program Files\Didactic\fl_sim_h4.en\sym\hyd\supply\s2.ct
File Overwrite: C:\Program Files\Didactic\fl_sim_h4.en\sym\hyd\supply\s3.ct
File Overwrite: C:\Program Files\Didactic\fl_sim_h4.en\sym\hyd\supply\s4.ct
File Overwrite: C:\Program Files\Didactic\fl_sim_h4.en\sym\hyd\supply\s5.ct
File Overwrite: C:\Program Files\Didactic\fl_sim_h4.en\sym\hyd\valve\pos.txt
File Overwrite: C:\Program Files\Didactic\fl_sim_h4.en\sym\hyd\valve\cvalve\cv2.ct
File Overwrite: C:\Program Files\Didactic\fl_sim_h4.en\sym\hyd\valve\cvalve\cv3.ct
File Overwrite: C:\Program Files\Didactic\fl_sim_h4.en\sym\hyd\valve\cvalve\cv4.ct
File Overwrite: C:\Program Files\Didactic\fl_sim_h4.en\sym\hyd\valve\cvalve\cv5.ct
File Overwrite: C:\Program Files\Didactic\fl_sim_h4.en\sym\hyd\valve\cvalve\cv6.ct
File Overwrite: C:\Program Files\Didactic\fl_sim_h4.en\sym\hyd\valve\cvalve\cv8.ct
File Overwrite: C:\Program Files\Didactic\fl_sim_h4.en\sym\hyd\valve\cvalve\pos.txt
File Overwrite: C:\Program Files\Didactic\fl_sim_h4.en\sym\hyd\valve\fuvalve\pos.txt
File Overwrite: C:\Program Files\Didactic\fl_sim_h4.en\sym\hyd\valve\fuvalve\evalve\el1.ct
File Overwrite: C:\Program Files\Didactic\fl_sim_h4.en\sym\hyd\valve\fuvalve\evalve\el2.ct
File Overwrite: C:\Program Files\Didactic\fl_sim_h4.en\sym\hyd\valve\fuvalve\evalve\el3.ct
File Overwrite: C:\Program Files\Didactic\fl_sim_h4.en\sym\hyd\valve\fuvalve\evalve\el4.ct
File Overwrite: C:\Program Files\Didactic\fl_sim_h4.en\sym\hyd\valve\fuvalve\evalve\el5.ct
File Overwrite: C:\Program Files\Didactic\fl_sim_h4.en\sym\hyd\valve\fuvalve\evalve\el6.ct
File Overwrite: C:\Program Files\Didactic\fl_sim_h4.en\sym\hyd\valve\fuvalve\evalve\el7.ct
File Overwrite: C:\Program Files\Didactic\fl_sim_h4.en\sym\hyd\valve\fuvalve\evalve\el8.ct
File Overwrite: C:\Program Files\Didactic\fl_sim_h4.en\sym\hyd\valve\fuvalve\evalve\mi1.ct
File Overwrite: C:\Program Files\Didactic\fl_sim_h4.en\sym\hyd\valve\fuvalve\evalve\pos.txt
File Overwrite: C:\Program Files\Didactic\fl_sim_h4.en\sym\hyd\valve\fuvalve\mvalve\me1.ct
File Overwrite: C:\Program Files\Didactic\fl_sim_h4.en\sym\hyd\valve\fuvalve\mvalve\me10.ct
File Overwrite: C:\Program Files\Didactic\fl_sim_h4.en\sym\hyd\valve\fuvalve\mvalve\me11.ct
File Overwrite: C:\Program Files\Didactic\fl_sim_h4.en\sym\hyd\valve\fuvalve\mvalve\me2.ct
File Overwrite: C:\Program Files\Didactic\fl_sim_h4.en\sym\hyd\valve\fuvalve\mvalve\me3.ct
File Overwrite: C:\Program Files\Didactic\fl_sim_h4.en\sym\hyd\valve\fuvalve\mvalve\me4.ct
File Overwrite: C:\Program Files\Didactic\fl_sim_h4.en\sym\hyd\valve\fuvalve\mvalve\me5.ct
File Overwrite: C:\Program Files\Didactic\fl_sim_h4.en\sym\hyd\valve\fuvalve\mvalve\me6.ct
File Overwrite: C:\Program Files\Didactic\fl_sim_h4.en\sym\hyd\valve\fuvalve\mvalve\me7.ct
File Overwrite: C:\Program Files\Didactic\fl_sim_h4.en\sym\hyd\valve\fuvalve\mvalve\me8.ct
File Overwrite: C:\Program Files\Didactic\fl_sim_h4.en\sym\hyd\valve\fuvalve\mvalve\me9.ct
File Overwrite: C:\Program Files\Didactic\fl_sim_h4.en\sym\hyd\valve\fuvalve\mvalve\pos.txt
File Overwrite: C:\Program Files\Didactic\fl_sim_h4.en\sym\hyd\valve\pcvalve\cav1.ct
File Overwrite: C:\Program Files\Didactic\fl_sim_h4.en\sym\hyd\valve\pcvalve\cav2.ct
File Overwrite: C:\Program Files\Didactic\fl_sim_h4.en\sym\hyd\valve\pcvalve\cav3.ct
File Overwrite: C:\Program Files\Didactic\fl_sim_h4.en\sym\hyd\valve\pcvalve\pco.ct
File Overwrite: C:\Program Files\Didactic\fl_sim_h4.en\sym\hyd\valve\pcvalve\pos.txt
File Overwrite: C:\Program Files\Didactic\fl_sim_h4.en\sym\hyd\valve\pcvalve\ppc.ct
File Overwrite: C:\Program Files\Didactic\fl_sim_h4.en\sym\hyd\valve\pcvalve\ppc2.ct
File Overwrite: C:\Program Files\Didactic\fl_sim_h4.en\sym\hyd\valve\pcvalve\ppo2.ct
File Overwrite: C:\Program Files\Didactic\fl_sim_h4.en\sym\hyd\valve\pcvalve\prv1.ct
File Overwrite: C:\Program Files\Didactic\fl_sim_h4.en\sym\hyd\valve\pcvalve\prv2.ct
File Overwrite: C:\Program Files\Didactic\fl_sim_h4.en\sym\hyd\valve\pcvalve\prvp.ct
File Overwrite: C:\Program Files\Didactic\fl_sim_h4.en\sym\hyd\valve\pcvalve\sf3.ct
File Overwrite: C:\Program Files\Didactic\fl_sim_h4.en\sym\hyd\valve\pcvalve\sf6.ct
File Overwrite: C:\Program Files\Didactic\fl_sim_h4.en\sym\hyd\valve\pcvalve\sf7.ct
File Overwrite: C:\Program Files\Didactic\fl_sim_h4.en\sym\hyd\valve\pcvalve\sf8.ct
File Overwrite: C:\Program Files\Didactic\fl_sim_h4.en\sym\hyd\valve\provalve\amp1.ct
File Overwrite: C:\Program Files\Didactic\fl_sim_h4.en\sym\hyd\valve\provalve\amp2.ct
File Overwrite: C:\Program Files\Didactic\fl_sim_h4.en\sym\hyd\valve\provalve\DBVVPH.ct
File Overwrite: C:\Program Files\Didactic\fl_sim_h4.en\sym\hyd\valve\provalve\DRVVPH.ct
File Overwrite: C:\Program Files\Didactic\fl_sim_h4.en\sym\hyd\valve\provalve\pos.txt
File Overwrite: C:\Program Files\Didactic\fl_sim_h4.en\sym\hyd\valve\provalve\prop1h.ct
File Overwrite: C:\Program Files\Didactic\fl_sim_h4.en\sym\hyd\valve\provalve\prop2h.ct
File Overwrite: C:\Program Files\Didactic\fl_sim_h4.en\sym\hyd\valve\provalve\prop3h.ct
File Overwrite: C:\Program Files\Didactic\fl_sim_h4.en\sym\hyd\valve\provalve\prvprop.ct
File Overwrite: C:\Program Files\Didactic\fl_sim_h4.en\sym\hyd\valve\provalve\pvalsol.ct
File Overwrite: C:\Program Files\Didactic\fl_sim_h4.en\sym\hyd\valve\sfcvalve\fcv.ct
File Overwrite: C:\Program Files\Didactic\fl_sim_h4.en\sym\hyd\valve\sfcvalve\of1.ct
File Overwrite: C:\Program Files\Didactic\fl_sim_h4.en\sym\hyd\valve\sfcvalve\of2.ct
File Overwrite: C:\Program Files\Didactic\fl_sim_h4.en\sym\hyd\valve\sfcvalve\pos.txt
File Overwrite: C:\Program Files\Didactic\fl_sim_h4.en\sym\hyd\valve\sfcvalve\sf1.ct
File Overwrite: C:\Program Files\Didactic\fl_sim_h4.en\sym\hyd\valve\sfcvalve\sf10.ct
File Overwrite: C:\Program Files\Didactic\fl_sim_h4.en\sym\hyd\valve\sfcvalve\sf11.ct
File Overwrite: C:\Program Files\Didactic\fl_sim_h4.en\sym\hyd\valve\sfcvalve\sf12.ct
File Overwrite: C:\Program Files\Didactic\fl_sim_h4.en\sym\hyd\valve\sfcvalve\sf13.ct
File Overwrite: C:\Program Files\Didactic\fl_sim_h4.en\sym\hyd\valve\sfcvalve\sf2.ct
File Overwrite: C:\Program Files\Didactic\fl_sim_h4.en\sym\hyd\valve\sfcvalve\sf2a.ct
File Overwrite: C:\Program Files\Didactic\fl_sim_h4.en\sym\hyd\valve\sfcvalve\sf4.ct
File Overwrite: C:\Program Files\Didactic\fl_sim_h4.en\sym\hyd\valve\sfcvalve\sf5a.ct
File Overwrite: C:\Program Files\Didactic\fl_sim_h4.en\sym\hyd\valve\sfcvalve\sf5b.ct
File Overwrite: C:\Program Files\Didactic\fl_sim_h4.en\sym\hyd\valve\sfcvalve\sf5c.ct
File Overwrite: C:\Program Files\Didactic\fl_sim_h4.en\sym\hyd\valve\sfcvalve\sf5d.ct
File Overwrite: C:\Program Files\Didactic\fl_sim_h4.en\sym\hyd\valve\sfcvalve\sf9.ct
File Overwrite: C:\Program Files\Didactic\fl_sim_h4.en\sym\hyd\valve\sfcvalve\th1.ct
File Overwrite: C:\Program Files\Didactic\fl_sim_h4.en\sym\misc\bitmap.ct
File Overwrite: C:\Program Files\Didactic\fl_sim_h4.en\sym\misc\Diag.ct
File Overwrite: C:\Program Files\Didactic\fl_sim_h4.en\sym\misc\mi3.ct
File Overwrite: C:\Program Files\Didactic\fl_sim_h4.en\sym\misc\mi4.ct
File Overwrite: C:\Program Files\Didactic\fl_sim_h4.en\sym\misc\partlist.ct
File Overwrite: C:\Program Files\Didactic\fl_sim_h4.en\sym\misc\Pos.txt
File Overwrite: C:\Program Files\Didactic\fl_sim_h4.en\sym\misc\sym000.ct
File Overwrite: C:\Program Files\Didactic\fl_sim_h4.en\sym\misc\sym001.ct
File Overwrite: C:\Program Files\Didactic\fl_sim_h4.en\sym\misc\sym002.ct
File Overwrite: C:\Program Files\Didactic\fl_sim_h4.en\sym\misc\sym003.ct
File Overwrite: C:\Program Files\Didactic\fl_sim_h4.en\sym\misc\termdg.ct
File Copy: C:\Program Files\Didactic\fl_sim_h4.en\bin\FlashPlayerControl.dll
File Overwrite: C:\Program Files\Didactic\fl_sim_h4.en\bin\ad_anm.dll
File Copy: C:\Program Files\Didactic\fl_sim_h4.en\bin\Lang001.bin
File Overwrite: C:\Program Files\Didactic\fl_sim_h4.en\bin\fl_sim_h.chm
File Overwrite: C:\Program Files\Didactic\fl_sim_h4.en\doc\Fl_sim_h.pdf
Made Dir: C:\Program Files\Didactic\fl_sim_h4.en\dida
File Copy: C:\Program Files\Didactic\fl_sim_h4.en\dida\p1_2_1_1.ct
File Copy: C:\Program Files\Didactic\fl_sim_h4.en\dida\p1_2_1_4_4_1.ct
File Copy: C:\Program Files\Didactic\fl_sim_h4.en\dida\p1_2_1_8.ct
File Copy: C:\Program Files\Didactic\fl_sim_h4.en\dida\p2.ct
File Copy: C:\Program Files\Didactic\fl_sim_h4.en\dida\p2_1.ct
File Copy: C:\Program Files\Didactic\fl_sim_h4.en\dida\p2_1_1.ct
File Copy: C:\Program Files\Didactic\fl_sim_h4.en\dida\p2_1_10.ct
File Copy: C:\Program Files\Didactic\fl_sim_h4.en\dida\p2_1_10_1.ct
File Copy: C:\Program Files\Didactic\fl_sim_h4.en\dida\p2_1_10_2.ct
File Copy: C:\Program Files\Didactic\fl_sim_h4.en\dida\p2_1_10_3.ct
File Copy: C:\Program Files\Didactic\fl_sim_h4.en\dida\p2_1_10_4.ct
File Copy: C:\Program Files\Didactic\fl_sim_h4.en\dida\p2_1_10_5.ct
File Copy: C:\Program Files\Didactic\fl_sim_h4.en\dida\p2_1_10_6.ct
File Copy: C:\Program Files\Didactic\fl_sim_h4.en\dida\p2_1_10_7.ct
File Copy: C:\Program Files\Didactic\fl_sim_h4.en\dida\p2_1_11.ct
File Copy: C:\Program Files\Didactic\fl_sim_h4.en\dida\p2_1_11_1.ct
File Copy: C:\Program Files\Didactic\fl_sim_h4.en\dida\p2_1_11_2.ct
File Copy: C:\Program Files\Didactic\fl_sim_h4.en\dida\p2_1_11_3.ct
File Copy: C:\Program Files\Didactic\fl_sim_h4.en\dida\p2_1_11_4.ct
File Copy: C:\Program Files\Didactic\fl_sim_h4.en\dida\p2_1_11_5.ct
File Copy: C:\Program Files\Didactic\fl_sim_h4.en\dida\p2_1_11_6.ct
File Copy: C:\Program Files\Didactic\fl_sim_h4.en\dida\p2_1_11_7.ct
File Copy: C:\Program Files\Didactic\fl_sim_h4.en\dida\p2_1_1_1.ct
File Copy: C:\Program Files\Didactic\fl_sim_h4.en\dida\p2_1_1_10.ct
File Copy: C:\Program Files\Didactic\fl_sim_h4.en\dida\p2_1_1_11.ct
File Copy: C:\Program Files\Didactic\fl_sim_h4.en\dida\p2_1_1_12.ct
File Copy: C:\Program Files\Didactic\fl_sim_h4.en\dida\p2_1_1_13.ct
File Copy: C:\Program Files\Didactic\fl_sim_h4.en\dida\p2_1_1_14.ct
File Copy: C:\Program Files\Didactic\fl_sim_h4.en\dida\p2_1_1_15.ct
File Copy: C:\Program Files\Didactic\fl_sim_h4.en\dida\p2_1_1_16.ct
File Copy: C:\Program Files\Didactic\fl_sim_h4.en\dida\p2_1_1_2.ct
File Copy: C:\Program Files\Didactic\fl_sim_h4.en\dida\p2_1_1_3.ct
File Copy: C:\Program Files\Didactic\fl_sim_h4.en\dida\p2_1_1_4.ct
File Copy: C:\Program Files\Didactic\fl_sim_h4.en\dida\p2_1_1_5.ct
File Copy: C:\Program Files\Didactic\fl_sim_h4.en\dida\p2_1_1_6.ct
File Copy: C:\Program Files\Didactic\fl_sim_h4.en\dida\p2_1_1_7.ct
File Copy: C:\Program Files\Didactic\fl_sim_h4.en\dida\p2_1_1_8.ct
File Copy: C:\Program Files\Didactic\fl_sim_h4.en\dida\p2_1_1_9.ct
File Copy: C:\Program Files\Didactic\fl_sim_h4.en\dida\p2_1_2.ct
File Copy: C:\Program Files\Didactic\fl_sim_h4.en\dida\p2_1_2_1.ct
File Copy: C:\Program Files\Didactic\fl_sim_h4.en\dida\p2_1_2_2.ct
File Copy: C:\Program Files\Didactic\fl_sim_h4.en\dida\p2_1_2_3.ct
File Copy: C:\Program Files\Didactic\fl_sim_h4.en\dida\p2_1_2_4.ct
File Copy: C:\Program Files\Didactic\fl_sim_h4.en\dida\p2_1_2_5.ct
File Copy: C:\Program Files\Didactic\fl_sim_h4.en\dida\p2_1_2_6.ct
File Copy: C:\Program Files\Didactic\fl_sim_h4.en\dida\p2_1_3.ct
File Copy: C:\Program Files\Didactic\fl_sim_h4.en\dida\p2_1_3_1.ct
File Copy: C:\Program Files\Didactic\fl_sim_h4.en\dida\p2_1_3_10.ct
File Copy: C:\Program Files\Didactic\fl_sim_h4.en\dida\p2_1_3_11.ct
File Copy: C:\Program Files\Didactic\fl_sim_h4.en\dida\p2_1_3_2.ct
File Copy: C:\Program Files\Didactic\fl_sim_h4.en\dida\p2_1_3_3.ct
File Copy: C:\Program Files\Didactic\fl_sim_h4.en\dida\p2_1_3_4.ct
File Copy: C:\Program Files\Didactic\fl_sim_h4.en\dida\p2_1_3_5.ct
File Copy: C:\Program Files\Didactic\fl_sim_h4.en\dida\p2_1_3_6.ct
File Copy: C:\Program Files\Didactic\fl_sim_h4.en\dida\p2_1_3_7.ct
File Copy: C:\Program Files\Didactic\fl_sim_h4.en\dida\p2_1_3_8.ct
File Copy: C:\Program Files\Didactic\fl_sim_h4.en\dida\p2_1_3_9.ct
File Copy: C:\Program Files\Didactic\fl_sim_h4.en\dida\p2_1_4.ct
File Copy: C:\Program Files\Didactic\fl_sim_h4.en\dida\p2_1_4_1.ct
File Copy: C:\Program Files\Didactic\fl_sim_h4.en\dida\p2_1_4_2.ct
File Copy: C:\Program Files\Didactic\fl_sim_h4.en\dida\p2_1_4_3.ct
File Copy: C:\Program Files\Didactic\fl_sim_h4.en\dida\p2_1_4_4.ct
File Copy: C:\Program Files\Didactic\fl_sim_h4.en\dida\p2_1_4_5.ct
File Copy: C:\Program Files\Didactic\fl_sim_h4.en\dida\p2_1_4_6.ct
File Copy: C:\Program Files\Didactic\fl_sim_h4.en\dida\p2_1_4_7.ct
File Copy: C:\Program Files\Didactic\fl_sim_h4.en\dida\p2_1_4_8.ct
File Copy: C:\Program Files\Didactic\fl_sim_h4.en\dida\p2_1_5.ct
File Copy: C:\Program Files\Didactic\fl_sim_h4.en\dida\p2_1_5_1.ct
File Copy: C:\Program Files\Didactic\fl_sim_h4.en\dida\p2_1_5_2.ct
File Copy: C:\Program Files\Didactic\fl_sim_h4.en\dida\p2_1_5_3.ct
File Copy: C:\Program Files\Didactic\fl_sim_h4.en\dida\p2_1_5_4.ct
File Copy: C:\Program Files\Didactic\fl_sim_h4.en\dida\p2_1_5_5.ct
File Copy: C:\Program Files\Didactic\fl_sim_h4.en\dida\p2_1_5_6.ct
File Copy: C:\Program Files\Didactic\fl_sim_h4.en\dida\p2_1_5_7.ct
File Copy: C:\Program Files\Didactic\fl_sim_h4.en\dida\p2_1_5_8.ct
File Copy: C:\Program Files\Didactic\fl_sim_h4.en\dida\p2_1_5_9.ct
File Copy: C:\Program Files\Didactic\fl_sim_h4.en\dida\p2_1_6.ct
File Copy: C:\Program Files\Didactic\fl_sim_h4.en\dida\p2_1_6_1.ct
File Copy: C:\Program Files\Didactic\fl_sim_h4.en\dida\p2_1_6_10.ct
File Copy: C:\Program Files\Didactic\fl_sim_h4.en\dida\p2_1_6_11.ct
File Copy: C:\Program Files\Didactic\fl_sim_h4.en\dida\p2_1_6_12.ct
File Copy: C:\Program Files\Didactic\fl_sim_h4.en\dida\p2_1_6_13.ct
File Copy: C:\Program Files\Didactic\fl_sim_h4.en\dida\p2_1_6_2.ct
File Copy: C:\Program Files\Didactic\fl_sim_h4.en\dida\p2_1_6_3.ct
File Copy: C:\Program Files\Didactic\fl_sim_h4.en\dida\p2_1_6_4.ct
File Copy: C:\Program Files\Didactic\fl_sim_h4.en\dida\p2_1_6_5.ct
File Copy: C:\Program Files\Didactic\fl_sim_h4.en\dida\p2_1_6_6.ct
File Copy: C:\Program Files\Didactic\fl_sim_h4.en\dida\p2_1_6_7.ct
File Copy: C:\Program Files\Didactic\fl_sim_h4.en\dida\p2_1_6_8.ct
File Copy: C:\Program Files\Didactic\fl_sim_h4.en\dida\p2_1_6_9.ct
File Copy: C:\Program Files\Didactic\fl_sim_h4.en\dida\p2_1_7.ct
File Copy: C:\Program Files\Didactic\fl_sim_h4.en\dida\p2_1_7_1.ct
File Copy: C:\Program Files\Didactic\fl_sim_h4.en\dida\p2_1_8.ct
File Copy: C:\Program Files\Didactic\fl_sim_h4.en\dida\p2_1_8_1.ct
File Copy: C:\Program Files\Didactic\fl_sim_h4.en\dida\p2_1_8_2.ct
File Copy: C:\Program Files\Didactic\fl_sim_h4.en\dida\p2_1_8_3.ct
File Copy: C:\Program Files\Didactic\fl_sim_h4.en\dida\p2_1_8_4.ct
File Copy: C:\Program Files\Didactic\fl_sim_h4.en\dida\p2_1_8_5.ct
File Copy: C:\Program Files\Didactic\fl_sim_h4.en\dida\p2_1_8_6.ct
File Copy: C:\Program Files\Didactic\fl_sim_h4.en\dida\p2_1_8_7.ct
File Copy: C:\Program Files\Didactic\fl_sim_h4.en\dida\p2_1_8_8.ct
File Copy: C:\Program Files\Didactic\fl_sim_h4.en\dida\p2_1_9.ct
File Copy: C:\Program Files\Didactic\fl_sim_h4.en\dida\p2_1_9_1.ct
File Copy: C:\Program Files\Didactic\fl_sim_h4.en\dida\p2_1_9_2.ct
File Copy: C:\Program Files\Didactic\fl_sim_h4.en\dida\p2_1_9_3.ct
File Copy: C:\Program Files\Didactic\fl_sim_h4.en\dida\p2_1_9_4.ct
File Copy: C:\Program Files\Didactic\fl_sim_h4.en\dida\p2_1_9_5.ct
File Copy: C:\Program Files\Didactic\fl_sim_h4.en\dida\p2_1_9_6.ct
File Copy: C:\Program Files\Didactic\fl_sim_h4.en\dida\p2_2.ct
File Copy: C:\Program Files\Didactic\fl_sim_h4.en\dida\p2_2_1.ct
File Copy: C:\Program Files\Didactic\fl_sim_h4.en\dida\p2_2_10.ct
File Copy: C:\Program Files\Didactic\fl_sim_h4.en\dida\p2_2_10_1.ct
File Copy: C:\Program Files\Didactic\fl_sim_h4.en\dida\p2_2_10_2.ct
File Copy: C:\Program Files\Didactic\fl_sim_h4.en\dida\p2_2_10_3.ct
File Copy: C:\Program Files\Didactic\fl_sim_h4.en\dida\p2_2_10_4.ct
File Copy: C:\Program Files\Didactic\fl_sim_h4.en\dida\p2_2_10_5.ct
File Copy: C:\Program Files\Didactic\fl_sim_h4.en\dida\p2_2_11.ct
File Copy: C:\Program Files\Didactic\fl_sim_h4.en\dida\p2_2_11_1.ct
File Copy: C:\Program Files\Didactic\fl_sim_h4.en\dida\p2_2_11_2.ct
File Copy: C:\Program Files\Didactic\fl_sim_h4.en\dida\p2_2_11_3.ct
File Copy: C:\Program Files\Didactic\fl_sim_h4.en\dida\p2_2_12.ct
File Copy: C:\Program Files\Didactic\fl_sim_h4.en\dida\p2_2_12_1.ct
File Copy: C:\Program Files\Didactic\fl_sim_h4.en\dida\p2_2_12_2.ct
File Copy: C:\Program Files\Didactic\fl_sim_h4.en\dida\p2_2_1_1.ct
File Copy: C:\Program Files\Didactic\fl_sim_h4.en\dida\p2_2_1_2.ct
File Copy: C:\Program Files\Didactic\fl_sim_h4.en\dida\p2_2_1_3.ct
File Copy: C:\Program Files\Didactic\fl_sim_h4.en\dida\p2_2_1_4.ct
File Copy: C:\Program Files\Didactic\fl_sim_h4.en\dida\p2_2_1_5.ct
File Copy: C:\Program Files\Didactic\fl_sim_h4.en\dida\p2_2_1_6.ct
File Copy: C:\Program Files\Didactic\fl_sim_h4.en\dida\p2_2_1_7.ct
File Copy: C:\Program Files\Didactic\fl_sim_h4.en\dida\p2_2_2.ct
File Copy: C:\Program Files\Didactic\fl_sim_h4.en\dida\p2_2_2_1.ct
File Copy: C:\Program Files\Didactic\fl_sim_h4.en\dida\p2_2_2_2.ct
File Copy: C:\Program Files\Didactic\fl_sim_h4.en\dida\p2_2_2_3.ct
File Copy: C:\Program Files\Didactic\fl_sim_h4.en\dida\p2_2_3.ct
File Copy: C:\Program Files\Didactic\fl_sim_h4.en\dida\p2_2_3_1.ct
File Copy: C:\Program Files\Didactic\fl_sim_h4.en\dida\p2_2_3_2.ct
File Copy: C:\Program Files\Didactic\fl_sim_h4.en\dida\p2_2_3_3.ct
File Copy: C:\Program Files\Didactic\fl_sim_h4.en\dida\p2_2_3_4.ct
File Copy: C:\Program Files\Didactic\fl_sim_h4.en\dida\p2_2_3_5.ct
File Copy: C:\Program Files\Didactic\fl_sim_h4.en\dida\p2_2_4.ct
File Copy: C:\Program Files\Didactic\fl_sim_h4.en\dida\p2_2_4_1.ct
File Copy: C:\Program Files\Didactic\fl_sim_h4.en\dida\p2_2_4_2.ct
File Copy: C:\Program Files\Didactic\fl_sim_h4.en\dida\p2_2_4_3.ct
File Copy: C:\Program Files\Didactic\fl_sim_h4.en\dida\p2_2_5.ct
File Copy: C:\Program Files\Didactic\fl_sim_h4.en\dida\p2_2_5_1.ct
File Copy: C:\Program Files\Didactic\fl_sim_h4.en\dida\p2_2_5_2.ct
File Copy: C:\Program Files\Didactic\fl_sim_h4.en\dida\p2_2_5_3.ct
File Copy: C:\Program Files\Didactic\fl_sim_h4.en\dida\p2_2_5_4.ct
File Copy: C:\Program Files\Didactic\fl_sim_h4.en\dida\p2_2_5_5.ct
File Copy: C:\Program Files\Didactic\fl_sim_h4.en\dida\p2_2_5_6.ct
File Copy: C:\Program Files\Didactic\fl_sim_h4.en\dida\p2_2_6.ct
File Copy: C:\Program Files\Didactic\fl_sim_h4.en\dida\p2_2_6_1.ct
File Copy: C:\Program Files\Didactic\fl_sim_h4.en\dida\p2_2_6_2.ct
File Copy: C:\Program Files\Didactic\fl_sim_h4.en\dida\p2_2_6_3.ct
File Copy: C:\Program Files\Didactic\fl_sim_h4.en\dida\p2_2_6_4.ct
File Copy: C:\Program Files\Didactic\fl_sim_h4.en\dida\p2_2_6_5.ct
File Copy: C:\Program Files\Didactic\fl_sim_h4.en\dida\p2_2_6_6.ct
File Copy: C:\Program Files\Didactic\fl_sim_h4.en\dida\p2_2_6_7.ct
File Copy: C:\Program Files\Didactic\fl_sim_h4.en\dida\p2_2_6_8.ct
File Copy: C:\Program Files\Didactic\fl_sim_h4.en\dida\p2_2_6_9.ct
File Copy: C:\Program Files\Didactic\fl_sim_h4.en\dida\p2_2_7.ct
File Copy: C:\Program Files\Didactic\fl_sim_h4.en\dida\p2_2_7_1.ct
File Copy: C:\Program Files\Didactic\fl_sim_h4.en\dida\p2_2_7_2.ct
File Copy: C:\Program Files\Didactic\fl_sim_h4.en\dida\p2_2_7_3.ct
File Copy: C:\Program Files\Didactic\fl_sim_h4.en\dida\p2_2_7_4.ct
File Copy: C:\Program Files\Didactic\fl_sim_h4.en\dida\p2_2_7_5.ct
File Copy: C:\Program Files\Didactic\fl_sim_h4.en\dida\p2_2_7_6.ct
File Copy: C:\Program Files\Didactic\fl_sim_h4.en\dida\p2_2_8.ct
File Copy: C:\Program Files\Didactic\fl_sim_h4.en\dida\p2_2_8_1.ct
File Copy: C:\Program Files\Didactic\fl_sim_h4.en\dida\p2_2_8_2.ct
File Copy: C:\Program Files\Didactic\fl_sim_h4.en\dida\p2_2_8_3.ct
File Copy: C:\Program Files\Didactic\fl_sim_h4.en\dida\p2_2_8_4.ct
File Copy: C:\Program Files\Didactic\fl_sim_h4.en\dida\p2_2_9.ct
File Copy: C:\Program Files\Didactic\fl_sim_h4.en\dida\p2_2_9_1.ct
File Copy: C:\Program Files\Didactic\fl_sim_h4.en\dida\p2_2_9_2.ct
File Copy: C:\Program Files\Didactic\fl_sim_h4.en\dida\p2_2_9_3.ct
File Copy: C:\Program Files\Didactic\fl_sim_h4.en\dida\p2_2_9_4.ct
File Copy: C:\Program Files\Didactic\fl_sim_h4.en\dida\p2_3.ct
File Copy: C:\Program Files\Didactic\fl_sim_h4.en\dida\p2_3_1.ct
File Copy: C:\Program Files\Didactic\fl_sim_h4.en\dida\p2_3_1_1.ct
File Copy: C:\Program Files\Didactic\fl_sim_h4.en\dida\p2_3_1_2.ct
File Copy: C:\Program Files\Didactic\fl_sim_h4.en\dida\p2_3_2.ct
File Copy: C:\Program Files\Didactic\fl_sim_h4.en\dida\p2_3_2_1.ct
File Copy: C:\Program Files\Didactic\fl_sim_h4.en\dida\p2_3_2_2.ct
File Copy: C:\Program Files\Didactic\fl_sim_h4.en\dida\p2_3_3.ct
File Copy: C:\Program Files\Didactic\fl_sim_h4.en\dida\p2_3_3_1.ct
File Copy: C:\Program Files\Didactic\fl_sim_h4.en\dida\p2_3_3_2.ct
File Copy: C:\Program Files\Didactic\fl_sim_h4.en\dida\p2_3_3_3.ct
File Copy: C:\Program Files\Didactic\fl_sim_h4.en\dida\p2_3_3_4.ct
File Copy: C:\Program Files\Didactic\fl_sim_h4.en\dida\p2_3_4.ct
File Copy: C:\Program Files\Didactic\fl_sim_h4.en\dida\p2_3_4_1.ct
File Copy: C:\Program Files\Didactic\fl_sim_h4.en\dida\p2_3_4_2.ct
File Copy: C:\Program Files\Didactic\fl_sim_h4.en\dida\p2_3_5.ct
File Copy: C:\Program Files\Didactic\fl_sim_h4.en\dida\p2_3_5_1.ct
File Copy: C:\Program Files\Didactic\fl_sim_h4.en\dida\p2_3_5_2.ct
File Copy: C:\Program Files\Didactic\fl_sim_h4.en\dida\p2_3_5_3.ct
File Copy: C:\Program Files\Didactic\fl_sim_h4.en\dida\p2_3_6.ct
File Copy: C:\Program Files\Didactic\fl_sim_h4.en\dida\p2_3_6_1.ct
File Copy: C:\Program Files\Didactic\fl_sim_h4.en\dida\p2_3_6_2.ct
File Copy: C:\Program Files\Didactic\fl_sim_h4.en\dida\p2_3_7.ct
File Copy: C:\Program Files\Didactic\fl_sim_h4.en\dida\p2_3_7_1.ct
File Copy: C:\Program Files\Didactic\fl_sim_h4.en\dida\p2_3_7_2.ct
File Copy: C:\Program Files\Didactic\fl_sim_h4.en\dida\p2_3_7_3.ct
File Copy: C:\Program Files\Didactic\fl_sim_h4.en\dida\p2_4.ct
File Copy: C:\Program Files\Didactic\fl_sim_h4.en\dida\p2_4_1.ct
File Copy: C:\Program Files\Didactic\fl_sim_h4.en\dida\p2_4_1_1.ct
File Copy: C:\Program Files\Didactic\fl_sim_h4.en\dida\p2_4_1_2.ct
File Copy: C:\Program Files\Didactic\fl_sim_h4.en\dida\p2_4_1_3.ct
File Copy: C:\Program Files\Didactic\fl_sim_h4.en\dida\p2_4_1_4.ct
File Copy: C:\Program Files\Didactic\fl_sim_h4.en\dida\p2_4_1_5.ct
File Copy: C:\Program Files\Didactic\fl_sim_h4.en\dida\p2_4_1_6.ct
File Copy: C:\Program Files\Didactic\fl_sim_h4.en\dida\p2_4_1_7.ct
File Copy: C:\Program Files\Didactic\fl_sim_h4.en\dida\p2_4_1_8.ct
File Copy: C:\Program Files\Didactic\fl_sim_h4.en\dida\p2_4_2.ct
File Copy: C:\Program Files\Didactic\fl_sim_h4.en\dida\p2_4_2_1.ct
File Copy: C:\Program Files\Didactic\fl_sim_h4.en\dida\p2_4_2_2.ct
File Copy: C:\Program Files\Didactic\fl_sim_h4.en\dida\p2_4_2_3.ct
File Copy: C:\Program Files\Didactic\fl_sim_h4.en\dida\p2_4_2_4.ct
File Copy: C:\Program Files\Didactic\fl_sim_h4.en\dida\p2_4_2_5.ct
File Copy: C:\Program Files\Didactic\fl_sim_h4.en\dida\p2_4_2_6.ct
File Copy: C:\Program Files\Didactic\fl_sim_h4.en\dida\p2_4_2_7.ct
File Copy: C:\Program Files\Didactic\fl_sim_h4.en\dida\p2_4_2_8.ct
File Copy: C:\Program Files\Didactic\fl_sim_h4.en\dida\p2_4_3.ct
File Copy: C:\Program Files\Didactic\fl_sim_h4.en\dida\p2_4_3_1.ct
File Copy: C:\Program Files\Didactic\fl_sim_h4.en\dida\p2_4_3_10.ct
File Copy: C:\Program Files\Didactic\fl_sim_h4.en\dida\p2_4_3_11.ct
File Copy: C:\Program Files\Didactic\fl_sim_h4.en\dida\p2_4_3_12.ct
File Copy: C:\Program Files\Didactic\fl_sim_h4.en\dida\p2_4_3_13.ct
File Copy: C:\Program Files\Didactic\fl_sim_h4.en\dida\p2_4_3_14.ct
File Copy: C:\Program Files\Didactic\fl_sim_h4.en\dida\p2_4_3_2.ct
File Copy: C:\Program Files\Didactic\fl_sim_h4.en\dida\p2_4_3_3.ct
File Copy: C:\Program Files\Didactic\fl_sim_h4.en\dida\p2_4_3_4.ct
File Copy: C:\Program Files\Didactic\fl_sim_h4.en\dida\p2_4_3_5.ct
File Copy: C:\Program Files\Didactic\fl_sim_h4.en\dida\p2_4_3_6.ct
File Copy: C:\Program Files\Didactic\fl_sim_h4.en\dida\p2_4_3_7.ct
File Copy: C:\Program Files\Didactic\fl_sim_h4.en\dida\p2_4_3_8.ct
File Copy: C:\Program Files\Didactic\fl_sim_h4.en\dida\p2_4_3_9.ct
File Copy: C:\Program Files\Didactic\fl_sim_h4.en\dida\p2_5.ct
File Copy: C:\Program Files\Didactic\fl_sim_h4.en\dida\p2_5_1.ct
File Copy: C:\Program Files\Didactic\fl_sim_h4.en\dida\p2_5_1_1.ct
File Copy: C:\Program Files\Didactic\fl_sim_h4.en\dida\p2_5_1_2.ct
File Copy: C:\Program Files\Didactic\fl_sim_h4.en\dida\p2_5_1_3.ct
File Copy: C:\Program Files\Didactic\fl_sim_h4.en\dida\p2_5_1_4.ct
File Copy: C:\Program Files\Didactic\fl_sim_h4.en\dida\p2_5_1_5.ct
File Copy: C:\Program Files\Didactic\fl_sim_h4.en\dida\p2_5_1_6.ct
File Copy: C:\Program Files\Didactic\fl_sim_h4.en\dida\p2_6.ct
File Copy: C:\Program Files\Didactic\fl_sim_h4.en\dida\p2_6_1.ct
File Copy: C:\Program Files\Didactic\fl_sim_h4.en\dida\p2_6_1_1.ct
File Copy: C:\Program Files\Didactic\fl_sim_h4.en\dida\p2_6_1_10.ct
File Copy: C:\Program Files\Didactic\fl_sim_h4.en\dida\p2_6_1_11.ct
File Copy: C:\Program Files\Didactic\fl_sim_h4.en\dida\p2_6_1_12.ct
File Copy: C:\Program Files\Didactic\fl_sim_h4.en\dida\p2_6_1_13.ct
File Copy: C:\Program Files\Didactic\fl_sim_h4.en\dida\p2_6_1_14.ct
File Copy: C:\Program Files\Didactic\fl_sim_h4.en\dida\p2_6_1_15.ct
File Copy: C:\Program Files\Didactic\fl_sim_h4.en\dida\p2_6_1_16.ct
File Copy: C:\Program Files\Didactic\fl_sim_h4.en\dida\p2_6_1_17.ct
File Copy: C:\Program Files\Didactic\fl_sim_h4.en\dida\p2_6_1_2.ct
File Copy: C:\Program Files\Didactic\fl_sim_h4.en\dida\p2_6_1_3.ct
File Copy: C:\Program Files\Didactic\fl_sim_h4.en\dida\p2_6_1_4.ct
File Copy: C:\Program Files\Didactic\fl_sim_h4.en\dida\p2_6_1_5.ct
File Copy: C:\Program Files\Didactic\fl_sim_h4.en\dida\p2_6_1_6.ct
File Copy: C:\Program Files\Didactic\fl_sim_h4.en\dida\p2_6_1_7.ct
File Copy: C:\Program Files\Didactic\fl_sim_h4.en\dida\p2_6_1_8.ct
File Copy: C:\Program Files\Didactic\fl_sim_h4.en\dida\p2_6_1_9.ct
File Copy: C:\Program Files\Didactic\fl_sim_h4.en\dida\p3_1_3_1.ct
File Copy: C:\Program Files\Didactic\fl_sim_h4.en\dida\p3_1_3_10.ct
File Copy: C:\Program Files\Didactic\fl_sim_h4.en\dida\p3_1_3_11.ct
File Copy: C:\Program Files\Didactic\fl_sim_h4.en\dida\p3_1_3_12.ct
File Copy: C:\Program Files\Didactic\fl_sim_h4.en\dida\p3_1_3_13.ct
File Copy: C:\Program Files\Didactic\fl_sim_h4.en\dida\p3_1_3_14.ct
File Copy: C:\Program Files\Didactic\fl_sim_h4.en\dida\p3_1_3_15.ct
File Copy: C:\Program Files\Didactic\fl_sim_h4.en\dida\p3_1_3_2.ct
File Copy: C:\Program Files\Didactic\fl_sim_h4.en\dida\p3_1_3_3.ct
File Copy: C:\Program Files\Didactic\fl_sim_h4.en\dida\p3_1_3_4.ct
File Copy: C:\Program Files\Didactic\fl_sim_h4.en\dida\p3_1_3_5.ct
File Copy: C:\Program Files\Didactic\fl_sim_h4.en\dida\p3_1_3_6.ct
File Copy: C:\Program Files\Didactic\fl_sim_h4.en\dida\p3_1_3_7.ct
File Copy: C:\Program Files\Didactic\fl_sim_h4.en\dida\p3_1_3_8.ct
File Copy: C:\Program Files\Didactic\fl_sim_h4.en\dida\p3_1_3_9.ct
File Copy: C:\Program Files\Didactic\fl_sim_h4.en\dida\index.txt
File Copy: C:\Program Files\Didactic\fl_sim_h4.en\dida\search_list.txt
File Copy: C:\Program Files\Didactic\fl_sim_h4.en\dida\spell.txt
File Copy: C:\Program Files\Didactic\fl_sim_h4.en\dida\tv.ind
INI File: C:\WINDOWS\FESTO.INI
INI Sect: FL_SIM_H4_GB
INI Item: UPDATE_VERSION
INI Val: 4.2p
INI File: C:\WINDOWS\FESTO.INI
INI Sect: FL_SIM_H4_GB
INI Item: Version
INI Val: FluidSIM Hydraulics 4.2p
Shell Link: C:\Documents and Settings\All Users\Start Menu\Programs\Festo Didactic\FluidSIM Hydraulics Help.lnk
User Rights: Admin
